[1/575] Building C object 3rdparty/zlib/CMakeFiles/zlib.dir/adler32.c.o
[2/575] Building C object 3rdparty/zlib/CMakeFiles/zlib.dir/crc32.c.o
[3/575] Building C object 3rdparty/zlib/CMakeFiles/zlib.dir/gzread.c.o
[4/575] Building C object 3rdparty/zlib/CMakeFiles/zlib.dir/gzwrite.c.o
[5/575] Building C object 3rdparty/zlib/CMakeFiles/zlib.dir/gzlib.c.o
[6/575] Building C object 3rdparty/zlib/CMakeFiles/zlib.dir/inftrees.c.o
[7/575] Building C object 3rdparty/zlib/CMakeFiles/zlib.dir/inffast.c.o
[8/575] Building C object 3rdparty/zlib/CMakeFiles/zlib.dir/compress.c.o
[9/575] Building C object 3rdparty/zlib/CMakeFiles/zlib.dir/gzclose.c.o
[10/575] Building C object 3rdparty/zlib/CMakeFiles/zlib.dir/deflate.c.o
[11/575] Building C object 3rdparty/zlib/CMakeFiles/zlib.dir/infback.c.o
[12/575] Building C object 3rdparty/zlib/CMakeFiles/zlib.dir/uncompr.c.o
[13/575] Building C object 3rdparty/zlib/CMakeFiles/zlib.dir/zutil.c.o
[14/575] Building C object 3rdparty/zlib/CMakeFiles/zlib.dir/trees.c.o
[15/575] Building C object 3rdparty/libjpeg-turbo/CMakeFiles/jpeg12-static.dir/src/jclossls.c.o
[16/575] Building C object 3rdparty/libjpeg-turbo/CMakeFiles/jpeg12-static.dir/src/jcapistd.c.o
[17/575] Building C object 3rdparty/libjpeg-turbo/CMakeFiles/jpeg12-static.dir/src/jcdiffct.c.o
[18/575] Building C object 3rdparty/zlib/CMakeFiles/zlib.dir/inflate.c.o
[19/575] Building C object 3rdparty/libjpeg-turbo/CMakeFiles/jpeg12-static.dir/src/jcmainct.c.o
[20/575] Building C object 3rdparty/libjpeg-turbo/CMakeFiles/jpeg12-static.dir/src/jcprepct.c.o
[21/575] Building C object 3rdparty/libjpeg-turbo/CMakeFiles/jpeg12-static.dir/src/jccolor.c.o
[22/575] Building C object 3rdparty/libjpeg-turbo/CMakeFiles/jpeg12-static.dir/src/jddiffct.c.o
[23/575] Building C object 3rdparty/libjpeg-turbo/CMakeFiles/jpeg12-static.dir/src/jdapistd.c.o
[24/575] Building C object 3rdparty/libjpeg-turbo/CMakeFiles/jpeg12-static.dir/src/jdlossls.c.o
[25/575] Building C object 3rdparty/libjpeg-turbo/CMakeFiles/jpeg12-static.dir/src/jdpostct.c.o
[26/575] Building C object 3rdparty/libjpeg-turbo/CMakeFiles/jpeg12-static.dir/src/jdmainct.c.o
[27/575] Building C object 3rdparty/libjpeg-turbo/CMakeFiles/jpeg12-static.dir/src/jcsample.c.o
[28/575] Building C object 3rdparty/libjpeg-turbo/CMakeFiles/jpeg12-static.dir/src/jutils.c.o
[29/575] Building C object 3rdparty/libjpeg-turbo/CMakeFiles/jpeg12-static.dir/src/jccoefct.c.o
[30/575] Building C object 3rdparty/libjpeg-turbo/CMakeFiles/jpeg12-static.dir/src/jdcolor.c.o
[31/575] Building C object 3rdparty/libjpeg-turbo/CMakeFiles/jpeg12-static.dir/src/jdsample.c.o
[32/575] Building C object 3rdparty/libjpeg-turbo/CMakeFiles/jpeg12-static.dir/src/jddctmgr.c.o
[33/575] Building C object 3rdparty/libjpeg-turbo/CMakeFiles/jpeg12-static.dir/src/jfdctfst.c.o
[34/575] Building C object 3rdparty/libjpeg-turbo/CMakeFiles/jpeg12-static.dir/src/jcdctmgr.c.o
[35/575] Building C object 3rdparty/libjpeg-turbo/CMakeFiles/jpeg12-static.dir/src/jdcoefct.c.o
[36/575] Building C object 3rdparty/libjpeg-turbo/CMakeFiles/jpeg12-static.dir/src/jidctflt.c.o
[37/575] Building C object 3rdparty/libjpeg-turbo/CMakeFiles/jpeg12-static.dir/src/jfdctint.c.o
[38/575] Building C object 3rdparty/libjpeg-turbo/CMakeFiles/jpeg12-static.dir/src/jidctfst.c.o
[39/575] Building C object 3rdparty/libjpeg-turbo/CMakeFiles/jpeg12-static.dir/src/jidctred.c.o
[40/575] Building C object 3rdparty/libjpeg-turbo/CMakeFiles/jpeg16-static.dir/src/jcapistd.c.o
[41/575] Building C object 3rdparty/libjpeg-turbo/CMakeFiles/jpeg12-static.dir/src/jdmerge.c.o
[42/575] Building C object 3rdparty/libjpeg-turbo/CMakeFiles/jpeg16-static.dir/src/jclossls.c.o
[43/575] Building C object 3rdparty/libjpeg-turbo/CMakeFiles/jpeg12-static.dir/src/jquant1.c.o
[44/575] Building C object 3rdparty/libjpeg-turbo/CMakeFiles/jpeg16-static.dir/src/jcmainct.c.o
[45/575] Building C object 3rdparty/libjpeg-turbo/CMakeFiles/jpeg16-static.dir/src/jcdiffct.c.o
[46/575] Building C object 3rdparty/libjpeg-turbo/CMakeFiles/jpeg16-static.dir/src/jdapistd.c.o
[47/575] Building C object 3rdparty/libjpeg-turbo/CMakeFiles/jpeg16-static.dir/src/jccolor.c.o
[48/575] Building C object 3rdparty/libjpeg-turbo/CMakeFiles/jpeg12-static.dir/src/jidctint.c.o
[49/575] Building C object 3rdparty/libjpeg-turbo/CMakeFiles/jpeg16-static.dir/src/jcprepct.c.o
[50/575] Building C object 3rdparty/libjpeg-turbo/CMakeFiles/jpeg12-static.dir/src/jquant2.c.o
[51/575] Building C object 3rdparty/libjpeg-turbo/CMakeFiles/jpeg16-static.dir/src/jcsample.c.o
[52/575] Building C object 3rdparty/libjpeg-turbo/CMakeFiles/jpeg16-static.dir/src/jdlossls.c.o
[53/575] Building C object 3rdparty/libjpeg-turbo/CMakeFiles/jpeg16-static.dir/src/jddiffct.c.o
[54/575] Building C object 3rdparty/libjpeg-turbo/CMakeFiles/jpeg16-static.dir/src/jdmainct.c.o
[55/575] Building C object 3rdparty/libjpeg-turbo/CMakeFiles/jpeg16-static.dir/src/jdpostct.c.o
[56/575] Building C object 3rdparty/libjpeg-turbo/CMakeFiles/jpeg16-static.dir/src/jutils.c.o
[57/575] Building C object 3rdparty/libjpeg-turbo/CMakeFiles/libjpeg-turbo.dir/src/jcapistd.c.o
[58/575] Building C object 3rdparty/libjpeg-turbo/CMakeFiles/jpeg16-static.dir/src/jdcolor.c.o
[59/575] Building C object 3rdparty/libjpeg-turbo/CMakeFiles/libjpeg-turbo.dir/src/jcdiffct.c.o
[60/575] Building C object 3rdparty/libjpeg-turbo/CMakeFiles/jpeg16-static.dir/src/jdsample.c.o
[61/575] Building C object 3rdparty/libjpeg-turbo/CMakeFiles/libjpeg-turbo.dir/src/jcmainct.c.o
[62/575] Building C object 3rdparty/libjpeg-turbo/CMakeFiles/libjpeg-turbo.dir/src/jclossls.c.o
[63/575] Building C object 3rdparty/libjpeg-turbo/CMakeFiles/libjpeg-turbo.dir/src/jcprepct.c.o
[64/575] Building C object 3rdparty/libjpeg-turbo/CMakeFiles/libjpeg-turbo.dir/src/jcsample.c.o
[65/575] Building C object 3rdparty/libjpeg-turbo/CMakeFiles/libjpeg-turbo.dir/src/jccolor.c.o
[66/575] Building C object 3rdparty/libjpeg-turbo/CMakeFiles/libjpeg-turbo.dir/src/jddiffct.c.o
[67/575] Building C object 3rdparty/libjpeg-turbo/CMakeFiles/libjpeg-turbo.dir/src/jdapistd.c.o
[68/575] Building C object 3rdparty/libjpeg-turbo/CMakeFiles/libjpeg-turbo.dir/src/jdlossls.c.o
[69/575] Building C object 3rdparty/libjpeg-turbo/CMakeFiles/libjpeg-turbo.dir/src/jdmainct.c.o
[70/575] Building C object 3rdparty/libjpeg-turbo/CMakeFiles/libjpeg-turbo.dir/src/jdpostct.c.o
[71/575] Building C object 3rdparty/libjpeg-turbo/CMakeFiles/libjpeg-turbo.dir/src/jutils.c.o
[72/575] Building C object 3rdparty/libjpeg-turbo/CMakeFiles/libjpeg-turbo.dir/src/jdsample.c.o
[73/575] Building C object 3rdparty/libjpeg-turbo/CMakeFiles/libjpeg-turbo.dir/src/jccoefct.c.o
[74/575] Building C object 3rdparty/libjpeg-turbo/CMakeFiles/libjpeg-turbo.dir/src/jdcolor.c.o
[75/575] Building C object 3rdparty/libjpeg-turbo/CMakeFiles/libjpeg-turbo.dir/src/jcdctmgr.c.o
[76/575] Building C object 3rdparty/libjpeg-turbo/CMakeFiles/libjpeg-turbo.dir/src/jddctmgr.c.o
[77/575] Building C object 3rdparty/libjpeg-turbo/CMakeFiles/libjpeg-turbo.dir/src/jfdctfst.c.o
[78/575] Building C object 3rdparty/libjpeg-turbo/CMakeFiles/libjpeg-turbo.dir/src/jdcoefct.c.o
[79/575] Building C object 3rdparty/libjpeg-turbo/CMakeFiles/libjpeg-turbo.dir/src/jfdctint.c.o
[80/575] Building C object 3rdparty/libjpeg-turbo/CMakeFiles/libjpeg-turbo.dir/src/jidctfst.c.o
[81/575] Building C object 3rdparty/libjpeg-turbo/CMakeFiles/libjpeg-turbo.dir/src/jdmerge.c.o
[82/575] Building C object 3rdparty/libjpeg-turbo/CMakeFiles/libjpeg-turbo.dir/src/jidctflt.c.o
[83/575] Building C object 3rdparty/libjpeg-turbo/CMakeFiles/libjpeg-turbo.dir/src/jidctred.c.o
[84/575] Building C object 3rdparty/libjpeg-turbo/CMakeFiles/libjpeg-turbo.dir/src/jquant1.c.o
[85/575] Building C object 3rdparty/libjpeg-turbo/CMakeFiles/libjpeg-turbo.dir/src/jcicc.c.o
[86/575] Building C object 3rdparty/libjpeg-turbo/CMakeFiles/libjpeg-turbo.dir/src/jcinit.c.o
[87/575] Building C object 3rdparty/libjpeg-turbo/CMakeFiles/libjpeg-turbo.dir/src/jquant2.c.o
[88/575] Building C object 3rdparty/libjpeg-turbo/CMakeFiles/libjpeg-turbo.dir/src/jclhuff.c.o
[89/575] Building C object 3rdparty/libjpeg-turbo/CMakeFiles/libjpeg-turbo.dir/src/jcapimin.c.o
[90/575] Building C object 3rdparty/libjpeg-turbo/CMakeFiles/libjpeg-turbo.dir/src/jidctint.c.o
[91/575] Building C object 3rdparty/libjpeg-turbo/CMakeFiles/libjpeg-turbo.dir/src/jcomapi.c.o
[92/575] Building C object 3rdparty/libjpeg-turbo/CMakeFiles/libjpeg-turbo.dir/src/jcmarker.c.o
[93/575] Building C object 3rdparty/libjpeg-turbo/CMakeFiles/libjpeg-turbo.dir/src/jcmaster.c.o
[94/575] Building C object 3rdparty/libjpeg-turbo/CMakeFiles/libjpeg-turbo.dir/src/jdapimin.c.o
[95/575] Building C object 3rdparty/libjpeg-turbo/CMakeFiles/libjpeg-turbo.dir/src/jctrans.c.o
[96/575] Building C object 3rdparty/libjpeg-turbo/CMakeFiles/libjpeg-turbo.dir/src/jdatadst.c.o
[97/575] Building C object 3rdparty/libjpeg-turbo/CMakeFiles/libjpeg-turbo.dir/src/jcphuff.c.o
[98/575] Building C object 3rdparty/libjpeg-turbo/CMakeFiles/libjpeg-turbo.dir/src/jdatasrc.c.o
[99/575] Building C object 3rdparty/libjpeg-turbo/CMakeFiles/libjpeg-turbo.dir/src/jcparam.c.o
[100/575] Building C object 3rdparty/libjpeg-turbo/CMakeFiles/libjpeg-turbo.dir/src/jdicc.c.o
[101/575] Building C object 3rdparty/libjpeg-turbo/CMakeFiles/libjpeg-turbo.dir/src/jdinput.c.o
[102/575] Building C object 3rdparty/libjpeg-turbo/CMakeFiles/libjpeg-turbo.dir/src/jdlhuff.c.o
[103/575] Building C object 3rdparty/libjpeg-turbo/CMakeFiles/libjpeg-turbo.dir/src/jdtrans.c.o
[104/575] Building C object 3rdparty/libjpeg-turbo/CMakeFiles/libjpeg-turbo.dir/src/jdhuff.c.o
[105/575] Building C object 3rdparty/libjpeg-turbo/CMakeFiles/libjpeg-turbo.dir/src/jerror.c.o
[106/575] Building C object 3rdparty/libjpeg-turbo/CMakeFiles/libjpeg-turbo.dir/src/jdmaster.c.o
[107/575] Building C object 3rdparty/libjpeg-turbo/CMakeFiles/libjpeg-turbo.dir/src/jdphuff.c.o
[108/575] Building C object 3rdparty/libjpeg-turbo/CMakeFiles/libjpeg-turbo.dir/src/jfdctflt.c.o
[109/575] Building C object 3rdparty/libjpeg-turbo/CMakeFiles/libjpeg-turbo.dir/src/jdmarker.c.o
[110/575] Building C object 3rdparty/libjpeg-turbo/CMakeFiles/libjpeg-turbo.dir/src/jpeg_nbits.c.o
[111/575] Building C object 3rdparty/libjpeg-turbo/CMakeFiles/libjpeg-turbo.dir/src/jmemnobs.c.o
[112/575] Building C object 3rdparty/libjpeg-turbo/CMakeFiles/libjpeg-turbo.dir/src/jmemmgr.c.o
[113/575] Building C object 3rdparty/libjpeg-turbo/CMakeFiles/libjpeg-turbo.dir/src/jaricom.c.o
[114/575] Building C object 3rdparty/libjpeg-turbo/CMakeFiles/libjpeg-turbo.dir/src/jcarith.c.o
[115/575] Building C object 3rdparty/libjpeg-turbo/CMakeFiles/libjpeg-turbo.dir/src/jdarith.c.o
[116/575] Building C object 3rdparty/libjpeg-turbo/src/simd/CMakeFiles/simd.dir/arm/jcsample-neon.c.o
[117/575] Building C object 3rdparty/libjpeg-turbo/src/simd/CMakeFiles/simd.dir/arm/jcgray-neon.c.o
[118/575] Building C object 3rdparty/libjpeg-turbo/src/simd/CMakeFiles/simd.dir/arm/jcphuff-neon.c.o
[119/575] Building C object 3rdparty/libjpeg-turbo/src/simd/CMakeFiles/simd.dir/arm/jdsample-neon.c.o
[120/575] Building C object 3rdparty/libjpeg-turbo/src/simd/CMakeFiles/simd.dir/arm/jidctred-neon.c.o
[121/575] Building C object 3rdparty/libjpeg-turbo/src/simd/CMakeFiles/simd.dir/arm/jfdctfst-neon.c.o
[122/575] Building C object 3rdparty/libjpeg-turbo/src/simd/CMakeFiles/simd.dir/arm/jquanti-neon.c.o
[123/575] Building C object 3rdparty/libjpeg-turbo/src/simd/CMakeFiles/simd.dir/arm/jdmerge-neon.c.o
[124/575] Building C object 3rdparty/libjpeg-turbo/src/simd/CMakeFiles/simd.dir/arm/jidctint-neon.c.o
[125/575] Building C object 3rdparty/libjpeg-turbo/src/simd/CMakeFiles/simd.dir/arm/jidctfst-neon.c.o
[126/575] Building C object 3rdparty/libjpeg-turbo/src/simd/CMakeFiles/simd.dir/arm/aarch64/jsimd.c.o
[127/575] Building C object 3rdparty/libjpeg-turbo/src/simd/CMakeFiles/simd.dir/arm/aarch64/jchuff-neon.c.o
[128/575] Building C object 3rdparty/libjpeg-turbo/src/simd/CMakeFiles/simd.dir/arm/jccolor-neon.c.o
[129/575] Building C object 3rdparty/libwebp/CMakeFiles/libwebp.dir/sharpyuv/sharpyuv_csp.c.o
[130/575] Building C object 3rdparty/libjpeg-turbo/CMakeFiles/libjpeg-turbo.dir/src/jchuff.c.o
[131/575] Building C object 3rdparty/libjpeg-turbo/src/simd/CMakeFiles/simd.dir/arm/jfdctint-neon.c.o
[132/575] Building C object 3rdparty/libwebp/CMakeFiles/libwebp.dir/sharpyuv/sharpyuv_cpu.c.o
[133/575] Building C object 3rdparty/libjpeg-turbo/src/simd/CMakeFiles/simd.dir/arm/jdcolor-neon.c.o
[134/575] Building C object 3rdparty/libwebp/CMakeFiles/libwebp.dir/sharpyuv/sharpyuv_dsp.c.o
[135/575] Building C object 3rdparty/libwebp/CMakeFiles/libwebp.dir/sharpyuv/sharpyuv_gamma.c.o
[136/575] Building C object 3rdparty/libwebp/CMakeFiles/libwebp.dir/sharpyuv/sharpyuv_sse2.c.o
[137/575] Linking C static library 3rdparty/lib/libzlib.a
[138/575] Building C object 3rdparty/libwebp/CMakeFiles/libwebp.dir/sharpyuv/sharpyuv.c.o
[139/575] Building C object 3rdparty/libwebp/CMakeFiles/libwebp.dir/src/dec/alpha_dec.c.o
[140/575] Building C object 3rdparty/libwebp/CMakeFiles/libwebp.dir/sharpyuv/sharpyuv_neon.c.o
[141/575] Building C object 3rdparty/libwebp/CMakeFiles/libwebp.dir/src/dec/buffer_dec.c.o
[142/575] Building C object 3rdparty/libwebp/CMakeFiles/libwebp.dir/src/dec/quant_dec.c.o
[143/575] Building C object 3rdparty/libwebp/CMakeFiles/libwebp.dir/src/dec/tree_dec.c.o
[144/575] Building C object 3rdparty/libwebp/CMakeFiles/libwebp.dir/src/dec/frame_dec.c.o
[145/575] Building C object 3rdparty/libwebp/CMakeFiles/libwebp.dir/src/dec/io_dec.c.o
[146/575] Processing OpenCL kernels (core)
[147/575] Building C object 3rdparty/libwebp/CMakeFiles/libwebp.dir/src/dec/idec_dec.c.o
[148/575] Building C object 3rdparty/libwebp/CMakeFiles/libwebp.dir/src/demux/anim_decode.c.o
[149/575] Building C object 3rdparty/libwebp/CMakeFiles/libwebp.dir/src/dsp/alpha_processing_mips_dsp_r2.c.o
[150/575] Building C object 3rdparty/libwebp/CMakeFiles/libwebp.dir/src/dsp/alpha_processing_sse2.c.o
[151/575] Building C object 3rdparty/libwebp/CMakeFiles/libwebp.dir/src/dec/vp8_dec.c.o
[152/575] Building C object 3rdparty/libwebp/CMakeFiles/libwebp.dir/src/demux/demux.c.o
[153/575] Building C object 3rdparty/libwebp/CMakeFiles/libwebp.dir/src/dec/webp_dec.c.o
[154/575] Building C object 3rdparty/libwebp/CMakeFiles/libwebp.dir/src/dsp/alpha_processing_sse41.c.o
[155/575] Building C object 3rdparty/libwebp/CMakeFiles/libwebp.dir/src/dsp/alpha_processing.c.o
[156/575] Building C object 3rdparty/libwebp/CMakeFiles/libwebp.dir/src/dec/vp8l_dec.c.o
[157/575] Building C object 3rdparty/libwebp/CMakeFiles/libwebp.dir/src/dsp/alpha_processing_neon.c.o
[158/575] Building CXX object modules/core/CMakeFiles/opencv_core.dir/src/buffer_area.cpp.o
[159/575] Building CXX object modules/core/CMakeFiles/opencv_core.dir/src/algorithm.cpp.o
[160/575] Building CXX object modules/core/CMakeFiles/opencv_core.dir/src/alloc.cpp.o
[161/575] Building CXX object modules/core/CMakeFiles/opencv_core.dir/src/channels.cpp.o
[162/575] Building CXX object modules/core/CMakeFiles/opencv_core.dir/src/check.cpp.o
[163/575] Building CXX object modules/core/CMakeFiles/opencv_core.dir/src/bindings_utils.cpp.o
[164/575] Building CXX object modules/core/CMakeFiles/opencv_core.dir/src/batch_distance.cpp.o
[165/575] Building CXX object modules/core/CMakeFiles/opencv_core.dir/src/async.cpp.o
[166/575] Building CXX object modules/core/CMakeFiles/opencv_core.dir/src/array.cpp.o
[167/575] Building CXX object modules/core/CMakeFiles/opencv_core.dir/src/arithm.cpp.o
[168/575] Building CXX object modules/core/CMakeFiles/opencv_core.dir/src/command_line_parser.cpp.o
[169/575] Building CXX object modules/core/CMakeFiles/opencv_core.dir/src/cuda_info.cpp.o
[170/575] Building CXX object modules/core/CMakeFiles/opencv_core.dir/src/cuda_host_mem.cpp.o
[171/575] Building CXX object modules/core/CMakeFiles/opencv_core.dir/src/convert_c.cpp.o
[172/575] Building CXX object modules/core/CMakeFiles/opencv_core.dir/src/cuda_gpu_mat.cpp.o
[173/575] Building CXX object modules/core/CMakeFiles/opencv_core.dir/src/conjugate_gradient.cpp.o
[174/575] Building CXX object modules/core/CMakeFiles/opencv_core.dir/src/cuda_gpu_mat_nd.cpp.o
[175/575] Building CXX object modules/core/CMakeFiles/opencv_core.dir/src/count_non_zero.dispatch.cpp.o
[176/575] Building CXX object modules/core/CMakeFiles/opencv_core.dir/src/copy.cpp.o
[177/575] Building CXX object modules/core/CMakeFiles/opencv_core.dir/src/convert.dispatch.cpp.o
[178/575] Building CXX object modules/core/CMakeFiles/opencv_core.dir/src/convert_scale.dispatch.cpp.o
[179/575] Building CXX object modules/core/CMakeFiles/opencv_core.dir/src/cuda_stream.cpp.o
[180/575] Building CXX object modules/core/CMakeFiles/opencv_core.dir/src/hal_internal.cpp.o
[181/575] Building CXX object modules/core/CMakeFiles/opencv_core.dir/src/directx.cpp.o
[182/575] Building CXX object modules/core/CMakeFiles/opencv_core.dir/src/gl_core_3_1.cpp.o
[183/575] Building CXX object modules/core/CMakeFiles/opencv_core.dir/src/downhill_simplex.cpp.o
[184/575] Building CXX object modules/core/CMakeFiles/opencv_core.dir/src/glob.cpp.o
[185/575] Building CXX object modules/core/CMakeFiles/opencv_core.dir/src/datastructs.cpp.o
[186/575] Building CXX object modules/core/CMakeFiles/opencv_core.dir/src/arithm.dispatch.cpp.o
[187/575] Building CXX object modules/core/CMakeFiles/opencv_core.dir/src/has_non_zero.dispatch.cpp.o
[188/575] Building CXX object modules/core/CMakeFiles/opencv_core.dir/src/kmeans.cpp.o
[189/575] Building CXX object modules/core/CMakeFiles/opencv_core.dir/src/dxt.cpp.o
[190/575] Building CXX object modules/core/CMakeFiles/opencv_core.dir/src/lut.cpp.o
[191/575] Building CXX object modules/core/CMakeFiles/opencv_core.dir/src/logger.cpp.o
[192/575] Building CXX object modules/core/CMakeFiles/opencv_core.dir/src/lpsolver.cpp.o
[193/575] Building CXX object modules/core/CMakeFiles/opencv_core.dir/src/lapack.cpp.o
[194/575] Building CXX object modules/core/CMakeFiles/opencv_core.dir/src/mathfuncs.cpp.o
[195/575] Building CXX object modules/core/CMakeFiles/opencv_core.dir/src/lda.cpp.o
[196/575] Building CXX object modules/core/CMakeFiles/opencv_core.dir/src/mathfuncs_core.dispatch.cpp.o
[197/575] Building CXX object modules/core/CMakeFiles/opencv_core.dir/src/matrix_c.cpp.o
[198/575] Building CXX object modules/core/CMakeFiles/opencv_core.dir/src/matrix_iterator.cpp.o
[199/575] Building CXX object modules/core/CMakeFiles/opencv_core.dir/src/matrix.cpp.o
[200/575] Building CXX object modules/core/CMakeFiles/opencv_core.dir/src/matrix_decomp.cpp.o
[201/575] Building CXX object modules/core/CMakeFiles/opencv_core.dir/src/matrix_expressions.cpp.o
[202/575] Building CXX object modules/core/CMakeFiles/opencv_core.dir/src/matrix_sparse.cpp.o
[203/575] Building CXX object modules/core/CMakeFiles/opencv_core.dir/src/mean.dispatch.cpp.o
[204/575] Building CXX object modules/core/CMakeFiles/opencv_core.dir/src/matrix_transform.cpp.o
[205/575] Building CXX object modules/core/CMakeFiles/opencv_core.dir/src/merge.dispatch.cpp.o
[206/575] Building CXX object modules/core/CMakeFiles/opencv_core.dir/src/matrix_wrap.cpp.o
[207/575] Building CXX object modules/core/CMakeFiles/opencv_core.dir/src/ocl.cpp.o
[208/575] Building CXX object modules/core/CMakeFiles/opencv_core.dir/src/minmax.cpp.o
[209/575] Building CXX object modules/core/CMakeFiles/opencv_core.dir/src/opencl/runtime/opencl_clblas.cpp.o
[210/575] Building CXX object modules/core/CMakeFiles/opencv_core.dir/src/opencl/runtime/opencl_clfft.cpp.o
[211/575] Building CXX object modules/core/CMakeFiles/opencv_core.dir/src/norm.cpp.o
[212/575] Building CXX object modules/core/CMakeFiles/opencv_core.dir/src/matmul.dispatch.cpp.o
[213/575] Building CXX object modules/core/CMakeFiles/opencv_core.dir/src/opencl/runtime/opencl_core.cpp.o
[214/575] Building CXX object modules/core/CMakeFiles/opencv_core.dir/src/opengl.cpp.o
[215/575] Building CXX object modules/core/CMakeFiles/opencv_core.dir/src/matrix_operations.cpp.o
[216/575] Building CXX object modules/core/CMakeFiles/opencv_core.dir/src/ovx.cpp.o
[217/575] Building CXX object modules/core/CMakeFiles/opencv_core.dir/src/out.cpp.o
[218/575] Building CXX object modules/core/CMakeFiles/opencv_core.dir/src/parallel.cpp.o
[219/575] Building CXX object modules/core/CMakeFiles/opencv_core.dir/src/parallel/parallel_tbb.cpp.o
[220/575] Building CXX object modules/core/CMakeFiles/opencv_core.dir/src/parallel/parallel_openmp.cpp.o
[221/575] Building CXX object modules/core/CMakeFiles/opencv_core.dir/src/parallel/parallel.cpp.o
[222/575] Building CXX object modules/core/CMakeFiles/opencv_core.dir/src/parallel_impl.cpp.o
[223/575] Building CXX object modules/core/CMakeFiles/opencv_core.dir/src/pca.cpp.o
[224/575] Building CXX object modules/core/CMakeFiles/opencv_core.dir/src/persistence_base64_encoding.cpp.o
[225/575] Building CXX object modules/core/CMakeFiles/opencv_core.dir/src/persistence_json.cpp.o
[226/575] Building CXX object modules/core/CMakeFiles/opencv_core.dir/src/persistence_xml.cpp.o
[227/575] Building CXX object modules/core/CMakeFiles/opencv_core.dir/src/persistence_types.cpp.o
[228/575] Building CXX object modules/core/CMakeFiles/opencv_core.dir/src/persistence_yml.cpp.o
[229/575] Building CXX object modules/core/CMakeFiles/opencv_core.dir/src/split.dispatch.cpp.o
[230/575] Building CXX object modules/core/CMakeFiles/opencv_core.dir/src/persistence.cpp.o
[231/575] Building CXX object modules/core/CMakeFiles/opencv_core.dir/src/rand.cpp.o
[232/575] Building CXX object modules/core/CMakeFiles/opencv_core.dir/src/stat_c.cpp.o
[233/575] Building CXX object modules/core/CMakeFiles/opencv_core.dir/src/softfloat.cpp.o
[234/575] Building CXX object modules/core/CMakeFiles/opencv_core.dir/src/stat.dispatch.cpp.o
[235/575] Building CXX object modules/core/CMakeFiles/opencv_core.dir/src/stl.cpp.o
[236/575] Building CXX object modules/core/CMakeFiles/opencv_core.dir/src/tables.cpp.o
[237/575] Building CXX object modules/core/CMakeFiles/opencv_core.dir/src/sum.dispatch.cpp.o
[238/575] Building CXX object modules/core/CMakeFiles/opencv_core.dir/src/trace.cpp.o
[239/575] Building CXX object modules/core/CMakeFiles/opencv_core.dir/src/types.cpp.o
[240/575] Building CXX object modules/core/CMakeFiles/opencv_core.dir/src/utils/samples.cpp.o
[241/575] Building CXX object modules/core/CMakeFiles/opencv_core.dir/src/utils/logtagconfigparser.cpp.o
[242/575] Building CXX object modules/core/CMakeFiles/opencv_core.dir/src/utils/filesystem.cpp.o
[243/575] Building CXX object modules/core/CMakeFiles/opencv_core.dir/src/umatrix.cpp.o
[244/575] Building CXX object modules/core/CMakeFiles/opencv_core.dir/src/system.cpp.o
[245/575] Building C object 3rdparty/libwebp/CMakeFiles/libwebp.dir/src/dsp/cost_mips_dsp_r2.c.o
[246/575] Building C object 3rdparty/libwebp/CMakeFiles/libwebp.dir/src/dsp/cost.c.o
[247/575] Building C object 3rdparty/libwebp/CMakeFiles/libwebp.dir/src/dsp/cost_mips32.c.o
[248/575] Building CXX object modules/core/CMakeFiles/opencv_core.dir/src/utils/logtagmanager.cpp.o
[249/575] Building CXX object modules/core/CMakeFiles/opencv_core.dir/src/utils/datafile.cpp.o
[250/575] Building C object 3rdparty/libwebp/CMakeFiles/libwebp.dir/src/dsp/cost_sse2.c.o
[251/575] Building C object 3rdparty/libwebp/CMakeFiles/libwebp.dir/src/dsp/cpu.c.o
[252/575] Building C object 3rdparty/libwebp/CMakeFiles/libwebp.dir/src/dsp/cost_neon.c.o
[253/575] Building C object 3rdparty/libwebp/CMakeFiles/libwebp.dir/src/dsp/dec.c.o
[254/575] Building C object 3rdparty/libwebp/CMakeFiles/libwebp.dir/src/dsp/dec_clip_tables.c.o
[255/575] Building C object 3rdparty/libwebp/CMakeFiles/libwebp.dir/src/dsp/dec_mips32.c.o
[256/575] Building C object 3rdparty/libwebp/CMakeFiles/libwebp.dir/src/dsp/dec_mips_dsp_r2.c.o
[257/575] Building C object 3rdparty/libwebp/CMakeFiles/libwebp.dir/src/dsp/dec_sse2.c.o
[258/575] Building C object 3rdparty/libwebp/CMakeFiles/libwebp.dir/src/dsp/dec_msa.c.o
[259/575] Building C object 3rdparty/libwebp/CMakeFiles/libwebp.dir/src/dsp/dec_sse41.c.o
[260/575] Building C object 3rdparty/libwebp/CMakeFiles/libwebp.dir/src/dsp/enc_msa.c.o
[261/575] Building C object 3rdparty/libwebp/CMakeFiles/libwebp.dir/src/dsp/enc_mips_dsp_r2.c.o
[262/575] Building CXX object modules/core/CMakeFiles/opencv_core.dir/src/va_intel.cpp.o
[263/575] Building C object 3rdparty/libwebp/CMakeFiles/libwebp.dir/src/dsp/dec_neon.c.o
[264/575] Building C object 3rdparty/libwebp/CMakeFiles/libwebp.dir/src/dsp/enc_mips32.c.o
[265/575] Building C object 3rdparty/libwebp/CMakeFiles/libwebp.dir/src/dsp/enc_sse2.c.o
[266/575] Building C object 3rdparty/libwebp/CMakeFiles/libwebp.dir/src/dsp/enc.c.o
[267/575] Building C object 3rdparty/libwebp/CMakeFiles/libwebp.dir/src/dsp/enc_neon.c.o
[268/575] Building C object 3rdparty/libwebp/CMakeFiles/libwebp.dir/src/dsp/enc_sse41.c.o
[269/575] Building C object 3rdparty/libwebp/CMakeFiles/libwebp.dir/src/dsp/filters.c.o
[270/575] Building C object 3rdparty/libwebp/CMakeFiles/libwebp.dir/src/dsp/filters_mips_dsp_r2.c.o
[271/575] Building CXX object modules/core/CMakeFiles/opencv_core.dir/opencl_kernels_core.cpp.o
[272/575] Building C object 3rdparty/libwebp/CMakeFiles/libwebp.dir/src/dsp/filters_msa.c.o
[273/575] Building C object 3rdparty/libwebp/CMakeFiles/libwebp.dir/src/dsp/filters_sse2.c.o
[274/575] Building C object 3rdparty/libwebp/CMakeFiles/libwebp.dir/src/dsp/lossless_enc_mips32.c.o
[275/575] Building C object 3rdparty/libwebp/CMakeFiles/libwebp.dir/src/dsp/lossless_enc_msa.c.o
[276/575] Building C object 3rdparty/libwebp/CMakeFiles/libwebp.dir/src/dsp/lossless_enc_mips_dsp_r2.c.o
[277/575] Building C object 3rdparty/libwebp/CMakeFiles/libwebp.dir/src/dsp/filters_neon.c.o
[278/575] Building C object 3rdparty/libwebp/CMakeFiles/libwebp.dir/src/dsp/lossless_enc_sse2.c.o
[279/575] Building C object 3rdparty/libwebp/CMakeFiles/libwebp.dir/src/dsp/lossless_enc.c.o
[280/575] Building C object 3rdparty/libwebp/CMakeFiles/libwebp.dir/src/dsp/lossless.c.o
[281/575] Building C object 3rdparty/libwebp/CMakeFiles/libwebp.dir/src/dsp/lossless_enc_sse41.c.o
[282/575] Building C object 3rdparty/libwebp/CMakeFiles/libwebp.dir/src/dsp/lossless_mips_dsp_r2.c.o
[283/575] Building C object 3rdparty/libwebp/CMakeFiles/libwebp.dir/src/dsp/lossless_msa.c.o
[284/575] Building CXX object modules/flann/CMakeFiles/opencv_flann.dir/src/flann.cpp.o
[285/575] Building C object 3rdparty/libwebp/CMakeFiles/libwebp.dir/src/dsp/lossless_sse2.c.o
[286/575] Building C object 3rdparty/libwebp/CMakeFiles/libwebp.dir/src/dsp/lossless_enc_neon.c.o
[287/575] Building C object 3rdparty/libwebp/CMakeFiles/libwebp.dir/src/dsp/lossless_sse41.c.o
[288/575] Building C object 3rdparty/libwebp/CMakeFiles/libwebp.dir/src/dsp/rescaler_mips32.c.o
[289/575] Building C object 3rdparty/libwebp/CMakeFiles/libwebp.dir/src/dsp/rescaler_mips_dsp_r2.c.o
[290/575] Building C object 3rdparty/libwebp/CMakeFiles/libwebp.dir/src/dsp/rescaler_sse2.c.o
[291/575] Building C object 3rdparty/libwebp/CMakeFiles/libwebp.dir/src/dsp/lossless_neon.c.o
[292/575] Building C object 3rdparty/libwebp/CMakeFiles/libwebp.dir/src/dsp/rescaler.c.o
[293/575] Building C object 3rdparty/libwebp/CMakeFiles/libwebp.dir/src/dsp/ssim_sse2.c.o
[294/575] Building C object 3rdparty/libwebp/CMakeFiles/libwebp.dir/src/dsp/upsampling_mips_dsp_r2.c.o
[295/575] Building C object 3rdparty/libwebp/CMakeFiles/libwebp.dir/src/dsp/rescaler_neon.c.o
[296/575] Building C object 3rdparty/libwebp/CMakeFiles/libwebp.dir/src/dsp/rescaler_msa.c.o
[297/575] Building C object 3rdparty/libwebp/CMakeFiles/libwebp.dir/src/dsp/ssim.c.o
[298/575] Building C object 3rdparty/libwebp/CMakeFiles/libwebp.dir/src/dsp/upsampling_msa.c.o
[299/575] Building C object 3rdparty/libwebp/CMakeFiles/libwebp.dir/src/dsp/upsampling_sse2.c.o
[300/575] Building C object 3rdparty/libwebp/CMakeFiles/libwebp.dir/src/dsp/upsampling.c.o
[301/575] Building C object 3rdparty/libwebp/CMakeFiles/libwebp.dir/src/dsp/yuv_mips_dsp_r2.c.o
[302/575] Building C object 3rdparty/libwebp/CMakeFiles/libwebp.dir/src/dsp/yuv_mips32.c.o
[303/575] Building C object 3rdparty/libwebp/CMakeFiles/libwebp.dir/src/dsp/upsampling_sse41.c.o
[304/575] Building C object 3rdparty/libwebp/CMakeFiles/libwebp.dir/src/dsp/yuv_sse2.c.o
[305/575] Building C object 3rdparty/libwebp/CMakeFiles/libwebp.dir/src/dsp/yuv_sse41.c.o
[306/575] Linking CXX static library lib/libopencv_core.a
[307/575] Building C object 3rdparty/libwebp/CMakeFiles/libwebp.dir/src/enc/alpha_enc.c.o
[308/575] Building C object 3rdparty/libwebp/CMakeFiles/libwebp.dir/src/dsp/yuv.c.o
[309/575] Building C object 3rdparty/libwebp/CMakeFiles/libwebp.dir/src/enc/config_enc.c.o
[310/575] Building C object 3rdparty/libwebp/CMakeFiles/libwebp.dir/src/enc/analysis_enc.c.o
[311/575] Building C object 3rdparty/libwebp/CMakeFiles/libwebp.dir/src/dsp/yuv_neon.c.o
[312/575] Building C object 3rdparty/libwebp/CMakeFiles/libwebp.dir/src/enc/cost_enc.c.o
[313/575] Building C object 3rdparty/libwebp/CMakeFiles/libwebp.dir/src/enc/filter_enc.c.o
[314/575] Building C object 3rdparty/libwebp/CMakeFiles/libwebp.dir/src/enc/backward_references_cost_enc.c.o
[315/575] Building C object 3rdparty/libwebp/CMakeFiles/libwebp.dir/src/dsp/upsampling_neon.c.o
[316/575] Building C object 3rdparty/libwebp/CMakeFiles/libwebp.dir/src/enc/near_lossless_enc.c.o
[317/575] Building C object 3rdparty/libwebp/CMakeFiles/libwebp.dir/src/enc/iterator_enc.c.o
[318/575] Building C object 3rdparty/libwebp/CMakeFiles/libwebp.dir/src/enc/frame_enc.c.o
[319/575] Building C object 3rdparty/libwebp/CMakeFiles/libwebp.dir/src/enc/histogram_enc.c.o
[320/575] Building C object 3rdparty/libwebp/CMakeFiles/libwebp.dir/src/enc/picture_psnr_enc.c.o
[321/575] Building C object 3rdparty/libwebp/CMakeFiles/libwebp.dir/src/enc/backward_references_enc.c.o
[322/575] Building C object 3rdparty/libwebp/CMakeFiles/libwebp.dir/src/enc/picture_enc.c.o
[323/575] Building C object 3rdparty/libwebp/CMakeFiles/libwebp.dir/src/enc/picture_csp_enc.c.o
[324/575] Building C object 3rdparty/libwebp/CMakeFiles/libwebp.dir/src/enc/picture_rescale_enc.c.o
[325/575] Processing OpenCL kernels (imgproc)
[326/575] Building C object 3rdparty/libwebp/CMakeFiles/libwebp.dir/src/enc/syntax_enc.c.o
[327/575] Building C object 3rdparty/libwebp/CMakeFiles/libwebp.dir/src/enc/token_enc.c.o
[328/575] Building C object 3rdparty/libwebp/CMakeFiles/libwebp.dir/src/enc/webp_enc.c.o
[329/575] Building C object 3rdparty/libwebp/CMakeFiles/libwebp.dir/src/enc/predictor_enc.c.o
[330/575] Building C object 3rdparty/libwebp/CMakeFiles/libwebp.dir/src/enc/picture_tools_enc.c.o
[331/575] Building C object 3rdparty/libwebp/CMakeFiles/libwebp.dir/src/enc/tree_enc.c.o
[332/575] Building C object 3rdparty/libwebp/CMakeFiles/libwebp.dir/src/mux/muxedit.c.o
[333/575] Building C object 3rdparty/libwebp/CMakeFiles/libwebp.dir/src/enc/quant_enc.c.o
[334/575] Building C object 3rdparty/libwebp/CMakeFiles/libwebp.dir/src/enc/vp8l_enc.c.o
[335/575] Building C object 3rdparty/libwebp/CMakeFiles/libwebp.dir/src/mux/anim_encode.c.o
[336/575] Building CXX object modules/imgproc/CMakeFiles/opencv_imgproc.dir/src/color.cpp.o
[337/575] Building CXX object modules/imgproc/CMakeFiles/opencv_imgproc.dir/src/blend.cpp.o
[338/575] Building CXX object modules/imgproc/CMakeFiles/opencv_imgproc.dir/src/accum.cpp.o
[339/575] Building CXX object modules/imgproc/CMakeFiles/opencv_imgproc.dir/src/approx.cpp.o
[340/575] Building CXX object modules/imgproc/CMakeFiles/opencv_imgproc.dir/src/clahe.cpp.o
[341/575] Building CXX object modules/imgproc/CMakeFiles/opencv_imgproc.dir/src/bilateral_filter.dispatch.cpp.o
[342/575] Building CXX object modules/imgproc/CMakeFiles/opencv_imgproc.dir/src/color_hsv.dispatch.cpp.o
[343/575] Building CXX object modules/imgproc/CMakeFiles/opencv_imgproc.dir/src/canny.cpp.o
[344/575] Building CXX object modules/imgproc/CMakeFiles/opencv_imgproc.dir/src/accum.dispatch.cpp.o
[345/575] Building CXX object modules/imgproc/CMakeFiles/opencv_imgproc.dir/src/box_filter.dispatch.cpp.o
[346/575] Building CXX object modules/imgproc/CMakeFiles/opencv_imgproc.dir/src/contours.cpp.o
[347/575] Building CXX object modules/imgproc/CMakeFiles/opencv_imgproc.dir/src/colormap.cpp.o
[348/575] Building CXX object modules/imgproc/CMakeFiles/opencv_imgproc.dir/src/color_rgb.dispatch.cpp.o
[349/575] Building CXX object modules/imgproc/CMakeFiles/opencv_imgproc.dir/src/color_lab.cpp.o
[350/575] Building CXX object modules/imgproc/CMakeFiles/opencv_imgproc.dir/src/contours_approx.cpp.o
[351/575] Building CXX object modules/imgproc/CMakeFiles/opencv_imgproc.dir/src/contours_common.cpp.o
[352/575] Building CXX object modules/imgproc/CMakeFiles/opencv_imgproc.dir/src/contours_link.cpp.o
[353/575] Building CXX object modules/imgproc/CMakeFiles/opencv_imgproc.dir/src/color_yuv.dispatch.cpp.o
[354/575] Building CXX object modules/flann/CMakeFiles/opencv_flann.dir/src/miniflann.cpp.o
[355/575] Building CXX object modules/imgproc/CMakeFiles/opencv_imgproc.dir/src/cornersubpix.cpp.o
[356/575] Building CXX object modules/imgproc/CMakeFiles/opencv_imgproc.dir/src/contours_new.cpp.o
[357/575] Building CXX object modules/imgproc/CMakeFiles/opencv_imgproc.dir/src/corner.cpp.o
[358/575] Building CXX object modules/imgproc/CMakeFiles/opencv_imgproc.dir/src/convhull.cpp.o
[359/575] Building CXX object modules/imgproc/CMakeFiles/opencv_imgproc.dir/src/deriv.cpp.o
[360/575] Building CXX object modules/imgproc/CMakeFiles/opencv_imgproc.dir/src/distransform.cpp.o
[361/575] Building CXX object modules/imgproc/CMakeFiles/opencv_imgproc.dir/src/demosaicing.cpp.o
[362/575] Building CXX object modules/imgproc/CMakeFiles/opencv_imgproc.dir/src/emd.cpp.o
[363/575] Building CXX object modules/imgproc/CMakeFiles/opencv_imgproc.dir/src/drawing.cpp.o
[364/575] Building CXX object modules/imgproc/CMakeFiles/opencv_imgproc.dir/src/emd_new.cpp.o
[365/575] Building CXX object modules/imgproc/CMakeFiles/opencv_imgproc.dir/src/gabor.cpp.o
[366/575] Building CXX object modules/imgproc/CMakeFiles/opencv_imgproc.dir/src/geometry.cpp.o
[367/575] Building CXX object modules/imgproc/CMakeFiles/opencv_imgproc.dir/src/featureselect.cpp.o
[368/575] Building CXX object modules/imgproc/CMakeFiles/opencv_imgproc.dir/src/generalized_hough.cpp.o
[369/575] Building CXX object modules/imgproc/CMakeFiles/opencv_imgproc.dir/src/hershey_fonts.cpp.o
[370/575] Building CXX object modules/imgproc/CMakeFiles/opencv_imgproc.dir/src/floodfill.cpp.o
[371/575] Building CXX object modules/imgproc/CMakeFiles/opencv_imgproc.dir/src/grabcut.cpp.o
[372/575] Building CXX object modules/imgproc/CMakeFiles/opencv_imgproc.dir/src/intelligent_scissors.cpp.o
[373/575] Building CXX object modules/imgproc/CMakeFiles/opencv_imgproc.dir/src/intersection.cpp.o
[374/575] Building CXX object modules/imgproc/CMakeFiles/opencv_imgproc.dir/src/linefit.cpp.o
[375/575] Building CXX object modules/imgproc/CMakeFiles/opencv_imgproc.dir/src/histogram.cpp.o
[376/575] Building CXX object modules/imgproc/CMakeFiles/opencv_imgproc.dir/src/main.cpp.o
[377/575] Building CXX object modules/imgproc/CMakeFiles/opencv_imgproc.dir/src/matchcontours.cpp.o
[378/575] Building CXX object modules/imgproc/CMakeFiles/opencv_imgproc.dir/src/hough.cpp.o
[379/575] Building CXX object modules/imgproc/CMakeFiles/opencv_imgproc.dir/src/lsd.cpp.o
[380/575] Building CXX object modules/imgproc/CMakeFiles/opencv_imgproc.dir/src/median_blur.dispatch.cpp.o
[381/575] Building CXX object modules/imgproc/CMakeFiles/opencv_imgproc.dir/src/connectedcomponents.cpp.o
[382/575] Building CXX object modules/imgproc/CMakeFiles/opencv_imgproc.dir/src/min_enclosing_triangle.cpp.o
[383/575] Building CXX object modules/imgproc/CMakeFiles/opencv_imgproc.dir/src/moments.cpp.o
[384/575] Building CXX object modules/imgproc/CMakeFiles/opencv_imgproc.dir/src/phasecorr.cpp.o
[385/575] Building CXX object modules/imgproc/CMakeFiles/opencv_imgproc.dir/src/filter.dispatch.cpp.o
[386/575] Building CXX object modules/imgproc/CMakeFiles/opencv_imgproc.dir/src/rotcalipers.cpp.o
[387/575] Building CXX object modules/imgproc/CMakeFiles/opencv_imgproc.dir/src/spatialgradient.cpp.o
[388/575] Building CXX object modules/imgproc/CMakeFiles/opencv_imgproc.dir/src/segmentation.cpp.o
[389/575] Building CXX object modules/imgproc/CMakeFiles/opencv_imgproc.dir/src/samplers.cpp.o
[390/575] Building CXX object modules/imgproc/CMakeFiles/opencv_imgproc.dir/src/shapedescr.cpp.o
[391/575] Building CXX object modules/imgproc/CMakeFiles/opencv_imgproc.dir/src/pyramids.cpp.o
[392/575] Building CXX object modules/imgproc/CMakeFiles/opencv_imgproc.dir/src/morph.dispatch.cpp.o
[393/575] Building CXX object modules/imgproc/CMakeFiles/opencv_imgproc.dir/src/subdivision2d.cpp.o
[394/575] Linking CXX static library lib/libopencv_flann.a
[395/575] Building C object 3rdparty/libwebp/CMakeFiles/libwebp.dir/src/mux/muxinternal.c.o
[396/575] Building CXX object modules/imgproc/CMakeFiles/opencv_imgproc.dir/src/stackblur.cpp.o
[397/575] Building CXX object modules/imgproc/CMakeFiles/opencv_imgproc.dir/opencl_kernels_imgproc.cpp.o
[398/575] Building C object 3rdparty/libwebp/CMakeFiles/libwebp.dir/src/mux/muxread.c.o
[399/575] Building CXX object modules/imgproc/CMakeFiles/opencv_imgproc.dir/src/imgwarp.cpp.o
[400/575] Building CXX object modules/imgproc/CMakeFiles/opencv_imgproc.dir/src/tables.cpp.o
[401/575] Building CXX object modules/imgproc/CMakeFiles/opencv_imgproc.dir/src/utils.cpp.o
[402/575] Building C object 3rdparty/libwebp/CMakeFiles/libwebp.dir/src/utils/bit_reader_utils.c.o
[403/575] Building C object 3rdparty/libwebp/CMakeFiles/libwebp.dir/src/utils/color_cache_utils.c.o
[404/575] Building C object 3rdparty/libwebp/CMakeFiles/libwebp.dir/src/utils/bit_writer_utils.c.o
[405/575] Building CXX object modules/imgproc/CMakeFiles/opencv_imgproc.dir/src/templmatch.cpp.o
[406/575] Building C object 3rdparty/libwebp/CMakeFiles/libwebp.dir/src/utils/filters_utils.c.o
[407/575] Building C object 3rdparty/libwebp/CMakeFiles/libwebp.dir/src/utils/huffman_encode_utils.c.o
[408/575] Building C object 3rdparty/libwebp/CMakeFiles/libwebp.dir/src/utils/huffman_utils.c.o
[409/575] Building CXX object modules/imgproc/CMakeFiles/opencv_imgproc.dir/src/resize.cpp.o
[410/575] Building C object 3rdparty/libwebp/CMakeFiles/libwebp.dir/src/utils/quant_levels_utils.c.o
[411/575] Building C object 3rdparty/libwebp/CMakeFiles/libwebp.dir/src/utils/palette.c.o
[412/575] Building C object 3rdparty/libwebp/CMakeFiles/libwebp.dir/src/utils/quant_levels_dec_utils.c.o
[413/575] Building C object 3rdparty/libwebp/CMakeFiles/libwebp.dir/src/utils/random_utils.c.o
[414/575] Building C object 3rdparty/libwebp/CMakeFiles/libwebp.dir/src/utils/rescaler_utils.c.o
[415/575] Building CXX object modules/imgproc/CMakeFiles/opencv_imgproc.dir/src/thresh.cpp.o
[416/575] Building C object 3rdparty/libwebp/CMakeFiles/libwebp.dir/src/utils/thread_utils.c.o
[417/575] Building C object 3rdparty/libwebp/CMakeFiles/libwebp.dir/src/utils/utils.c.o
[418/575] Building C object 3rdparty/libpng/CMakeFiles/libpng.dir/pngmem.c.o
[419/575] Building CXX object modules/imgproc/CMakeFiles/opencv_imgproc.dir/src/sumpixels.dispatch.cpp.o
[420/575] Building C object 3rdparty/libpng/CMakeFiles/libpng.dir/pngerror.c.o
[421/575] Building C object 3rdparty/libpng/CMakeFiles/libpng.dir/pngpread.c.o
[422/575] Building C object 3rdparty/libpng/CMakeFiles/libpng.dir/pngrio.c.o
[423/575] Building C object 3rdparty/libpng/CMakeFiles/libpng.dir/pngget.c.o
[424/575] Building C object 3rdparty/libpng/CMakeFiles/libpng.dir/png.c.o
[425/575] Building C object 3rdparty/libpng/CMakeFiles/libpng.dir/pngset.c.o
[426/575] Building C object 3rdparty/libpng/CMakeFiles/libpng.dir/pngwio.c.o
[427/575] Building C object 3rdparty/libpng/CMakeFiles/libpng.dir/pngtrans.c.o
[428/575] Building C object 3rdparty/libpng/CMakeFiles/libpng.dir/pngread.c.o
[429/575] Building C object 3rdparty/libpng/CMakeFiles/libpng.dir/arm/arm_init.c.o
[430/575] Building C object 3rdparty/libpng/CMakeFiles/libpng.dir/pngwrite.c.o
[431/575] Building C object 3rdparty/libpng/CMakeFiles/libpng.dir/pngwtran.c.o
[432/575] Building C object 3rdparty/libpng/CMakeFiles/libpng.dir/pngrutil.c.o
[433/575] Building ASM object 3rdparty/libpng/CMakeFiles/libpng.dir/arm/filter_neon.S.o
[434/575] Building C object 3rdparty/libpng/CMakeFiles/libpng.dir/arm/filter_neon_intrinsics.c.o
[435/575] Building CXX object modules/imgproc/CMakeFiles/opencv_imgproc.dir/src/smooth.dispatch.cpp.o
[436/575] Building C object 3rdparty/libpng/CMakeFiles/libpng.dir/arm/palette_neon_intrinsics.c.o
[437/575] Building C object 3rdparty/libpng/CMakeFiles/libpng.dir/pngwutil.c.o
[438/575] Building C object 3rdparty/libpng/CMakeFiles/libpng.dir/pngrtran.c.o
[439/575] Linking C static library 3rdparty/lib/liblibpng.a
[440/575] Building CXX object modules/imgcodecs/CMakeFiles/opencv_imgcodecs.dir/src/grfmt_exr.cpp.o
[441/575] Building CXX object modules/imgcodecs/CMakeFiles/opencv_imgcodecs.dir/src/grfmt_avif.cpp.o
[442/575] Linking CXX static library lib/libopencv_imgproc.a
[443/575] Linking C static library 3rdparty/lib/liblibwebp.a
[444/575] Building CXX object modules/imgcodecs/CMakeFiles/opencv_imgcodecs.dir/src/grfmt_base.cpp.o
[445/575] Processing OpenCL kernels (features2d)
[446/575] Processing OpenCL kernels (photo)
[447/575] Building CXX object modules/imgcodecs/CMakeFiles/opencv_imgcodecs.dir/src/utils.cpp.o
[448/575] Building CXX object modules/imgcodecs/CMakeFiles/opencv_imgcodecs.dir/src/grfmt_bmp.cpp.o
[449/575] Linking C static library 3rdparty/lib/liblibjpeg-turbo.a
[450/575] Building CXX object modules/imgcodecs/CMakeFiles/opencv_imgcodecs.dir/src/grfmt_gdal.cpp.o
[451/575] Building CXX object modules/imgcodecs/CMakeFiles/opencv_imgcodecs.dir/src/loadsave.cpp.o
[452/575] Building CXX object modules/imgcodecs/CMakeFiles/opencv_imgcodecs.dir/src/grfmt_gdcm.cpp.o
[453/575] Building CXX object modules/imgcodecs/CMakeFiles/opencv_imgcodecs.dir/src/grfmt_hdr.cpp.o
[454/575] Building CXX object modules/imgcodecs/CMakeFiles/opencv_imgcodecs.dir/src/grfmt_jpeg.cpp.o
[455/575] Building CXX object modules/features2d/CMakeFiles/opencv_features2d.dir/src/agast.cpp.o
[456/575] Building CXX object modules/features2d/CMakeFiles/opencv_features2d.dir/src/affine_feature.cpp.o
[457/575] Building CXX object modules/features2d/CMakeFiles/opencv_features2d.dir/src/agast_score.cpp.o
[458/575] Building CXX object modules/features2d/CMakeFiles/opencv_features2d.dir/src/bagofwords.cpp.o
[459/575] Building CXX object modules/features2d/CMakeFiles/opencv_features2d.dir/src/akaze.cpp.o
[460/575] Building CXX object modules/features2d/CMakeFiles/opencv_features2d.dir/src/dynamic.cpp.o
[461/575] Building CXX object modules/features2d/CMakeFiles/opencv_features2d.dir/src/draw.cpp.o
[462/575] Building CXX object modules/features2d/CMakeFiles/opencv_features2d.dir/src/blobdetector.cpp.o
[463/575] Building CXX object modules/features2d/CMakeFiles/opencv_features2d.dir/src/brisk.cpp.o
[464/575] Building CXX object modules/features2d/CMakeFiles/opencv_features2d.dir/src/fast_score.cpp.o
[465/575] Building CXX object modules/features2d/CMakeFiles/opencv_features2d.dir/src/feature2d.cpp.o
[466/575] Building CXX object modules/features2d/CMakeFiles/opencv_features2d.dir/src/gftt.cpp.o
[467/575] Building CXX object modules/features2d/CMakeFiles/opencv_features2d.dir/src/kaze.cpp.o
[468/575] Building CXX object modules/features2d/CMakeFiles/opencv_features2d.dir/src/fast.cpp.o
[469/575] Building CXX object modules/features2d/CMakeFiles/opencv_features2d.dir/src/evaluation.cpp.o
[470/575] Building CXX object modules/features2d/CMakeFiles/opencv_features2d.dir/src/kaze/fed.cpp.o
[471/575] Building CXX object modules/features2d/CMakeFiles/opencv_features2d.dir/src/kaze/nldiffusion_functions.cpp.o
[472/575] Building CXX object modules/features2d/CMakeFiles/opencv_features2d.dir/src/main.cpp.o
[473/575] Building CXX object modules/features2d/CMakeFiles/opencv_features2d.dir/src/kaze/KAZEFeatures.cpp.o
[474/575] Building CXX object modules/features2d/CMakeFiles/opencv_features2d.dir/src/keypoint.cpp.o
[475/575] Building CXX object modules/features2d/CMakeFiles/opencv_features2d.dir/src/orb.cpp.o
[476/575] Building CXX object modules/features2d/CMakeFiles/opencv_features2d.dir/src/mser.cpp.o
[477/575] Building CXX object modules/features2d/CMakeFiles/opencv_features2d.dir/src/kaze/AKAZEFeatures.cpp.o
[478/575] Building CXX object modules/features2d/CMakeFiles/opencv_features2d.dir/src/sift.dispatch.cpp.o
[479/575] Building CXX object modules/features2d/CMakeFiles/opencv_features2d.dir/src/matchers.cpp.o
[480/575] Building CXX object modules/features2d/CMakeFiles/opencv_features2d.dir/opencl_kernels_features2d.cpp.o
[481/575] Building CXX object modules/photo/CMakeFiles/opencv_photo.dir/src/denoise_tvl1.cpp.o
[482/575] Building CXX object modules/photo/CMakeFiles/opencv_photo.dir/src/align.cpp.o
[483/575] Building CXX object modules/photo/CMakeFiles/opencv_photo.dir/src/calibrate.cpp.o
[484/575] Building CXX object modules/photo/CMakeFiles/opencv_photo.dir/src/contrast_preserve.cpp.o
[485/575] Building CXX object modules/imgcodecs/CMakeFiles/opencv_imgcodecs.dir/src/apple_conversions.mm.o
[486/575] Linking CXX static library lib/libopencv_features2d.a
[487/575] Building CXX object modules/photo/CMakeFiles/opencv_photo.dir/src/denoising.cuda.cpp.o
[488/575] Building CXX object modules/photo/CMakeFiles/opencv_photo.dir/src/hdr_common.cpp.o
[489/575] Processing OpenCL kernels (calib3d)
[490/575] Building CXX object modules/photo/CMakeFiles/opencv_photo.dir/src/merge.cpp.o
[491/575] Building CXX object modules/photo/CMakeFiles/opencv_photo.dir/src/seamless_cloning.cpp.o
[492/575] Building CXX object modules/photo/CMakeFiles/opencv_photo.dir/src/inpaint.cpp.o
[493/575] Building CXX object modules/photo/CMakeFiles/opencv_photo.dir/src/seamless_cloning_impl.cpp.o
[494/575] Building CXX object modules/imgcodecs/CMakeFiles/opencv_imgcodecs.dir/src/grfmt_jpeg2000.cpp.o
[495/575] Building CXX object modules/photo/CMakeFiles/opencv_photo.dir/src/npr.cpp.o
[496/575] Building CXX object modules/photo/CMakeFiles/opencv_photo.dir/opencl_kernels_photo.cpp.o
[497/575] Building CXX object modules/imgcodecs/CMakeFiles/opencv_imgcodecs.dir/src/grfmt_jpeg2000_openjpeg.cpp.o
[498/575] Building CXX object modules/calib3d/CMakeFiles/opencv_calib3d.dir/src/ap3p.cpp.o
[499/575] Building CXX object modules/photo/CMakeFiles/opencv_photo.dir/src/tonemap.cpp.o
[500/575] Building CXX object modules/calib3d/CMakeFiles/opencv_calib3d.dir/src/compat_ptsetreg.cpp.o
[501/575] Building CXX object modules/calib3d/CMakeFiles/opencv_calib3d.dir/src/checkchessboard.cpp.o
[502/575] Building CXX object modules/calib3d/CMakeFiles/opencv_calib3d.dir/src/calibration_handeye.cpp.o
[503/575] Building CXX object modules/calib3d/CMakeFiles/opencv_calib3d.dir/src/epnp.cpp.o
[504/575] Building CXX object modules/calib3d/CMakeFiles/opencv_calib3d.dir/src/circlesgrid.cpp.o
[505/575] Building CXX object modules/calib3d/CMakeFiles/opencv_calib3d.dir/src/calibration.cpp.o
[506/575] Building CXX object modules/calib3d/CMakeFiles/opencv_calib3d.dir/src/fisheye.cpp.o
[507/575] Building CXX object modules/photo/CMakeFiles/opencv_photo.dir/src/denoising.cpp.o
[508/575] Building CXX object modules/calib3d/CMakeFiles/opencv_calib3d.dir/src/fundam.cpp.o
[509/575] Building CXX object modules/calib3d/CMakeFiles/opencv_calib3d.dir/src/chessboard.cpp.o
[510/575] Building CXX object modules/calib3d/CMakeFiles/opencv_calib3d.dir/src/homography_decomp.cpp.o
[511/575] Building CXX object modules/calib3d/CMakeFiles/opencv_calib3d.dir/src/calibinit.cpp.o
[512/575] Building CXX object modules/calib3d/CMakeFiles/opencv_calib3d.dir/src/levmarq.cpp.o
[513/575] Building CXX object modules/calib3d/CMakeFiles/opencv_calib3d.dir/src/ippe.cpp.o
[514/575] Building CXX object modules/calib3d/CMakeFiles/opencv_calib3d.dir/src/main.cpp.o
[515/575] Building CXX object modules/imgcodecs/CMakeFiles/opencv_imgcodecs.dir/src/ios_conversions.mm.o
[516/575] Building CXX object modules/calib3d/CMakeFiles/opencv_calib3d.dir/src/p3p.cpp.o
[517/575] Building CXX object modules/calib3d/CMakeFiles/opencv_calib3d.dir/src/polynom_solver.cpp.o
[518/575] Building CXX object modules/calib3d/CMakeFiles/opencv_calib3d.dir/src/posit.cpp.o
[519/575] Building CXX object modules/calib3d/CMakeFiles/opencv_calib3d.dir/src/ptsetreg.cpp.o
[520/575] Building CXX object modules/calib3d/CMakeFiles/opencv_calib3d.dir/src/five-point.cpp.o
[521/575] Building CXX object modules/calib3d/CMakeFiles/opencv_calib3d.dir/src/rho.cpp.o
[522/575] Building CXX object modules/calib3d/CMakeFiles/opencv_calib3d.dir/src/quadsubpix.cpp.o
[523/575] Building CXX object modules/calib3d/CMakeFiles/opencv_calib3d.dir/src/sqpnp.cpp.o
[524/575] Building CXX object modules/calib3d/CMakeFiles/opencv_calib3d.dir/src/solvepnp.cpp.o
[525/575] Building CXX object modules/calib3d/CMakeFiles/opencv_calib3d.dir/src/triangulate.cpp.o
[526/575] Building CXX object modules/calib3d/CMakeFiles/opencv_calib3d.dir/src/stereobm.cpp.o
[527/575] Building CXX object modules/calib3d/CMakeFiles/opencv_calib3d.dir/src/dls.cpp.o
[528/575] Building CXX object modules/calib3d/CMakeFiles/opencv_calib3d.dir/src/undistort.dispatch.cpp.o
[529/575] Building CXX object modules/calib3d/CMakeFiles/opencv_calib3d.dir/src/upnp.cpp.o
[530/575] Building CXX object modules/calib3d/CMakeFiles/opencv_calib3d.dir/src/usac/dls_solver.cpp.o
[531/575] Building CXX object modules/calib3d/CMakeFiles/opencv_calib3d.dir/src/stereosgbm.cpp.o
[532/575] Building CXX object modules/calib3d/CMakeFiles/opencv_calib3d.dir/src/usac/bundle.cpp.o
[533/575] Building CXX object modules/calib3d/CMakeFiles/opencv_calib3d.dir/src/usac/essential_solver.cpp.o
[534/575] Building CXX object modules/calib3d/CMakeFiles/opencv_calib3d.dir/src/usac/degeneracy.cpp.o
[535/575] Building CXX object modules/calib3d/CMakeFiles/opencv_calib3d.dir/src/usac/gamma_values.cpp.o
[536/575] Building CXX object modules/calib3d/CMakeFiles/opencv_calib3d.dir/src/usac/estimator.cpp.o
[537/575] Building CXX object modules/calib3d/CMakeFiles/opencv_calib3d.dir/src/usac/fundamental_solver.cpp.o
[538/575] Building CXX object modules/calib3d/CMakeFiles/opencv_calib3d.dir/src/usac/pnp_solver.cpp.o
[539/575] Building CXX object modules/calib3d/CMakeFiles/opencv_calib3d.dir/src/usac/sampler.cpp.o
[540/575] Building CXX object modules/calib3d/CMakeFiles/opencv_calib3d.dir/src/usac/termination.cpp.o
[541/575] Building CXX object modules/calib3d/CMakeFiles/opencv_calib3d.dir/src/usac/homography_solver.cpp.o
[542/575] Building CXX object modules/calib3d/CMakeFiles/opencv_calib3d.dir/src/usac/local_optimization.cpp.o
[543/575] Building CXX object modules/calib3d/CMakeFiles/opencv_calib3d.dir/src/usac/quality.cpp.o
[544/575] Building CXX object modules/calib3d/CMakeFiles/opencv_calib3d.dir/opencl_kernels_calib3d.cpp.o
[545/575] Building CXX object modules/imgcodecs/CMakeFiles/opencv_imgcodecs.dir/src/grfmt_pam.cpp.o
[546/575] Building CXX object modules/imgcodecs/CMakeFiles/opencv_imgcodecs.dir/src/grfmt_png.cpp.o
[547/575] Building CXX object modules/calib3d/CMakeFiles/opencv_calib3d.dir/src/usac/ransac_solvers.cpp.o
[548/575] Building CXX object modules/imgcodecs/CMakeFiles/opencv_imgcodecs.dir/src/grfmt_tiff.cpp.o
[549/575] Building CXX object modules/imgcodecs/CMakeFiles/opencv_imgcodecs.dir/src/grfmt_spng.cpp.o
[550/575] Building CXX object modules/imgcodecs/CMakeFiles/opencv_imgcodecs.dir/src/grfmt_pfm.cpp.o
[551/575] Building CXX object modules/imgcodecs/CMakeFiles/opencv_imgcodecs.dir/src/bitstrm.cpp.o
[552/575] Building CXX object modules/imgcodecs/CMakeFiles/opencv_imgcodecs.dir/src/grfmt_sunras.cpp.o
[553/575] Building CXX object modules/calib3d/CMakeFiles/opencv_calib3d.dir/src/usac/utils.cpp.o
[554/575] Building CXX object modules/imgcodecs/CMakeFiles/opencv_imgcodecs.dir/src/grfmt_webp.cpp.o
[555/575] Linking CXX static library lib/libopencv_photo.a
[556/575] Building CXX object modules/imgcodecs/CMakeFiles/opencv_imgcodecs.dir/src/grfmt_pxm.cpp.o
[557/575] Linking CXX static library lib/libopencv_calib3d.a
[558/575] Processing OpenCL kernels (stitching)
[559/575] Building CXX object modules/imgcodecs/CMakeFiles/opencv_imgcodecs.dir/src/rgbe.cpp.o
[560/575] Building CXX object modules/imgcodecs/CMakeFiles/opencv_imgcodecs.dir/src/exif.cpp.o
[561/575] Building CXX object modules/stitching/CMakeFiles/opencv_stitching.dir/src/timelapsers.cpp.o
[562/575] Building CXX object modules/stitching/CMakeFiles/opencv_stitching.dir/src/camera.cpp.o
[563/575] Building CXX object modules/stitching/CMakeFiles/opencv_stitching.dir/src/util.cpp.o
[564/575] Building CXX object modules/stitching/CMakeFiles/opencv_stitching.dir/src/autocalib.cpp.o
[565/575] Building CXX object modules/stitching/CMakeFiles/opencv_stitching.dir/src/blenders.cpp.o
[566/575] Building CXX object modules/stitching/CMakeFiles/opencv_stitching.dir/src/matchers.cpp.o
[567/575] Linking CXX static library lib/libopencv_imgcodecs.a
[568/575] Building CXX object modules/stitching/CMakeFiles/opencv_stitching.dir/src/exposure_compensate.cpp.o
[569/575] Building CXX object modules/stitching/CMakeFiles/opencv_stitching.dir/src/stitcher.cpp.o
[570/575] Building CXX object modules/stitching/CMakeFiles/opencv_stitching.dir/src/warpers.cpp.o
[571/575] Building CXX object modules/stitching/CMakeFiles/opencv_stitching.dir/src/warpers_cuda.cpp.o
[572/575] Building CXX object modules/stitching/CMakeFiles/opencv_stitching.dir/src/motion_estimators.cpp.o
[573/575] Building CXX object modules/stitching/CMakeFiles/opencv_stitching.dir/opencl_kernels_stitching.cpp.o
[574/575] Building CXX object modules/stitching/CMakeFiles/opencv_stitching.dir/src/seam_finders.cpp.o
[575/575] Linking CXX static library lib/libopencv_stitching.a
