CMake Deprecation Warning at CMakeLists.txt:25 (cmake_minimum_required):
  Compatibility with CMake < 3.10 will be removed from a future version of
  CMake.

  Update the VERSION argument <min> value.  Or, use the <min>...<max> syntax
  to tell CMake that the project requires at least <min> but has been updated
  to work with policies introduced by <max> or earlier.


CMake Warning (dev) at CMakeLists.txt:127 (enable_language):
  project() should be called prior to this enable_language() call.
This warning is for project developers.  Use -Wno-dev to suppress it.

-- The CXX compiler identification is AppleClang 17.0.0.17000604
-- The C compiler identification is AppleClang 17.0.0.17000604
-- Detecting CXX compiler ABI info
-- Detecting CXX compiler ABI info - done
-- Check for working CXX compiler: /usr/bin/c++ - skipped
-- Detecting CXX compile features
-- Detecting CXX compile features - done
-- Detecting C compiler ABI info
-- Detecting C compiler ABI info - done
-- Check for working C compiler: /usr/bin/cc - skipped
-- Detecting C compile features
-- Detecting C compile features - done
CMake Warning at cmake/OpenCVDetectCXXCompiler.cmake:80 (message):
  OpenCV: CMAKE_SYSTEM_PROCESSOR is not defined.  Perhaps CMake toolchain is
  broken
Call Stack (most recent call first):
  CMakeLists.txt:181 (include)


-- Detected processor: 
CMake Warning at cmake/OpenCVDetectCXXCompiler.cmake:110 (message):
  OpenCV: unrecognized target processor configuration
Call Stack (most recent call first):
  CMakeLists.txt:181 (include)


-- Looking for ccache - not found
-- Performing Test HAVE_CXX_FSIGNED_CHAR
-- Performing Test HAVE_CXX_FSIGNED_CHAR - Success
-- Performing Test HAVE_C_FSIGNED_CHAR
-- Performing Test HAVE_C_FSIGNED_CHAR - Success
-- Performing Test HAVE_CXX_W
-- Performing Test HAVE_CXX_W - Success
-- Performing Test HAVE_C_W
-- Performing Test HAVE_C_W - Success
-- Performing Test HAVE_CXX_WALL
-- Performing Test HAVE_CXX_WALL - Success
-- Performing Test HAVE_C_WALL
-- Performing Test HAVE_C_WALL - Success
-- Performing Test HAVE_CXX_WRETURN_TYPE
-- Performing Test HAVE_CXX_WRETURN_TYPE - Success
-- Performing Test HAVE_C_WRETURN_TYPE
-- Performing Test HAVE_C_WRETURN_TYPE - Success
-- Performing Test HAVE_CXX_WNON_VIRTUAL_DTOR
-- Performing Test HAVE_CXX_WNON_VIRTUAL_DTOR - Success
-- Performing Test HAVE_C_WNON_VIRTUAL_DTOR
-- Performing Test HAVE_C_WNON_VIRTUAL_DTOR - Success
-- Performing Test HAVE_CXX_WADDRESS
-- Performing Test HAVE_CXX_WADDRESS - Success
-- Performing Test HAVE_C_WADDRESS
-- Performing Test HAVE_C_WADDRESS - Success
-- Performing Test HAVE_CXX_WSEQUENCE_POINT
-- Performing Test HAVE_CXX_WSEQUENCE_POINT - Success
-- Performing Test HAVE_C_WSEQUENCE_POINT
-- Performing Test HAVE_C_WSEQUENCE_POINT - Success
-- Performing Test HAVE_CXX_WFORMAT
-- Performing Test HAVE_CXX_WFORMAT - Success
-- Performing Test HAVE_C_WFORMAT
-- Performing Test HAVE_C_WFORMAT - Success
-- Performing Test HAVE_CXX_WFORMAT_SECURITY
-- Performing Test HAVE_CXX_WFORMAT_SECURITY - Success
-- Performing Test HAVE_C_WFORMAT_SECURITY
-- Performing Test HAVE_C_WFORMAT_SECURITY - Success
-- Performing Test HAVE_CXX_WMISSING_DECLARATIONS
-- Performing Test HAVE_CXX_WMISSING_DECLARATIONS - Success
-- Performing Test HAVE_C_WMISSING_DECLARATIONS
-- Performing Test HAVE_C_WMISSING_DECLARATIONS - Success
-- Performing Test HAVE_CXX_WMISSING_PROTOTYPES
-- Performing Test HAVE_CXX_WMISSING_PROTOTYPES - Success
-- Performing Test HAVE_C_WMISSING_PROTOTYPES
-- Performing Test HAVE_C_WMISSING_PROTOTYPES - Success
-- Performing Test HAVE_CXX_WSTRICT_PROTOTYPES
-- Performing Test HAVE_CXX_WSTRICT_PROTOTYPES - Success
-- Performing Test HAVE_C_WSTRICT_PROTOTYPES
-- Performing Test HAVE_C_WSTRICT_PROTOTYPES - Success
-- Performing Test HAVE_CXX_WUNDEF
-- Performing Test HAVE_CXX_WUNDEF - Success
-- Performing Test HAVE_C_WUNDEF
-- Performing Test HAVE_C_WUNDEF - Success
-- Performing Test HAVE_CXX_WINIT_SELF
-- Performing Test HAVE_CXX_WINIT_SELF - Success
-- Performing Test HAVE_C_WINIT_SELF
-- Performing Test HAVE_C_WINIT_SELF - Success
-- Performing Test HAVE_CXX_WPOINTER_ARITH
-- Performing Test HAVE_CXX_WPOINTER_ARITH - Success
-- Performing Test HAVE_C_WPOINTER_ARITH
-- Performing Test HAVE_C_WPOINTER_ARITH - Success
-- Performing Test HAVE_CXX_WSHADOW
-- Performing Test HAVE_CXX_WSHADOW - Success
-- Performing Test HAVE_C_WSHADOW
-- Performing Test HAVE_C_WSHADOW - Success
-- Performing Test HAVE_CXX_WSIGN_PROMO
-- Performing Test HAVE_CXX_WSIGN_PROMO - Success
-- Performing Test HAVE_C_WSIGN_PROMO
-- Performing Test HAVE_C_WSIGN_PROMO - Success
-- Performing Test HAVE_CXX_WUNINITIALIZED
-- Performing Test HAVE_CXX_WUNINITIALIZED - Success
-- Performing Test HAVE_C_WUNINITIALIZED
-- Performing Test HAVE_C_WUNINITIALIZED - Success
-- Performing Test HAVE_CXX_WNO_DELETE_NON_VIRTUAL_DTOR
-- Performing Test HAVE_CXX_WNO_DELETE_NON_VIRTUAL_DTOR - Success
-- Performing Test HAVE_C_WNO_DELETE_NON_VIRTUAL_DTOR
-- Performing Test HAVE_C_WNO_DELETE_NON_VIRTUAL_DTOR - Success
-- Performing Test HAVE_CXX_WNO_UNNAMED_TYPE_TEMPLATE_ARGS
-- Performing Test HAVE_CXX_WNO_UNNAMED_TYPE_TEMPLATE_ARGS - Success
-- Performing Test HAVE_C_WNO_UNNAMED_TYPE_TEMPLATE_ARGS
-- Performing Test HAVE_C_WNO_UNNAMED_TYPE_TEMPLATE_ARGS - Success
-- Performing Test HAVE_CXX_WNO_COMMENT
-- Performing Test HAVE_CXX_WNO_COMMENT - Success
-- Performing Test HAVE_C_WNO_COMMENT
-- Performing Test HAVE_C_WNO_COMMENT - Success
-- Performing Test HAVE_CXX_FDIAGNOSTICS_SHOW_OPTION
-- Performing Test HAVE_CXX_FDIAGNOSTICS_SHOW_OPTION - Success
-- Performing Test HAVE_C_FDIAGNOSTICS_SHOW_OPTION
-- Performing Test HAVE_C_FDIAGNOSTICS_SHOW_OPTION - Success
-- Performing Test HAVE_CXX_QUNUSED_ARGUMENTS
-- Performing Test HAVE_CXX_QUNUSED_ARGUMENTS - Success
-- Performing Test HAVE_C_QUNUSED_ARGUMENTS
-- Performing Test HAVE_C_QUNUSED_ARGUMENTS - Success
-- Performing Test HAVE_CXX_WNO_SEMICOLON_BEFORE_METHOD_BODY
-- Performing Test HAVE_CXX_WNO_SEMICOLON_BEFORE_METHOD_BODY - Success
-- Performing Test HAVE_C_WNO_SEMICOLON_BEFORE_METHOD_BODY
-- Performing Test HAVE_C_WNO_SEMICOLON_BEFORE_METHOD_BODY - Success
-- Performing Test HAVE_CPU_BASELINE_FLAGS
-- Performing Test HAVE_CPU_BASELINE_FLAGS - Success
-- Performing Test HAVE_CXX_FVISIBILITY_HIDDEN
-- Performing Test HAVE_CXX_FVISIBILITY_HIDDEN - Success
-- Performing Test HAVE_C_FVISIBILITY_HIDDEN
-- Performing Test HAVE_C_FVISIBILITY_HIDDEN - Success
-- Performing Test HAVE_CXX_FVISIBILITY_INLINES_HIDDEN
-- Performing Test HAVE_CXX_FVISIBILITY_INLINES_HIDDEN - Success
-- Performing Test HAVE_C_FVISIBILITY_INLINES_HIDDEN
-- Performing Test HAVE_C_FVISIBILITY_INLINES_HIDDEN - Success
-- Performing Test HAVE_LINK_AS_NEEDED
-- Performing Test HAVE_LINK_AS_NEEDED - Failed
-- Performing Test HAVE_LINK_NO_UNDEFINED
-- Performing Test HAVE_LINK_NO_UNDEFINED - Failed
-- Looking for posix_memalign
-- Looking for posix_memalign - found
-- Looking for malloc.h
-- Looking for malloc.h - not found
-- Looking for fseeko
-- Looking for fseeko - found
-- Looking for unistd.h
-- Looking for unistd.h - found
-- Looking for sys/types.h
-- Looking for sys/types.h - found
-- Looking for stdint.h
-- Looking for stdint.h - found
-- Looking for stddef.h
-- Looking for stddef.h - found
-- Check size of off64_t
-- Check size of off64_t - failed
-- Performing Test HAVE_C_WNO_SHORTEN_64_TO_32
-- Performing Test HAVE_C_WNO_SHORTEN_64_TO_32 - Success
-- Performing Test HAVE_C_WNO_ATTRIBUTES
-- Performing Test HAVE_C_WNO_ATTRIBUTES - Success
-- Performing Test HAVE_C_WNO_STRICT_PROTOTYPES
-- Performing Test HAVE_C_WNO_STRICT_PROTOTYPES - Success
-- Performing Test HAVE_C_WNO_MISSING_PROTOTYPES
-- Performing Test HAVE_C_WNO_MISSING_PROTOTYPES - Success
-- Performing Test HAVE_C_WNO_MISSING_DECLARATIONS
-- Performing Test HAVE_C_WNO_MISSING_DECLARATIONS - Success
-- Performing Test HAVE_C_WNO_SHIFT_NEGATIVE_VALUE
-- Performing Test HAVE_C_WNO_SHIFT_NEGATIVE_VALUE - Success
-- Performing Test HAVE_C_WNO_UNDEF
-- Performing Test HAVE_C_WNO_UNDEF - Success
-- Performing Test HAVE_C_WNO_IMPLICIT_FALLTHROUGH
-- Performing Test HAVE_C_WNO_IMPLICIT_FALLTHROUGH - Success
-- Performing Test HAVE_C_WNO_UNUSED_PARAMETER
-- Performing Test HAVE_C_WNO_UNUSED_PARAMETER - Success
-- Performing Test HAVE_C_WNO_SIGN_COMPARE
-- Performing Test HAVE_C_WNO_SIGN_COMPARE - Success
-- Performing Test HAVE_C_WNO_UNUSED_VARIABLE
-- Performing Test HAVE_C_WNO_UNUSED_VARIABLE - Success
-- libjpeg-turbo: VERSION = 3.0.3, BUILD = opencv-4.10.0-libjpeg-turbo
-- Check size of size_t
-- Check size of size_t - done
-- Check size of unsigned long
-- Check size of unsigned long - done
-- Looking for include file locale.h
-- Looking for include file locale.h - found
-- Looking for include file stdlib.h
-- Looking for include file stdlib.h - found
-- Looking for include file sys/types.h
-- Looking for include file sys/types.h - found
-- Performing Test HAVE_VLD1_S16_X3
-- Performing Test HAVE_VLD1_S16_X3 - Success
-- Performing Test HAVE_VLD1_U16_X2
-- Performing Test HAVE_VLD1_U16_X2 - Success
-- Performing Test HAVE_VLD1Q_U8_X4
-- Performing Test HAVE_VLD1Q_U8_X4 - Success
-- Use full Neon SIMD intrinsics implementation (NEON_INTRINSICS = ON)
-- SIMD extensions: arm64 (WITH_SIMD = 1)
-- Performing Test HAVE_C_WNO_UNUSED_FUNCTION
-- Performing Test HAVE_C_WNO_UNUSED_FUNCTION - Success
-- Performing Test HAVE_C_WNO_SHADOW
-- Performing Test HAVE_C_WNO_SHADOW - Success
-- Performing Test HAVE_C_WNO_MAYBE_UNINITIALIZED
-- Performing Test HAVE_C_WNO_MAYBE_UNINITIALIZED - Failed
-- Performing Test HAVE_C_WNO_UNUSED_BUT_SET_VARIABLE
-- Performing Test HAVE_C_WNO_UNUSED_BUT_SET_VARIABLE - Success
-- The ASM compiler identification is AppleClang
-- Found assembler: /usr/bin/cc
-- Performing Test HAVE_C_WNO_CAST_ALIGN
-- Performing Test HAVE_C_WNO_CAST_ALIGN - Success
-- Performing Test HAVE_C_WNO_NULL_POINTER_SUBTRACTION
-- Performing Test HAVE_C_WNO_NULL_POINTER_SUBTRACTION - Success
-- Performing Test HAVE_CXX_WNO_DEPRECATED
-- Performing Test HAVE_CXX_WNO_DEPRECATED - Success
-- Performing Test HAVE_CXX_WNO_MISSING_PROTOTYPES
-- Performing Test HAVE_CXX_WNO_MISSING_PROTOTYPES - Success
-- Performing Test HAVE_CXX_WNO_MISSING_DECLARATIONS
-- Performing Test HAVE_CXX_WNO_MISSING_DECLARATIONS - Success
-- Performing Test HAVE_CXX_WNO_SHADOW
-- Performing Test HAVE_CXX_WNO_SHADOW - Success
-- Performing Test HAVE_CXX_WNO_UNUSED_PARAMETER
-- Performing Test HAVE_CXX_WNO_UNUSED_PARAMETER - Success
-- Performing Test HAVE_CXX_WNO_UNUSED_LOCAL_TYPEDEFS
-- Performing Test HAVE_CXX_WNO_UNUSED_LOCAL_TYPEDEFS - Success
-- Performing Test HAVE_CXX_WNO_SIGN_COMPARE
-- Performing Test HAVE_CXX_WNO_SIGN_COMPARE - Success
-- Performing Test HAVE_CXX_WNO_SIGN_PROMO
-- Performing Test HAVE_CXX_WNO_SIGN_PROMO - Success
-- Performing Test HAVE_CXX_WNO_UNDEF
-- Performing Test HAVE_CXX_WNO_UNDEF - Success
-- Performing Test HAVE_CXX_WNO_TAUTOLOGICAL_UNDEFINED_COMPARE
-- Performing Test HAVE_CXX_WNO_TAUTOLOGICAL_UNDEFINED_COMPARE - Success
-- Performing Test HAVE_CXX_WNO_IGNORED_QUALIFIERS
-- Performing Test HAVE_CXX_WNO_IGNORED_QUALIFIERS - Success
-- Performing Test HAVE_CXX_WNO_EXTRA
-- Performing Test HAVE_CXX_WNO_EXTRA - Success
-- Performing Test HAVE_CXX_WNO_UNUSED_FUNCTION
-- Performing Test HAVE_CXX_WNO_UNUSED_FUNCTION - Success
-- Performing Test HAVE_CXX_WNO_UNUSED_CONST_VARIABLE
-- Performing Test HAVE_CXX_WNO_UNUSED_CONST_VARIABLE - Success
-- Performing Test HAVE_CXX_WNO_SHORTEN_64_TO_32
-- Performing Test HAVE_CXX_WNO_SHORTEN_64_TO_32 - Success
-- Performing Test HAVE_CXX_WNO_INVALID_OFFSETOF
-- Performing Test HAVE_CXX_WNO_INVALID_OFFSETOF - Success
-- Performing Test HAVE_CXX_WNO_ENUM_COMPARE_SWITCH
-- Performing Test HAVE_CXX_WNO_ENUM_COMPARE_SWITCH - Success
-- Performing Test HAVE_CXX_WNO_SUGGEST_OVERRIDE
-- Performing Test HAVE_CXX_WNO_SUGGEST_OVERRIDE - Success
-- Performing Test HAVE_CXX_WNO_INCONSISTENT_MISSING_OVERRIDE
-- Performing Test HAVE_CXX_WNO_INCONSISTENT_MISSING_OVERRIDE - Success
-- Performing Test HAVE_CXX_WNO_IMPLICIT_FALLTHROUGH
-- Performing Test HAVE_CXX_WNO_IMPLICIT_FALLTHROUGH - Success
-- Performing Test HAVE_CXX_WNO_ARRAY_BOUNDS
-- Performing Test HAVE_CXX_WNO_ARRAY_BOUNDS - Success
-- Performing Test HAVE_CXX_WNO_STRINGOP_OVERFLOW
-- Performing Test HAVE_CXX_WNO_STRINGOP_OVERFLOW - Failed
-- Performing Test HAVE_CXX_WNO_STRINGOP_OVERREAD
-- Performing Test HAVE_CXX_WNO_STRINGOP_OVERREAD - Failed
-- Performing Test HAVE_CXX_WNO_EXTRA_SEMI
-- Performing Test HAVE_CXX_WNO_EXTRA_SEMI - Success
-- Performing Test HAVE_CXX_WNO_COMMA
-- Performing Test HAVE_CXX_WNO_COMMA - Success
-- ADE: Downloading v0.1.2d.zip from https://github.com/opencv/ade/archive/v0.1.2d.zip
-- Performing Test HAVE_CXX_WNO_DEPRECATED_COPY
-- Performing Test HAVE_CXX_WNO_DEPRECATED_COPY - Success
-- Using whitelist: opencv_calib3d;opencv_core;opencv_features2d;opencv_flann;opencv_imgcodecs;opencv_imgproc;opencv_photo;opencv_stitching
-- Module opencv_dnn disabled by whitelist
-- Module opencv_gapi disabled by whitelist
-- Module opencv_java_bindings_generator disabled by whitelist
-- Module opencv_js_bindings_generator disabled by whitelist
-- Module opencv_ml disabled by whitelist
-- Module opencv_objc_bindings_generator disabled by whitelist
-- Module opencv_objc disabled by whitelist
-- Module opencv_objdetect disabled by whitelist
-- Module opencv_video disabled by whitelist
-- Module opencv_videoio disabled by whitelist
-- Allocator metrics storage type: 'int'
-- Excluding from source files list: modules/imgproc/src/corner.avx.cpp
-- Excluding from source files list: modules/imgproc/src/imgwarp.avx2.cpp
-- Excluding from source files list: modules/imgproc/src/imgwarp.lasx.cpp
-- Excluding from source files list: modules/imgproc/src/imgwarp.sse4_1.cpp
-- Excluding from source files list: modules/imgproc/src/resize.avx2.cpp
-- Excluding from source files list: modules/imgproc/src/resize.lasx.cpp
-- Excluding from source files list: modules/imgproc/src/resize.sse4_1.cpp
-- Excluding from source files list: modules/features2d/src/fast.avx2.cpp
-- Performing Test HAVE_CXX_FOBJC_EXCEPTIONS
-- Performing Test HAVE_CXX_FOBJC_EXCEPTIONS - Success
-- Performing Test HAVE_CXX_WNO_DEPRECATED_DECLARATIONS
-- Performing Test HAVE_CXX_WNO_DEPRECATED_DECLARATIONS - Success
-- 
-- General configuration for OpenCV 4.10.0 =====================================
--   Version control:               4.10.0
-- 
--   Platform:
--     Timestamp:                   2026-03-06T15:27:54Z
--     Host:                        Darwin 25.3.0 arm64
--     Target:                      iOS
--     CMake:                       4.1.1
--     CMake generator:             Ninja
--     CMake build tool:            /opt/homebrew/bin/ninja
--     Configuration:               Release
-- 
--   CPU/HW features:
--     Baseline:
--       requested:                 DETECT
-- 
--   C/C++:
--     Built as dynamic libs?:      NO
--     C++ standard:                11
--     C++ Compiler:                /usr/bin/c++  (ver 17.0.0.17000604)
--     C++ flags (Release):         -fsigned-char -W -Wall -Wreturn-type -Wnon-virtual-dtor -Waddress -Wsequence-point -Wformat -Wformat-security -Wmissing-declarations -Wmissing-prototypes -Wstrict-prototypes -Wundef -Winit-self -Wpointer-arith -Wshadow -Wsign-promo -Wuninitialized -Wno-delete-non-virtual-dtor -Wno-unnamed-type-template-args -Wno-comment -fdiagnostics-show-option -Qunused-arguments -Wno-semicolon-before-method-body  -fvisibility=hidden -fvisibility-inlines-hidden -Wno-deprecated-copy -O3 -DNDEBUG  -DNDEBUG
--     C++ flags (Debug):           -fsigned-char -W -Wall -Wreturn-type -Wnon-virtual-dtor -Waddress -Wsequence-point -Wformat -Wformat-security -Wmissing-declarations -Wmissing-prototypes -Wstrict-prototypes -Wundef -Winit-self -Wpointer-arith -Wshadow -Wsign-promo -Wuninitialized -Wno-delete-non-virtual-dtor -Wno-unnamed-type-template-args -Wno-comment -fdiagnostics-show-option -Qunused-arguments -Wno-semicolon-before-method-body  -fvisibility=hidden -fvisibility-inlines-hidden -Wno-deprecated-copy -g  -O0 -DDEBUG -D_DEBUG
--     C Compiler:                  /usr/bin/cc
--     C flags (Release):           -fsigned-char -W -Wall -Wreturn-type -Wnon-virtual-dtor -Waddress -Wsequence-point -Wformat -Wformat-security -Wmissing-declarations -Wmissing-prototypes -Wstrict-prototypes -Wundef -Winit-self -Wpointer-arith -Wshadow -Wsign-promo -Wuninitialized -Wno-delete-non-virtual-dtor -Wno-unnamed-type-template-args -Wno-comment -fdiagnostics-show-option -Qunused-arguments -Wno-semicolon-before-method-body  -fvisibility=hidden -fvisibility-inlines-hidden -O3 -DNDEBUG  -DNDEBUG
--     C flags (Debug):             -fsigned-char -W -Wall -Wreturn-type -Wnon-virtual-dtor -Waddress -Wsequence-point -Wformat -Wformat-security -Wmissing-declarations -Wmissing-prototypes -Wstrict-prototypes -Wundef -Winit-self -Wpointer-arith -Wshadow -Wsign-promo -Wuninitialized -Wno-delete-non-virtual-dtor -Wno-unnamed-type-template-args -Wno-comment -fdiagnostics-show-option -Qunused-arguments -Wno-semicolon-before-method-body  -fvisibility=hidden -fvisibility-inlines-hidden -g  -O0 -DDEBUG -D_DEBUG
--     Linker flags (Release):      
--     Linker flags (Debug):        
--     ccache:                      NO
--     Precompiled headers:         NO
--     Extra dependencies:          -framework UIKit -framework Accelerate -framework CoreGraphics -framework QuartzCore
--     3rdparty dependencies:       libjpeg-turbo libwebp libpng zlib
-- 
--   OpenCV modules:
--     To be built:                 calib3d core features2d flann imgcodecs imgproc photo stitching
--     Disabled:                    highgui world
--     Disabled by dependency:      dnn gapi java_bindings_generator js_bindings_generator ml objc objc_bindings_generator objdetect video videoio
--     Unavailable:                 java python2 python3 ts
--     Applications:                -
--     Documentation:               NO
--     Non-free algorithms:         YES
-- 
--   GUI: 
-- 
--   Media I/O: 
--     ZLib:                        build (ver 1.3.1)
--     JPEG:                        build-libjpeg-turbo (ver 3.0.3-70)
--       SIMD Support Request:      YES
--       SIMD Support:              YES
--     WEBP:                        build (ver encoder: 0x020f)
--     PNG:                         build (ver 1.6.43)
--       SIMD Support Request:      YES
--       SIMD Support:              YES (Arm NEON)
--     HDR:                         YES
--     SUNRASTER:                   YES
--     PXM:                         YES
--     PFM:                         YES
-- 
--   Video I/O:
--     AVFoundation:                YES
--     iOS capture:                 YES
-- 
--   Parallel framework:            GCD
-- 
--   Trace:                         YES (built-in)
-- 
--   Other third-party libraries:
--     Custom HAL:                  NO
--     Protobuf:                    build (3.19.1)
--     Flatbuffers:                 builtin/3rdparty (23.5.9)
-- 
--   Python (for build):            NO
-- 
--   Objective-C wrappers:          NO
-- 
--   Install to:                    /Users/j.freyer/Desktop/opencv-ios-custom/scripts/work/install-iphoneos-arm64
-- -----------------------------------------------------------------
-- 
-- Configuring done (36.7s)
-- Generating done (0.3s)
-- Build files have been written to: /Users/j.freyer/Desktop/opencv-ios-custom/scripts/work/build-iphoneos-arm64
