Compilation failed:
    source file: '/Users/j.freyer/Desktop/opencv-ios-custom/scripts/work/xcframework-build/iphonesimulator/build/build-arm64-iphonesimulator/CMakeFiles/CMakeTmp/src.cxx'
    check option: ''
===== BUILD LOG =====
Change Dir: '/Users/j.freyer/Desktop/opencv-ios-custom/scripts/work/xcframework-build/iphonesimulator/build/build-arm64-iphonesimulator/CMakeFiles/CMakeTmp'

Run Build Command(s): /usr/bin/xcodebuild -project CMAKE_TRY_COMPILE.xcodeproj build -configuration Release -parallelizeTargets -hideShellScriptEnvironment -target cmTC_77295
Command line invocation:
    /Applications/Xcode.app/Contents/Developer/usr/bin/xcodebuild -project CMAKE_TRY_COMPILE.xcodeproj build -configuration Release -parallelizeTargets -hideShellScriptEnvironment -target cmTC_77295

ComputePackagePrebuildTargetDependencyGraph

CreateBuildRequest

SendProjectDescription

CreateBuildOperation

ComputeTargetDependencyGraph
note: Building targets in dependency order
note: Target dependency graph (1 target)
    Target 'cmTC_77295' in project 'CMAKE_TRY_COMPILE' (no dependencies)

GatherProvisioningInputs

CreateBuildDescription

ExecuteExternalTool /Applications/Xcode.app/Contents/Developer/Toolchains/XcodeDefault.xctoolchain/usr/bin/clang -v -E -dM -isysroot /Applications/Xcode.app/Contents/Developer/Platforms/iPhoneSimulator.platform/Developer/SDKs/iPhoneSimulator26.2.sdk -x c -c /dev/null

ExecuteExternalTool /Applications/Xcode.app/Contents/Developer/Toolchains/XcodeDefault.xctoolchain/usr/bin/clang -v -E -dM -arch arm64 -isysroot /Applications/Xcode.app/Contents/Developer/Platforms/iPhoneSimulator.platform/Developer/SDKs/iPhoneSimulator26.2.sdk -x c++ -c /dev/null

ExecuteExternalTool /Applications/Xcode.app/Contents/Developer/Toolchains/XcodeDefault.xctoolchain/usr/bin/clang -v -E -dM -arch arm64 -isysroot /Applications/Xcode.app/Contents/Developer/Platforms/iPhoneSimulator.platform/Developer/SDKs/iPhoneSimulator26.2.sdk -x c -c /dev/null

ExecuteExternalTool /Applications/Xcode.app/Contents/Developer/Toolchains/XcodeDefault.xctoolchain/usr/bin/ld -version_details

Build description signature: b60aede490a1a3e047d8145f6807544f
Build description path: /Users/j.freyer/Desktop/opencv-ios-custom/scripts/work/xcframework-build/iphonesimulator/build/build-arm64-iphonesimulator/CMakeFiles/CMakeTmp/build/XCBuildData/b60aede490a1a3e047d8145f6807544f.xcbuilddata
CreateBuildDirectory /Users/j.freyer/Desktop/opencv-ios-custom/scripts/work/xcframework-build/iphonesimulator/build/build-arm64-iphonesimulator/CMakeFiles/CMakeTmp/build
    cd /Users/j.freyer/Desktop/opencv-ios-custom/scripts/work/xcframework-build/iphonesimulator/build/build-arm64-iphonesimulator/CMakeFiles/CMakeTmp/CMAKE_TRY_COMPILE.xcodeproj
    builtin-create-build-directory /Users/j.freyer/Desktop/opencv-ios-custom/scripts/work/xcframework-build/iphonesimulator/build/build-arm64-iphonesimulator/CMakeFiles/CMakeTmp/build

ClangStatCache /Applications/Xcode.app/Contents/Developer/Toolchains/XcodeDefault.xctoolchain/usr/bin/clang-stat-cache /Applications/Xcode.app/Contents/Developer/Platforms/iPhoneSimulator.platform/Developer/SDKs/iPhoneSimulator26.2.sdk /var/folders/r1/qkc9fzy91zb68vl41w8l9_300000gp/C/com.apple.DeveloperTools/26.2-17C52/Xcode/SDKStatCaches.noindex/iphonesimulator26.2-23C53-7d00a8b37fbd7999ea79df8ebc024bf0.sdkstatcache
    cd /Users/j.freyer/Desktop/opencv-ios-custom/scripts/work/xcframework-build/iphonesimulator/build/build-arm64-iphonesimulator/CMakeFiles/CMakeTmp/CMAKE_TRY_COMPILE.xcodeproj
    /Applications/Xcode.app/Contents/Developer/Toolchains/XcodeDefault.xctoolchain/usr/bin/clang-stat-cache /Applications/Xcode.app/Contents/Developer/Platforms/iPhoneSimulator.platform/Developer/SDKs/iPhoneSimulator26.2.sdk -o /var/folders/r1/qkc9fzy91zb68vl41w8l9_300000gp/C/com.apple.DeveloperTools/26.2-17C52/Xcode/SDKStatCaches.noindex/iphonesimulator26.2-23C53-7d00a8b37fbd7999ea79df8ebc024bf0.sdkstatcache

CreateBuildDirectory /Users/j.freyer/Desktop/opencv-ios-custom/scripts/work/xcframework-build/iphonesimulator/build/build-arm64-iphonesimulator/CMakeFiles/CMakeTmp/Release
    cd /Users/j.freyer/Desktop/opencv-ios-custom/scripts/work/xcframework-build/iphonesimulator/build/build-arm64-iphonesimulator/CMakeFiles/CMakeTmp/CMAKE_TRY_COMPILE.xcodeproj
    builtin-create-build-directory /Users/j.freyer/Desktop/opencv-ios-custom/scripts/work/xcframework-build/iphonesimulator/build/build-arm64-iphonesimulator/CMakeFiles/CMakeTmp/Release

CreateBuildDirectory /Users/j.freyer/Desktop/opencv-ios-custom/scripts/work/xcframework-build/iphonesimulator/build/build-arm64-iphonesimulator/CMakeFiles/CMakeTmp/build/ExplicitPrecompiledModules
    cd /Users/j.freyer/Desktop/opencv-ios-custom/scripts/work/xcframework-build/iphonesimulator/build/build-arm64-iphonesimulator/CMakeFiles/CMakeTmp/CMAKE_TRY_COMPILE.xcodeproj
    builtin-create-build-directory /Users/j.freyer/Desktop/opencv-ios-custom/scripts/work/xcframework-build/iphonesimulator/build/build-arm64-iphonesimulator/CMakeFiles/CMakeTmp/build/ExplicitPrecompiledModules

CreateBuildDirectory /Users/j.freyer/Desktop/opencv-ios-custom/scripts/work/xcframework-build/iphonesimulator/build/build-arm64-iphonesimulator/CMakeFiles/CMakeTmp/build/SwiftExplicitPrecompiledModules
    cd /Users/j.freyer/Desktop/opencv-ios-custom/scripts/work/xcframework-build/iphonesimulator/build/build-arm64-iphonesimulator/CMakeFiles/CMakeTmp/CMAKE_TRY_COMPILE.xcodeproj
    builtin-create-build-directory /Users/j.freyer/Desktop/opencv-ios-custom/scripts/work/xcframework-build/iphonesimulator/build/build-arm64-iphonesimulator/CMakeFiles/CMakeTmp/build/SwiftExplicitPrecompiledModules

CreateBuildDirectory /Users/j.freyer/Desktop/opencv-ios-custom/scripts/work/xcframework-build/iphonesimulator/build/build-arm64-iphonesimulator/CMakeFiles/CMakeTmp/build/EagerLinkingTBDs/Release-iphonesimulator
    cd /Users/j.freyer/Desktop/opencv-ios-custom/scripts/work/xcframework-build/iphonesimulator/build/build-arm64-iphonesimulator/CMakeFiles/CMakeTmp/CMAKE_TRY_COMPILE.xcodeproj
    builtin-create-build-directory /Users/j.freyer/Desktop/opencv-ios-custom/scripts/work/xcframework-build/iphonesimulator/build/build-arm64-iphonesimulator/CMakeFiles/CMakeTmp/build/EagerLinkingTBDs/Release-iphonesimulator

MkDir /Users/j.freyer/Desktop/opencv-ios-custom/scripts/work/xcframework-build/iphonesimulator/build/build-arm64-iphonesimulator/CMakeFiles/CMakeTmp/Release/cmTC_77295.app (in target 'cmTC_77295' from project 'CMAKE_TRY_COMPILE')
    cd /Users/j.freyer/Desktop/opencv-ios-custom/scripts/work/xcframework-build/iphonesimulator/build/build-arm64-iphonesimulator/CMakeFiles/CMakeTmp
    /bin/mkdir -p /Users/j.freyer/Desktop/opencv-ios-custom/scripts/work/xcframework-build/iphonesimulator/build/build-arm64-iphonesimulator/CMakeFiles/CMakeTmp/Release/cmTC_77295.app

WriteAuxiliaryFile /Users/j.freyer/Desktop/opencv-ios-custom/scripts/work/xcframework-build/iphonesimulator/build/build-arm64-iphonesimulator/CMakeFiles/CMakeTmp/build/cmTC_77295.build/Release-iphonesimulator/cmTC_77295.DependencyStaticMetadataFileList (in target 'cmTC_77295' from project 'CMAKE_TRY_COMPILE')
    cd /Users/j.freyer/Desktop/opencv-ios-custom/scripts/work/xcframework-build/iphonesimulator/build/build-arm64-iphonesimulator/CMakeFiles/CMakeTmp
    write-file /Users/j.freyer/Desktop/opencv-ios-custom/scripts/work/xcframework-build/iphonesimulator/build/build-arm64-iphonesimulator/CMakeFiles/CMakeTmp/build/cmTC_77295.build/Release-iphonesimulator/cmTC_77295.DependencyStaticMetadataFileList

WriteAuxiliaryFile /Users/j.freyer/Desktop/opencv-ios-custom/scripts/work/xcframework-build/iphonesimulator/build/build-arm64-iphonesimulator/CMakeFiles/CMakeTmp/build/cmTC_77295.build/Release-iphonesimulator/cmTC_77295.DependencyMetadataFileList (in target 'cmTC_77295' from project 'CMAKE_TRY_COMPILE')
    cd /Users/j.freyer/Desktop/opencv-ios-custom/scripts/work/xcframework-build/iphonesimulator/build/build-arm64-iphonesimulator/CMakeFiles/CMakeTmp
    write-file /Users/j.freyer/Desktop/opencv-ios-custom/scripts/work/xcframework-build/iphonesimulator/build/build-arm64-iphonesimulator/CMakeFiles/CMakeTmp/build/cmTC_77295.build/Release-iphonesimulator/cmTC_77295.DependencyMetadataFileList

WriteAuxiliaryFile /Users/j.freyer/Desktop/opencv-ios-custom/scripts/work/xcframework-build/iphonesimulator/build/build-arm64-iphonesimulator/CMakeFiles/CMakeTmp/build/cmTC_77295.build/Release-iphonesimulator/Objects-normal/arm64/cmTC_77295.LinkFileList (in target 'cmTC_77295' from project 'CMAKE_TRY_COMPILE')
    cd /Users/j.freyer/Desktop/opencv-ios-custom/scripts/work/xcframework-build/iphonesimulator/build/build-arm64-iphonesimulator/CMakeFiles/CMakeTmp
    write-file /Users/j.freyer/Desktop/opencv-ios-custom/scripts/work/xcframework-build/iphonesimulator/build/build-arm64-iphonesimulator/CMakeFiles/CMakeTmp/build/cmTC_77295.build/Release-iphonesimulator/Objects-normal/arm64/cmTC_77295.LinkFileList

ProcessInfoPlistFile /Users/j.freyer/Desktop/opencv-ios-custom/scripts/work/xcframework-build/iphonesimulator/build/build-arm64-iphonesimulator/CMakeFiles/CMakeTmp/Release/cmTC_77295.app/Info.plist /Users/j.freyer/Desktop/opencv-ios-custom/scripts/work/xcframework-build/iphonesimulator/build/build-arm64-iphonesimulator/CMakeFiles/CMakeTmp/CMakeFiles/cmTC_77295.dir/Info.plist (in target 'cmTC_77295' from project 'CMAKE_TRY_COMPILE')
    cd /Users/j.freyer/Desktop/opencv-ios-custom/scripts/work/xcframework-build/iphonesimulator/build/build-arm64-iphonesimulator/CMakeFiles/CMakeTmp
    builtin-infoPlistUtility /Users/j.freyer/Desktop/opencv-ios-custom/scripts/work/xcframework-build/iphonesimulator/build/build-arm64-iphonesimulator/CMakeFiles/CMakeTmp/CMakeFiles/cmTC_77295.dir/Info.plist -producttype com.apple.product-type.application -genpkginfo /Users/j.freyer/Desktop/opencv-ios-custom/scripts/work/xcframework-build/iphonesimulator/build/build-arm64-iphonesimulator/CMakeFiles/CMakeTmp/Release/cmTC_77295.app/PkgInfo -expandbuildsettings -format binary -platform iphonesimulator -o /Users/j.freyer/Desktop/opencv-ios-custom/scripts/work/xcframework-build/iphonesimulator/build/build-arm64-iphonesimulator/CMakeFiles/CMakeTmp/Release/cmTC_77295.app/Info.plist

WriteAuxiliaryFile /Users/j.freyer/Desktop/opencv-ios-custom/scripts/work/xcframework-build/iphonesimulator/build/build-arm64-iphonesimulator/CMakeFiles/CMakeTmp/build/cmTC_77295.build/Release-iphonesimulator/Objects-normal/arm64/82b82416624d2658e5098eb0a28c15c5-common-args.resp (in target 'cmTC_77295' from project 'CMAKE_TRY_COMPILE')
    cd /Users/j.freyer/Desktop/opencv-ios-custom/scripts/work/xcframework-build/iphonesimulator/build/build-arm64-iphonesimulator/CMakeFiles/CMakeTmp
    write-file /Users/j.freyer/Desktop/opencv-ios-custom/scripts/work/xcframework-build/iphonesimulator/build/build-arm64-iphonesimulator/CMakeFiles/CMakeTmp/build/cmTC_77295.build/Release-iphonesimulator/Objects-normal/arm64/82b82416624d2658e5098eb0a28c15c5-common-args.resp
-target arm64-apple-ios26.2-simulator -fpascal-strings -O3 '-DCMAKE_INTDIR="Release-iphonesimulator"' -isysroot /Applications/Xcode.app/Contents/Developer/Platforms/iPhoneSimulator.platform/Developer/SDKs/iPhoneSimulator26.2.sdk -I/Users/j.freyer/Desktop/opencv-ios-custom/scripts/work/xcframework-build/iphonesimulator/build/build-arm64-iphonesimulator/CMakeFiles/CMakeTmp/Release/include -I/Users/j.freyer/Desktop/opencv-ios-custom/scripts/work/xcframework-build/iphonesimulator/build/build-arm64-iphonesimulator/CMakeFiles/CMakeTmp/build/cmTC_77295.build/Release-iphonesimulator/DerivedSources-normal/arm64 -I/Users/j.freyer/Desktop/opencv-ios-custom/scripts/work/xcframework-build/iphonesimulator/build/build-arm64-iphonesimulator/CMakeFiles/CMakeTmp/build/cmTC_77295.build/Release-iphonesimulator/DerivedSources/arm64 -I/Users/j.freyer/Desktop/opencv-ios-custom/scripts/work/xcframework-build/iphonesimulator/build/build-arm64-iphonesimulator/CMakeFiles/CMakeTmp/build/cmTC_77295.build/Release-iphonesimulator/DerivedSources -F/Users/j.freyer/Desktop/opencv-ios-custom/scripts/work/xcframework-build/iphonesimulator/build/build-arm64-iphonesimulator/CMakeFiles/CMakeTmp/Release -DNDEBUG '-std=c++11' -fPIE

CompileC /Users/j.freyer/Desktop/opencv-ios-custom/scripts/work/xcframework-build/iphonesimulator/build/build-arm64-iphonesimulator/CMakeFiles/CMakeTmp/build/cmTC_77295.build/Release-iphonesimulator/Objects-normal/arm64/src.o /Users/j.freyer/Desktop/opencv-ios-custom/scripts/work/xcframework-build/iphonesimulator/build/build-arm64-iphonesimulator/CMakeFiles/CMakeTmp/src.cxx normal arm64 c++ com.apple.compilers.llvm.clang.1_0.compiler (in target 'cmTC_77295' from project 'CMAKE_TRY_COMPILE')
    cd /Users/j.freyer/Desktop/opencv-ios-custom/scripts/work/xcframework-build/iphonesimulator/build/build-arm64-iphonesimulator/CMakeFiles/CMakeTmp
    
    Using response file: /Users/j.freyer/Desktop/opencv-ios-custom/scripts/work/xcframework-build/iphonesimulator/build/build-arm64-iphonesimulator/CMakeFiles/CMakeTmp/build/cmTC_77295.build/Release-iphonesimulator/Objects-normal/arm64/82b82416624d2658e5098eb0a28c15c5-common-args.resp
    
    /Applications/Xcode.app/Contents/Developer/Toolchains/XcodeDefault.xctoolchain/usr/bin/clang -x c++ -ivfsstatcache /var/folders/r1/qkc9fzy91zb68vl41w8l9_300000gp/C/com.apple.DeveloperTools/26.2-17C52/Xcode/SDKStatCaches.noindex/iphonesimulator26.2-23C53-7d00a8b37fbd7999ea79df8ebc024bf0.sdkstatcache -fmessage-length\=0 -fdiagnostics-show-note-include-stack -fmacro-backtrace-limit\=0 -fno-color-diagnostics -Wno-trigraphs -Wno-missing-field-initializers -Wno-missing-prototypes -Wno-return-type -Wno-non-virtual-dtor -Wno-overloaded-virtual -Wno-exit-time-destructors -Wno-missing-braces -Wparentheses -Wswitch -Wno-unused-function -Wno-unused-label -Wno-unused-parameter -Wno-unused-variable -Wunused-value -Wno-empty-body -Wno-uninitialized -Wno-unknown-pragmas -Wno-shadow -Wno-four-char-constants -Wno-conversion -Wno-constant-conversion -Wno-int-conversion -Wno-bool-conversion -Wno-enum-conversion -Wno-float-conversion -Wno-non-literal-null-conversion -Wno-objc-literal-conversion -Wshorten-64-to-32 -Wno-newline-eof -Wno-c++11-extensions -Wno-implicit-fallthrough -fstrict-aliasing -Wdeprecated-declarations -Winvalid-offsetof -Wno-sign-conversion -Wno-infinite-recursion -Wno-move -Wno-comma -Wno-block-capture-autoreleasing -Wno-strict-prototypes -Wno-range-loop-analysis -Wno-semicolon-before-method-body @/Users/j.freyer/Desktop/opencv-ios-custom/scripts/work/xcframework-build/iphonesimulator/build/build-arm64-iphonesimulator/CMakeFiles/CMakeTmp/build/cmTC_77295.build/Release-iphonesimulator/Objects-normal/arm64/82b82416624d2658e5098eb0a28c15c5-common-args.resp -MMD -MT dependencies -MF /Users/j.freyer/Desktop/opencv-ios-custom/scripts/work/xcframework-build/iphonesimulator/build/build-arm64-iphonesimulator/CMakeFiles/CMakeTmp/build/cmTC_77295.build/Release-iphonesimulator/Objects-normal/arm64/src.d --serialize-diagnostics /Users/j.freyer/Desktop/opencv-ios-custom/scripts/work/xcframework-build/iphonesimulator/build/build-arm64-iphonesimulator/CMakeFiles/CMakeTmp/build/cmTC_77295.build/Release-iphonesimulator/Objects-normal/arm64/src.dia -c /Users/j.freyer/Desktop/opencv-ios-custom/scripts/work/xcframework-build/iphonesimulator/build/build-arm64-iphonesimulator/CMakeFiles/CMakeTmp/src.cxx -o /Users/j.freyer/Desktop/opencv-ios-custom/scripts/work/xcframework-build/iphonesimulator/build/build-arm64-iphonesimulator/CMakeFiles/CMakeTmp/build/cmTC_77295.build/Release-iphonesimulator/Objects-normal/arm64/src.o

Ld /Users/j.freyer/Desktop/opencv-ios-custom/scripts/work/xcframework-build/iphonesimulator/build/build-arm64-iphonesimulator/CMakeFiles/CMakeTmp/Release/cmTC_77295.app/cmTC_77295 normal (in target 'cmTC_77295' from project 'CMAKE_TRY_COMPILE')
    cd /Users/j.freyer/Desktop/opencv-ios-custom/scripts/work/xcframework-build/iphonesimulator/build/build-arm64-iphonesimulator/CMakeFiles/CMakeTmp
    /Applications/Xcode.app/Contents/Developer/Toolchains/XcodeDefault.xctoolchain/usr/bin/clang++ -Xlinker -reproducible -target arm64-apple-ios26.2-simulator -isysroot /Applications/Xcode.app/Contents/Developer/Platforms/iPhoneSimulator.platform/Developer/SDKs/iPhoneSimulator26.2.sdk -O3 -L/Users/j.freyer/Desktop/opencv-ios-custom/scripts/work/xcframework-build/iphonesimulator/build/build-arm64-iphonesimulator/CMakeFiles/CMakeTmp/build/EagerLinkingTBDs/Release-iphonesimulator -L/Users/j.freyer/Desktop/opencv-ios-custom/scripts/work/xcframework-build/iphonesimulator/build/build-arm64-iphonesimulator/CMakeFiles/CMakeTmp/Release -F/Users/j.freyer/Desktop/opencv-ios-custom/scripts/work/xcframework-build/iphonesimulator/build/build-arm64-iphonesimulator/CMakeFiles/CMakeTmp/build/EagerLinkingTBDs/Release-iphonesimulator -F/Users/j.freyer/Desktop/opencv-ios-custom/scripts/work/xcframework-build/iphonesimulator/build/build-arm64-iphonesimulator/CMakeFiles/CMakeTmp/Release -filelist /Users/j.freyer/Desktop/opencv-ios-custom/scripts/work/xcframework-build/iphonesimulator/build/build-arm64-iphonesimulator/CMakeFiles/CMakeTmp/build/cmTC_77295.build/Release-iphonesimulator/Objects-normal/arm64/cmTC_77295.LinkFileList -dead_strip -Xlinker -objc_abi_version -Xlinker 2 -Xlinker -dependency_info -Xlinker /Users/j.freyer/Desktop/opencv-ios-custom/scripts/work/xcframework-build/iphonesimulator/build/build-arm64-iphonesimulator/CMakeFiles/CMakeTmp/build/cmTC_77295.build/Release-iphonesimulator/Objects-normal/arm64/cmTC_77295_dependency_info.dat -Wl,--as-needed -Wl,-search_paths_first -Wl,-headerpad_max_install_names -o /Users/j.freyer/Desktop/opencv-ios-custom/scripts/work/xcframework-build/iphonesimulator/build/build-arm64-iphonesimulator/CMakeFiles/CMakeTmp/Release/cmTC_77295.app/cmTC_77295
ld: unknown options: --as-needed 
clang++: error: linker command failed with exit code 1 (use -v to see invocation)

** BUILD FAILED **


The following build commands failed:
	Ld /Users/j.freyer/Desktop/opencv-ios-custom/scripts/work/xcframework-build/iphonesimulator/build/build-arm64-iphonesimulator/CMakeFiles/CMakeTmp/Release/cmTC_77295.app/cmTC_77295 normal (in target 'cmTC_77295' from project 'CMAKE_TRY_COMPILE')
(1 failure)


===== END =====

Compilation failed:
    source file: '/Users/j.freyer/Desktop/opencv-ios-custom/scripts/work/xcframework-build/iphonesimulator/build/build-arm64-iphonesimulator/CMakeFiles/CMakeTmp/src.cxx'
    check option: ''
===== BUILD LOG =====
Change Dir: '/Users/j.freyer/Desktop/opencv-ios-custom/scripts/work/xcframework-build/iphonesimulator/build/build-arm64-iphonesimulator/CMakeFiles/CMakeTmp'

Run Build Command(s): /usr/bin/xcodebuild -project CMAKE_TRY_COMPILE.xcodeproj build -configuration Release -parallelizeTargets -hideShellScriptEnvironment -target cmTC_a4331
Command line invocation:
    /Applications/Xcode.app/Contents/Developer/usr/bin/xcodebuild -project CMAKE_TRY_COMPILE.xcodeproj build -configuration Release -parallelizeTargets -hideShellScriptEnvironment -target cmTC_a4331

ComputePackagePrebuildTargetDependencyGraph

CreateBuildRequest

SendProjectDescription

CreateBuildOperation

ComputeTargetDependencyGraph
note: Building targets in dependency order
note: Target dependency graph (1 target)
    Target 'cmTC_a4331' in project 'CMAKE_TRY_COMPILE' (no dependencies)

GatherProvisioningInputs

CreateBuildDescription

ExecuteExternalTool /Applications/Xcode.app/Contents/Developer/Toolchains/XcodeDefault.xctoolchain/usr/bin/clang -v -E -dM -isysroot /Applications/Xcode.app/Contents/Developer/Platforms/iPhoneSimulator.platform/Developer/SDKs/iPhoneSimulator26.2.sdk -x c -c /dev/null

ExecuteExternalTool /Applications/Xcode.app/Contents/Developer/Toolchains/XcodeDefault.xctoolchain/usr/bin/clang -v -E -dM -arch arm64 -isysroot /Applications/Xcode.app/Contents/Developer/Platforms/iPhoneSimulator.platform/Developer/SDKs/iPhoneSimulator26.2.sdk -x c++ -c /dev/null

ExecuteExternalTool /Applications/Xcode.app/Contents/Developer/Toolchains/XcodeDefault.xctoolchain/usr/bin/clang -v -E -dM -arch arm64 -isysroot /Applications/Xcode.app/Contents/Developer/Platforms/iPhoneSimulator.platform/Developer/SDKs/iPhoneSimulator26.2.sdk -x c -c /dev/null

ExecuteExternalTool /Applications/Xcode.app/Contents/Developer/Toolchains/XcodeDefault.xctoolchain/usr/bin/ld -version_details

Build description signature: ad8154a42cb2b5f535536b4f723a89ea
Build description path: /Users/j.freyer/Desktop/opencv-ios-custom/scripts/work/xcframework-build/iphonesimulator/build/build-arm64-iphonesimulator/CMakeFiles/CMakeTmp/build/XCBuildData/ad8154a42cb2b5f535536b4f723a89ea.xcbuilddata
CreateBuildDirectory /Users/j.freyer/Desktop/opencv-ios-custom/scripts/work/xcframework-build/iphonesimulator/build/build-arm64-iphonesimulator/CMakeFiles/CMakeTmp/build
    cd /Users/j.freyer/Desktop/opencv-ios-custom/scripts/work/xcframework-build/iphonesimulator/build/build-arm64-iphonesimulator/CMakeFiles/CMakeTmp/CMAKE_TRY_COMPILE.xcodeproj
    builtin-create-build-directory /Users/j.freyer/Desktop/opencv-ios-custom/scripts/work/xcframework-build/iphonesimulator/build/build-arm64-iphonesimulator/CMakeFiles/CMakeTmp/build

CreateBuildDirectory /Users/j.freyer/Desktop/opencv-ios-custom/scripts/work/xcframework-build/iphonesimulator/build/build-arm64-iphonesimulator/CMakeFiles/CMakeTmp/Release
    cd /Users/j.freyer/Desktop/opencv-ios-custom/scripts/work/xcframework-build/iphonesimulator/build/build-arm64-iphonesimulator/CMakeFiles/CMakeTmp/CMAKE_TRY_COMPILE.xcodeproj
    builtin-create-build-directory /Users/j.freyer/Desktop/opencv-ios-custom/scripts/work/xcframework-build/iphonesimulator/build/build-arm64-iphonesimulator/CMakeFiles/CMakeTmp/Release

ClangStatCache /Applications/Xcode.app/Contents/Developer/Toolchains/XcodeDefault.xctoolchain/usr/bin/clang-stat-cache /Applications/Xcode.app/Contents/Developer/Platforms/iPhoneSimulator.platform/Developer/SDKs/iPhoneSimulator26.2.sdk /var/folders/r1/qkc9fzy91zb68vl41w8l9_300000gp/C/com.apple.DeveloperTools/26.2-17C52/Xcode/SDKStatCaches.noindex/iphonesimulator26.2-23C53-7d00a8b37fbd7999ea79df8ebc024bf0.sdkstatcache
    cd /Users/j.freyer/Desktop/opencv-ios-custom/scripts/work/xcframework-build/iphonesimulator/build/build-arm64-iphonesimulator/CMakeFiles/CMakeTmp/CMAKE_TRY_COMPILE.xcodeproj
    /Applications/Xcode.app/Contents/Developer/Toolchains/XcodeDefault.xctoolchain/usr/bin/clang-stat-cache /Applications/Xcode.app/Contents/Developer/Platforms/iPhoneSimulator.platform/Developer/SDKs/iPhoneSimulator26.2.sdk -o /var/folders/r1/qkc9fzy91zb68vl41w8l9_300000gp/C/com.apple.DeveloperTools/26.2-17C52/Xcode/SDKStatCaches.noindex/iphonesimulator26.2-23C53-7d00a8b37fbd7999ea79df8ebc024bf0.sdkstatcache

CreateBuildDirectory /Users/j.freyer/Desktop/opencv-ios-custom/scripts/work/xcframework-build/iphonesimulator/build/build-arm64-iphonesimulator/CMakeFiles/CMakeTmp/build/SwiftExplicitPrecompiledModules
    cd /Users/j.freyer/Desktop/opencv-ios-custom/scripts/work/xcframework-build/iphonesimulator/build/build-arm64-iphonesimulator/CMakeFiles/CMakeTmp/CMAKE_TRY_COMPILE.xcodeproj
    builtin-create-build-directory /Users/j.freyer/Desktop/opencv-ios-custom/scripts/work/xcframework-build/iphonesimulator/build/build-arm64-iphonesimulator/CMakeFiles/CMakeTmp/build/SwiftExplicitPrecompiledModules

CreateBuildDirectory /Users/j.freyer/Desktop/opencv-ios-custom/scripts/work/xcframework-build/iphonesimulator/build/build-arm64-iphonesimulator/CMakeFiles/CMakeTmp/build/ExplicitPrecompiledModules
    cd /Users/j.freyer/Desktop/opencv-ios-custom/scripts/work/xcframework-build/iphonesimulator/build/build-arm64-iphonesimulator/CMakeFiles/CMakeTmp/CMAKE_TRY_COMPILE.xcodeproj
    builtin-create-build-directory /Users/j.freyer/Desktop/opencv-ios-custom/scripts/work/xcframework-build/iphonesimulator/build/build-arm64-iphonesimulator/CMakeFiles/CMakeTmp/build/ExplicitPrecompiledModules

CreateBuildDirectory /Users/j.freyer/Desktop/opencv-ios-custom/scripts/work/xcframework-build/iphonesimulator/build/build-arm64-iphonesimulator/CMakeFiles/CMakeTmp/build/EagerLinkingTBDs/Release-iphonesimulator
    cd /Users/j.freyer/Desktop/opencv-ios-custom/scripts/work/xcframework-build/iphonesimulator/build/build-arm64-iphonesimulator/CMakeFiles/CMakeTmp/CMAKE_TRY_COMPILE.xcodeproj
    builtin-create-build-directory /Users/j.freyer/Desktop/opencv-ios-custom/scripts/work/xcframework-build/iphonesimulator/build/build-arm64-iphonesimulator/CMakeFiles/CMakeTmp/build/EagerLinkingTBDs/Release-iphonesimulator

MkDir /Users/j.freyer/Desktop/opencv-ios-custom/scripts/work/xcframework-build/iphonesimulator/build/build-arm64-iphonesimulator/CMakeFiles/CMakeTmp/Release/cmTC_a4331.app (in target 'cmTC_a4331' from project 'CMAKE_TRY_COMPILE')
    cd /Users/j.freyer/Desktop/opencv-ios-custom/scripts/work/xcframework-build/iphonesimulator/build/build-arm64-iphonesimulator/CMakeFiles/CMakeTmp
    /bin/mkdir -p /Users/j.freyer/Desktop/opencv-ios-custom/scripts/work/xcframework-build/iphonesimulator/build/build-arm64-iphonesimulator/CMakeFiles/CMakeTmp/Release/cmTC_a4331.app

WriteAuxiliaryFile /Users/j.freyer/Desktop/opencv-ios-custom/scripts/work/xcframework-build/iphonesimulator/build/build-arm64-iphonesimulator/CMakeFiles/CMakeTmp/build/cmTC_a4331.build/Release-iphonesimulator/cmTC_a4331.DependencyMetadataFileList (in target 'cmTC_a4331' from project 'CMAKE_TRY_COMPILE')
    cd /Users/j.freyer/Desktop/opencv-ios-custom/scripts/work/xcframework-build/iphonesimulator/build/build-arm64-iphonesimulator/CMakeFiles/CMakeTmp
    write-file /Users/j.freyer/Desktop/opencv-ios-custom/scripts/work/xcframework-build/iphonesimulator/build/build-arm64-iphonesimulator/CMakeFiles/CMakeTmp/build/cmTC_a4331.build/Release-iphonesimulator/cmTC_a4331.DependencyMetadataFileList

WriteAuxiliaryFile /Users/j.freyer/Desktop/opencv-ios-custom/scripts/work/xcframework-build/iphonesimulator/build/build-arm64-iphonesimulator/CMakeFiles/CMakeTmp/build/cmTC_a4331.build/Release-iphonesimulator/cmTC_a4331.DependencyStaticMetadataFileList (in target 'cmTC_a4331' from project 'CMAKE_TRY_COMPILE')
    cd /Users/j.freyer/Desktop/opencv-ios-custom/scripts/work/xcframework-build/iphonesimulator/build/build-arm64-iphonesimulator/CMakeFiles/CMakeTmp
    write-file /Users/j.freyer/Desktop/opencv-ios-custom/scripts/work/xcframework-build/iphonesimulator/build/build-arm64-iphonesimulator/CMakeFiles/CMakeTmp/build/cmTC_a4331.build/Release-iphonesimulator/cmTC_a4331.DependencyStaticMetadataFileList

WriteAuxiliaryFile /Users/j.freyer/Desktop/opencv-ios-custom/scripts/work/xcframework-build/iphonesimulator/build/build-arm64-iphonesimulator/CMakeFiles/CMakeTmp/build/cmTC_a4331.build/Release-iphonesimulator/Objects-normal/arm64/82b82416624d2658e5098eb0a28c15c5-common-args.resp (in target 'cmTC_a4331' from project 'CMAKE_TRY_COMPILE')
    cd /Users/j.freyer/Desktop/opencv-ios-custom/scripts/work/xcframework-build/iphonesimulator/build/build-arm64-iphonesimulator/CMakeFiles/CMakeTmp
    write-file /Users/j.freyer/Desktop/opencv-ios-custom/scripts/work/xcframework-build/iphonesimulator/build/build-arm64-iphonesimulator/CMakeFiles/CMakeTmp/build/cmTC_a4331.build/Release-iphonesimulator/Objects-normal/arm64/82b82416624d2658e5098eb0a28c15c5-common-args.resp
-target arm64-apple-ios26.2-simulator -fpascal-strings -O3 '-DCMAKE_INTDIR="Release-iphonesimulator"' -isysroot /Applications/Xcode.app/Contents/Developer/Platforms/iPhoneSimulator.platform/Developer/SDKs/iPhoneSimulator26.2.sdk -I/Users/j.freyer/Desktop/opencv-ios-custom/scripts/work/xcframework-build/iphonesimulator/build/build-arm64-iphonesimulator/CMakeFiles/CMakeTmp/Release/include -I/Users/j.freyer/Desktop/opencv-ios-custom/scripts/work/xcframework-build/iphonesimulator/build/build-arm64-iphonesimulator/CMakeFiles/CMakeTmp/build/cmTC_a4331.build/Release-iphonesimulator/DerivedSources-normal/arm64 -I/Users/j.freyer/Desktop/opencv-ios-custom/scripts/work/xcframework-build/iphonesimulator/build/build-arm64-iphonesimulator/CMakeFiles/CMakeTmp/build/cmTC_a4331.build/Release-iphonesimulator/DerivedSources/arm64 -I/Users/j.freyer/Desktop/opencv-ios-custom/scripts/work/xcframework-build/iphonesimulator/build/build-arm64-iphonesimulator/CMakeFiles/CMakeTmp/build/cmTC_a4331.build/Release-iphonesimulator/DerivedSources -F/Users/j.freyer/Desktop/opencv-ios-custom/scripts/work/xcframework-build/iphonesimulator/build/build-arm64-iphonesimulator/CMakeFiles/CMakeTmp/Release -DNDEBUG '-std=c++11' -fPIE

ProcessInfoPlistFile /Users/j.freyer/Desktop/opencv-ios-custom/scripts/work/xcframework-build/iphonesimulator/build/build-arm64-iphonesimulator/CMakeFiles/CMakeTmp/Release/cmTC_a4331.app/Info.plist /Users/j.freyer/Desktop/opencv-ios-custom/scripts/work/xcframework-build/iphonesimulator/build/build-arm64-iphonesimulator/CMakeFiles/CMakeTmp/CMakeFiles/cmTC_a4331.dir/Info.plist (in target 'cmTC_a4331' from project 'CMAKE_TRY_COMPILE')
    cd /Users/j.freyer/Desktop/opencv-ios-custom/scripts/work/xcframework-build/iphonesimulator/build/build-arm64-iphonesimulator/CMakeFiles/CMakeTmp
    builtin-infoPlistUtility /Users/j.freyer/Desktop/opencv-ios-custom/scripts/work/xcframework-build/iphonesimulator/build/build-arm64-iphonesimulator/CMakeFiles/CMakeTmp/CMakeFiles/cmTC_a4331.dir/Info.plist -producttype com.apple.product-type.application -genpkginfo /Users/j.freyer/Desktop/opencv-ios-custom/scripts/work/xcframework-build/iphonesimulator/build/build-arm64-iphonesimulator/CMakeFiles/CMakeTmp/Release/cmTC_a4331.app/PkgInfo -expandbuildsettings -format binary -platform iphonesimulator -o /Users/j.freyer/Desktop/opencv-ios-custom/scripts/work/xcframework-build/iphonesimulator/build/build-arm64-iphonesimulator/CMakeFiles/CMakeTmp/Release/cmTC_a4331.app/Info.plist

WriteAuxiliaryFile /Users/j.freyer/Desktop/opencv-ios-custom/scripts/work/xcframework-build/iphonesimulator/build/build-arm64-iphonesimulator/CMakeFiles/CMakeTmp/build/cmTC_a4331.build/Release-iphonesimulator/Objects-normal/arm64/cmTC_a4331.LinkFileList (in target 'cmTC_a4331' from project 'CMAKE_TRY_COMPILE')
    cd /Users/j.freyer/Desktop/opencv-ios-custom/scripts/work/xcframework-build/iphonesimulator/build/build-arm64-iphonesimulator/CMakeFiles/CMakeTmp
    write-file /Users/j.freyer/Desktop/opencv-ios-custom/scripts/work/xcframework-build/iphonesimulator/build/build-arm64-iphonesimulator/CMakeFiles/CMakeTmp/build/cmTC_a4331.build/Release-iphonesimulator/Objects-normal/arm64/cmTC_a4331.LinkFileList

CompileC /Users/j.freyer/Desktop/opencv-ios-custom/scripts/work/xcframework-build/iphonesimulator/build/build-arm64-iphonesimulator/CMakeFiles/CMakeTmp/build/cmTC_a4331.build/Release-iphonesimulator/Objects-normal/arm64/src.o /Users/j.freyer/Desktop/opencv-ios-custom/scripts/work/xcframework-build/iphonesimulator/build/build-arm64-iphonesimulator/CMakeFiles/CMakeTmp/src.cxx normal arm64 c++ com.apple.compilers.llvm.clang.1_0.compiler (in target 'cmTC_a4331' from project 'CMAKE_TRY_COMPILE')
    cd /Users/j.freyer/Desktop/opencv-ios-custom/scripts/work/xcframework-build/iphonesimulator/build/build-arm64-iphonesimulator/CMakeFiles/CMakeTmp
    
    Using response file: /Users/j.freyer/Desktop/opencv-ios-custom/scripts/work/xcframework-build/iphonesimulator/build/build-arm64-iphonesimulator/CMakeFiles/CMakeTmp/build/cmTC_a4331.build/Release-iphonesimulator/Objects-normal/arm64/82b82416624d2658e5098eb0a28c15c5-common-args.resp
    
    /Applications/Xcode.app/Contents/Developer/Toolchains/XcodeDefault.xctoolchain/usr/bin/clang -x c++ -ivfsstatcache /var/folders/r1/qkc9fzy91zb68vl41w8l9_300000gp/C/com.apple.DeveloperTools/26.2-17C52/Xcode/SDKStatCaches.noindex/iphonesimulator26.2-23C53-7d00a8b37fbd7999ea79df8ebc024bf0.sdkstatcache -fmessage-length\=0 -fdiagnostics-show-note-include-stack -fmacro-backtrace-limit\=0 -fno-color-diagnostics -Wno-trigraphs -Wno-missing-field-initializers -Wno-missing-prototypes -Wno-return-type -Wno-non-virtual-dtor -Wno-overloaded-virtual -Wno-exit-time-destructors -Wno-missing-braces -Wparentheses -Wswitch -Wno-unused-function -Wno-unused-label -Wno-unused-parameter -Wno-unused-variable -Wunused-value -Wno-empty-body -Wno-uninitialized -Wno-unknown-pragmas -Wno-shadow -Wno-four-char-constants -Wno-conversion -Wno-constant-conversion -Wno-int-conversion -Wno-bool-conversion -Wno-enum-conversion -Wno-float-conversion -Wno-non-literal-null-conversion -Wno-objc-literal-conversion -Wshorten-64-to-32 -Wno-newline-eof -Wno-c++11-extensions -Wno-implicit-fallthrough -fstrict-aliasing -Wdeprecated-declarations -Winvalid-offsetof -Wno-sign-conversion -Wno-infinite-recursion -Wno-move -Wno-comma -Wno-block-capture-autoreleasing -Wno-strict-prototypes -Wno-range-loop-analysis -Wno-semicolon-before-method-body @/Users/j.freyer/Desktop/opencv-ios-custom/scripts/work/xcframework-build/iphonesimulator/build/build-arm64-iphonesimulator/CMakeFiles/CMakeTmp/build/cmTC_a4331.build/Release-iphonesimulator/Objects-normal/arm64/82b82416624d2658e5098eb0a28c15c5-common-args.resp -MMD -MT dependencies -MF /Users/j.freyer/Desktop/opencv-ios-custom/scripts/work/xcframework-build/iphonesimulator/build/build-arm64-iphonesimulator/CMakeFiles/CMakeTmp/build/cmTC_a4331.build/Release-iphonesimulator/Objects-normal/arm64/src.d --serialize-diagnostics /Users/j.freyer/Desktop/opencv-ios-custom/scripts/work/xcframework-build/iphonesimulator/build/build-arm64-iphonesimulator/CMakeFiles/CMakeTmp/build/cmTC_a4331.build/Release-iphonesimulator/Objects-normal/arm64/src.dia -c /Users/j.freyer/Desktop/opencv-ios-custom/scripts/work/xcframework-build/iphonesimulator/build/build-arm64-iphonesimulator/CMakeFiles/CMakeTmp/src.cxx -o /Users/j.freyer/Desktop/opencv-ios-custom/scripts/work/xcframework-build/iphonesimulator/build/build-arm64-iphonesimulator/CMakeFiles/CMakeTmp/build/cmTC_a4331.build/Release-iphonesimulator/Objects-normal/arm64/src.o

Ld /Users/j.freyer/Desktop/opencv-ios-custom/scripts/work/xcframework-build/iphonesimulator/build/build-arm64-iphonesimulator/CMakeFiles/CMakeTmp/Release/cmTC_a4331.app/cmTC_a4331 normal (in target 'cmTC_a4331' from project 'CMAKE_TRY_COMPILE')
    cd /Users/j.freyer/Desktop/opencv-ios-custom/scripts/work/xcframework-build/iphonesimulator/build/build-arm64-iphonesimulator/CMakeFiles/CMakeTmp
    /Applications/Xcode.app/Contents/Developer/Toolchains/XcodeDefault.xctoolchain/usr/bin/clang++ -Xlinker -reproducible -target arm64-apple-ios26.2-simulator -isysroot /Applications/Xcode.app/Contents/Developer/Platforms/iPhoneSimulator.platform/Developer/SDKs/iPhoneSimulator26.2.sdk -O3 -L/Users/j.freyer/Desktop/opencv-ios-custom/scripts/work/xcframework-build/iphonesimulator/build/build-arm64-iphonesimulator/CMakeFiles/CMakeTmp/build/EagerLinkingTBDs/Release-iphonesimulator -L/Users/j.freyer/Desktop/opencv-ios-custom/scripts/work/xcframework-build/iphonesimulator/build/build-arm64-iphonesimulator/CMakeFiles/CMakeTmp/Release -F/Users/j.freyer/Desktop/opencv-ios-custom/scripts/work/xcframework-build/iphonesimulator/build/build-arm64-iphonesimulator/CMakeFiles/CMakeTmp/build/EagerLinkingTBDs/Release-iphonesimulator -F/Users/j.freyer/Desktop/opencv-ios-custom/scripts/work/xcframework-build/iphonesimulator/build/build-arm64-iphonesimulator/CMakeFiles/CMakeTmp/Release -filelist /Users/j.freyer/Desktop/opencv-ios-custom/scripts/work/xcframework-build/iphonesimulator/build/build-arm64-iphonesimulator/CMakeFiles/CMakeTmp/build/cmTC_a4331.build/Release-iphonesimulator/Objects-normal/arm64/cmTC_a4331.LinkFileList -dead_strip -Xlinker -objc_abi_version -Xlinker 2 -Xlinker -dependency_info -Xlinker /Users/j.freyer/Desktop/opencv-ios-custom/scripts/work/xcframework-build/iphonesimulator/build/build-arm64-iphonesimulator/CMakeFiles/CMakeTmp/build/cmTC_a4331.build/Release-iphonesimulator/Objects-normal/arm64/cmTC_a4331_dependency_info.dat -Wl,--no-undefined -Wl,-search_paths_first -Wl,-headerpad_max_install_names -o /Users/j.freyer/Desktop/opencv-ios-custom/scripts/work/xcframework-build/iphonesimulator/build/build-arm64-iphonesimulator/CMakeFiles/CMakeTmp/Release/cmTC_a4331.app/cmTC_a4331
ld: unknown options: --no-undefined 
clang++: error: linker command failed with exit code 1 (use -v to see invocation)

** BUILD FAILED **


The following build commands failed:
	Ld /Users/j.freyer/Desktop/opencv-ios-custom/scripts/work/xcframework-build/iphonesimulator/build/build-arm64-iphonesimulator/CMakeFiles/CMakeTmp/Release/cmTC_a4331.app/cmTC_a4331 normal (in target 'cmTC_a4331' from project 'CMAKE_TRY_COMPILE')
(1 failure)


===== END =====

Build output check failed:
    Regex: 'unknown .*option'
    Output line: 'warning: unknown warning option '-Wno-maybe-uninitialized', did you mean '-Wno-uninitialized'? [-Wunknown-warning-option]'
Compilation failed:
    source file: '/Users/j.freyer/Desktop/opencv-ios-custom/scripts/work/xcframework-build/iphonesimulator/build/build-arm64-iphonesimulator/CMakeFiles/CMakeTmp/src.c'
    check option: ' -Wno-maybe-uninitialized'
===== BUILD LOG =====
Change Dir: '/Users/j.freyer/Desktop/opencv-ios-custom/scripts/work/xcframework-build/iphonesimulator/build/build-arm64-iphonesimulator/CMakeFiles/CMakeTmp'

Run Build Command(s): /usr/bin/xcodebuild -project CMAKE_TRY_COMPILE.xcodeproj build -configuration Release -parallelizeTargets -hideShellScriptEnvironment -target cmTC_d4388
Command line invocation:
    /Applications/Xcode.app/Contents/Developer/usr/bin/xcodebuild -project CMAKE_TRY_COMPILE.xcodeproj build -configuration Release -parallelizeTargets -hideShellScriptEnvironment -target cmTC_d4388

ComputePackagePrebuildTargetDependencyGraph

CreateBuildRequest

SendProjectDescription

CreateBuildOperation

ComputeTargetDependencyGraph
note: Building targets in dependency order
note: Target dependency graph (1 target)
    Target 'cmTC_d4388' in project 'CMAKE_TRY_COMPILE' (no dependencies)

GatherProvisioningInputs

CreateBuildDescription

ExecuteExternalTool /Applications/Xcode.app/Contents/Developer/Toolchains/XcodeDefault.xctoolchain/usr/bin/clang -v -E -dM -isysroot /Applications/Xcode.app/Contents/Developer/Platforms/iPhoneSimulator.platform/Developer/SDKs/iPhoneSimulator26.2.sdk -x c -c /dev/null

ExecuteExternalTool /Applications/Xcode.app/Contents/Developer/Toolchains/XcodeDefault.xctoolchain/usr/bin/clang -v -E -dM -arch arm64 -isysroot /Applications/Xcode.app/Contents/Developer/Platforms/iPhoneSimulator.platform/Developer/SDKs/iPhoneSimulator26.2.sdk -x c -c /dev/null

ExecuteExternalTool /Applications/Xcode.app/Contents/Developer/Toolchains/XcodeDefault.xctoolchain/usr/bin/ld -version_details

Build description signature: 569909239033ff64734185e7b330ef0a
Build description path: /Users/j.freyer/Desktop/opencv-ios-custom/scripts/work/xcframework-build/iphonesimulator/build/build-arm64-iphonesimulator/CMakeFiles/CMakeTmp/build/XCBuildData/569909239033ff64734185e7b330ef0a.xcbuilddata
ClangStatCache /Applications/Xcode.app/Contents/Developer/Toolchains/XcodeDefault.xctoolchain/usr/bin/clang-stat-cache /Applications/Xcode.app/Contents/Developer/Platforms/iPhoneSimulator.platform/Developer/SDKs/iPhoneSimulator26.2.sdk /var/folders/r1/qkc9fzy91zb68vl41w8l9_300000gp/C/com.apple.DeveloperTools/26.2-17C52/Xcode/SDKStatCaches.noindex/iphonesimulator26.2-23C53-7d00a8b37fbd7999ea79df8ebc024bf0.sdkstatcache
    cd /Users/j.freyer/Desktop/opencv-ios-custom/scripts/work/xcframework-build/iphonesimulator/build/build-arm64-iphonesimulator/CMakeFiles/CMakeTmp/CMAKE_TRY_COMPILE.xcodeproj
    /Applications/Xcode.app/Contents/Developer/Toolchains/XcodeDefault.xctoolchain/usr/bin/clang-stat-cache /Applications/Xcode.app/Contents/Developer/Platforms/iPhoneSimulator.platform/Developer/SDKs/iPhoneSimulator26.2.sdk -o /var/folders/r1/qkc9fzy91zb68vl41w8l9_300000gp/C/com.apple.DeveloperTools/26.2-17C52/Xcode/SDKStatCaches.noindex/iphonesimulator26.2-23C53-7d00a8b37fbd7999ea79df8ebc024bf0.sdkstatcache

CreateBuildDirectory /Users/j.freyer/Desktop/opencv-ios-custom/scripts/work/xcframework-build/iphonesimulator/build/build-arm64-iphonesimulator/CMakeFiles/CMakeTmp/Release
    cd /Users/j.freyer/Desktop/opencv-ios-custom/scripts/work/xcframework-build/iphonesimulator/build/build-arm64-iphonesimulator/CMakeFiles/CMakeTmp/CMAKE_TRY_COMPILE.xcodeproj
    builtin-create-build-directory /Users/j.freyer/Desktop/opencv-ios-custom/scripts/work/xcframework-build/iphonesimulator/build/build-arm64-iphonesimulator/CMakeFiles/CMakeTmp/Release

CreateBuildDirectory /Users/j.freyer/Desktop/opencv-ios-custom/scripts/work/xcframework-build/iphonesimulator/build/build-arm64-iphonesimulator/CMakeFiles/CMakeTmp/build
    cd /Users/j.freyer/Desktop/opencv-ios-custom/scripts/work/xcframework-build/iphonesimulator/build/build-arm64-iphonesimulator/CMakeFiles/CMakeTmp/CMAKE_TRY_COMPILE.xcodeproj
    builtin-create-build-directory /Users/j.freyer/Desktop/opencv-ios-custom/scripts/work/xcframework-build/iphonesimulator/build/build-arm64-iphonesimulator/CMakeFiles/CMakeTmp/build

CreateBuildDirectory /Users/j.freyer/Desktop/opencv-ios-custom/scripts/work/xcframework-build/iphonesimulator/build/build-arm64-iphonesimulator/CMakeFiles/CMakeTmp/build/SwiftExplicitPrecompiledModules
    cd /Users/j.freyer/Desktop/opencv-ios-custom/scripts/work/xcframework-build/iphonesimulator/build/build-arm64-iphonesimulator/CMakeFiles/CMakeTmp/CMAKE_TRY_COMPILE.xcodeproj
    builtin-create-build-directory /Users/j.freyer/Desktop/opencv-ios-custom/scripts/work/xcframework-build/iphonesimulator/build/build-arm64-iphonesimulator/CMakeFiles/CMakeTmp/build/SwiftExplicitPrecompiledModules

CreateBuildDirectory /Users/j.freyer/Desktop/opencv-ios-custom/scripts/work/xcframework-build/iphonesimulator/build/build-arm64-iphonesimulator/CMakeFiles/CMakeTmp/build/ExplicitPrecompiledModules
    cd /Users/j.freyer/Desktop/opencv-ios-custom/scripts/work/xcframework-build/iphonesimulator/build/build-arm64-iphonesimulator/CMakeFiles/CMakeTmp/CMAKE_TRY_COMPILE.xcodeproj
    builtin-create-build-directory /Users/j.freyer/Desktop/opencv-ios-custom/scripts/work/xcframework-build/iphonesimulator/build/build-arm64-iphonesimulator/CMakeFiles/CMakeTmp/build/ExplicitPrecompiledModules

CreateBuildDirectory /Users/j.freyer/Desktop/opencv-ios-custom/scripts/work/xcframework-build/iphonesimulator/build/build-arm64-iphonesimulator/CMakeFiles/CMakeTmp/build/EagerLinkingTBDs/Release-iphonesimulator
    cd /Users/j.freyer/Desktop/opencv-ios-custom/scripts/work/xcframework-build/iphonesimulator/build/build-arm64-iphonesimulator/CMakeFiles/CMakeTmp/CMAKE_TRY_COMPILE.xcodeproj
    builtin-create-build-directory /Users/j.freyer/Desktop/opencv-ios-custom/scripts/work/xcframework-build/iphonesimulator/build/build-arm64-iphonesimulator/CMakeFiles/CMakeTmp/build/EagerLinkingTBDs/Release-iphonesimulator

MkDir /Users/j.freyer/Desktop/opencv-ios-custom/scripts/work/xcframework-build/iphonesimulator/build/build-arm64-iphonesimulator/CMakeFiles/CMakeTmp/Release/cmTC_d4388.app (in target 'cmTC_d4388' from project 'CMAKE_TRY_COMPILE')
    cd /Users/j.freyer/Desktop/opencv-ios-custom/scripts/work/xcframework-build/iphonesimulator/build/build-arm64-iphonesimulator/CMakeFiles/CMakeTmp
    /bin/mkdir -p /Users/j.freyer/Desktop/opencv-ios-custom/scripts/work/xcframework-build/iphonesimulator/build/build-arm64-iphonesimulator/CMakeFiles/CMakeTmp/Release/cmTC_d4388.app

ProcessInfoPlistFile /Users/j.freyer/Desktop/opencv-ios-custom/scripts/work/xcframework-build/iphonesimulator/build/build-arm64-iphonesimulator/CMakeFiles/CMakeTmp/Release/cmTC_d4388.app/Info.plist /Users/j.freyer/Desktop/opencv-ios-custom/scripts/work/xcframework-build/iphonesimulator/build/build-arm64-iphonesimulator/CMakeFiles/CMakeTmp/CMakeFiles/cmTC_d4388.dir/Info.plist (in target 'cmTC_d4388' from project 'CMAKE_TRY_COMPILE')
    cd /Users/j.freyer/Desktop/opencv-ios-custom/scripts/work/xcframework-build/iphonesimulator/build/build-arm64-iphonesimulator/CMakeFiles/CMakeTmp
    builtin-infoPlistUtility /Users/j.freyer/Desktop/opencv-ios-custom/scripts/work/xcframework-build/iphonesimulator/build/build-arm64-iphonesimulator/CMakeFiles/CMakeTmp/CMakeFiles/cmTC_d4388.dir/Info.plist -producttype com.apple.product-type.application -genpkginfo /Users/j.freyer/Desktop/opencv-ios-custom/scripts/work/xcframework-build/iphonesimulator/build/build-arm64-iphonesimulator/CMakeFiles/CMakeTmp/Release/cmTC_d4388.app/PkgInfo -expandbuildsettings -format binary -platform iphonesimulator -o /Users/j.freyer/Desktop/opencv-ios-custom/scripts/work/xcframework-build/iphonesimulator/build/build-arm64-iphonesimulator/CMakeFiles/CMakeTmp/Release/cmTC_d4388.app/Info.plist

WriteAuxiliaryFile /Users/j.freyer/Desktop/opencv-ios-custom/scripts/work/xcframework-build/iphonesimulator/build/build-arm64-iphonesimulator/CMakeFiles/CMakeTmp/build/cmTC_d4388.build/Release-iphonesimulator/cmTC_d4388.DependencyMetadataFileList (in target 'cmTC_d4388' from project 'CMAKE_TRY_COMPILE')
    cd /Users/j.freyer/Desktop/opencv-ios-custom/scripts/work/xcframework-build/iphonesimulator/build/build-arm64-iphonesimulator/CMakeFiles/CMakeTmp
    write-file /Users/j.freyer/Desktop/opencv-ios-custom/scripts/work/xcframework-build/iphonesimulator/build/build-arm64-iphonesimulator/CMakeFiles/CMakeTmp/build/cmTC_d4388.build/Release-iphonesimulator/cmTC_d4388.DependencyMetadataFileList

WriteAuxiliaryFile /Users/j.freyer/Desktop/opencv-ios-custom/scripts/work/xcframework-build/iphonesimulator/build/build-arm64-iphonesimulator/CMakeFiles/CMakeTmp/build/cmTC_d4388.build/Release-iphonesimulator/cmTC_d4388.DependencyStaticMetadataFileList (in target 'cmTC_d4388' from project 'CMAKE_TRY_COMPILE')
    cd /Users/j.freyer/Desktop/opencv-ios-custom/scripts/work/xcframework-build/iphonesimulator/build/build-arm64-iphonesimulator/CMakeFiles/CMakeTmp
    write-file /Users/j.freyer/Desktop/opencv-ios-custom/scripts/work/xcframework-build/iphonesimulator/build/build-arm64-iphonesimulator/CMakeFiles/CMakeTmp/build/cmTC_d4388.build/Release-iphonesimulator/cmTC_d4388.DependencyStaticMetadataFileList

WriteAuxiliaryFile /Users/j.freyer/Desktop/opencv-ios-custom/scripts/work/xcframework-build/iphonesimulator/build/build-arm64-iphonesimulator/CMakeFiles/CMakeTmp/build/cmTC_d4388.build/Release-iphonesimulator/Objects-normal/arm64/7187679823f38a2a940e0043cdf9d637-common-args.resp (in target 'cmTC_d4388' from project 'CMAKE_TRY_COMPILE')
    cd /Users/j.freyer/Desktop/opencv-ios-custom/scripts/work/xcframework-build/iphonesimulator/build/build-arm64-iphonesimulator/CMakeFiles/CMakeTmp
    write-file /Users/j.freyer/Desktop/opencv-ios-custom/scripts/work/xcframework-build/iphonesimulator/build/build-arm64-iphonesimulator/CMakeFiles/CMakeTmp/build/cmTC_d4388.build/Release-iphonesimulator/Objects-normal/arm64/7187679823f38a2a940e0043cdf9d637-common-args.resp
-target arm64-apple-ios26.2-simulator -fpascal-strings -O3 '-DCMAKE_INTDIR="Release-iphonesimulator"' -isysroot /Applications/Xcode.app/Contents/Developer/Platforms/iPhoneSimulator.platform/Developer/SDKs/iPhoneSimulator26.2.sdk -I/Users/j.freyer/Desktop/opencv-ios-custom/scripts/work/xcframework-build/iphonesimulator/build/build-arm64-iphonesimulator/CMakeFiles/CMakeTmp/Release/include -I/Users/j.freyer/Desktop/opencv-ios-custom/scripts/work/xcframework-build/iphonesimulator/build/build-arm64-iphonesimulator/CMakeFiles/CMakeTmp/build/cmTC_d4388.build/Release-iphonesimulator/DerivedSources-normal/arm64 -I/Users/j.freyer/Desktop/opencv-ios-custom/scripts/work/xcframework-build/iphonesimulator/build/build-arm64-iphonesimulator/CMakeFiles/CMakeTmp/build/cmTC_d4388.build/Release-iphonesimulator/DerivedSources/arm64 -I/Users/j.freyer/Desktop/opencv-ios-custom/scripts/work/xcframework-build/iphonesimulator/build/build-arm64-iphonesimulator/CMakeFiles/CMakeTmp/build/cmTC_d4388.build/Release-iphonesimulator/DerivedSources -F/Users/j.freyer/Desktop/opencv-ios-custom/scripts/work/xcframework-build/iphonesimulator/build/build-arm64-iphonesimulator/CMakeFiles/CMakeTmp/Release -fsigned-char -Qunused-arguments '-fvisibility=hidden' -fvisibility-inlines-hidden -DNDEBUG -DNDEBUG -fPIE

WriteAuxiliaryFile /Users/j.freyer/Desktop/opencv-ios-custom/scripts/work/xcframework-build/iphonesimulator/build/build-arm64-iphonesimulator/CMakeFiles/CMakeTmp/build/cmTC_d4388.build/Release-iphonesimulator/Objects-normal/arm64/cmTC_d4388.LinkFileList (in target 'cmTC_d4388' from project 'CMAKE_TRY_COMPILE')
    cd /Users/j.freyer/Desktop/opencv-ios-custom/scripts/work/xcframework-build/iphonesimulator/build/build-arm64-iphonesimulator/CMakeFiles/CMakeTmp
    write-file /Users/j.freyer/Desktop/opencv-ios-custom/scripts/work/xcframework-build/iphonesimulator/build/build-arm64-iphonesimulator/CMakeFiles/CMakeTmp/build/cmTC_d4388.build/Release-iphonesimulator/Objects-normal/arm64/cmTC_d4388.LinkFileList

CompileC /Users/j.freyer/Desktop/opencv-ios-custom/scripts/work/xcframework-build/iphonesimulator/build/build-arm64-iphonesimulator/CMakeFiles/CMakeTmp/build/cmTC_d4388.build/Release-iphonesimulator/Objects-normal/arm64/src.o /Users/j.freyer/Desktop/opencv-ios-custom/scripts/work/xcframework-build/iphonesimulator/build/build-arm64-iphonesimulator/CMakeFiles/CMakeTmp/src.c normal arm64 c com.apple.compilers.llvm.clang.1_0.compiler (in target 'cmTC_d4388' from project 'CMAKE_TRY_COMPILE')
    cd /Users/j.freyer/Desktop/opencv-ios-custom/scripts/work/xcframework-build/iphonesimulator/build/build-arm64-iphonesimulator/CMakeFiles/CMakeTmp
    
    Using response file: /Users/j.freyer/Desktop/opencv-ios-custom/scripts/work/xcframework-build/iphonesimulator/build/build-arm64-iphonesimulator/CMakeFiles/CMakeTmp/build/cmTC_d4388.build/Release-iphonesimulator/Objects-normal/arm64/7187679823f38a2a940e0043cdf9d637-common-args.resp
    
    /Applications/Xcode.app/Contents/Developer/Toolchains/XcodeDefault.xctoolchain/usr/bin/clang -x c -ivfsstatcache /var/folders/r1/qkc9fzy91zb68vl41w8l9_300000gp/C/com.apple.DeveloperTools/26.2-17C52/Xcode/SDKStatCaches.noindex/iphonesimulator26.2-23C53-7d00a8b37fbd7999ea79df8ebc024bf0.sdkstatcache -fmessage-length\=0 -fdiagnostics-show-note-include-stack -fmacro-backtrace-limit\=0 -fno-color-diagnostics -Wno-trigraphs -Wno-missing-field-initializers -Wno-missing-prototypes -Wno-return-type -Wno-missing-braces -Wparentheses -Wswitch -Wno-unused-function -Wno-unused-label -Wno-unused-parameter -Wno-unused-variable -Wunused-value -Wno-empty-body -Wno-uninitialized -Wno-unknown-pragmas -Wno-shadow -Wno-four-char-constants -Wno-conversion -Wno-constant-conversion -Wno-int-conversion -Wno-bool-conversion -Wno-enum-conversion -Wno-float-conversion -Wno-non-literal-null-conversion -Wno-objc-literal-conversion -Wshorten-64-to-32 -Wpointer-sign -Wno-newline-eof -Wno-implicit-fallthrough -fstrict-aliasing -Wdeprecated-declarations -Wno-sign-conversion -Wno-infinite-recursion -Wno-comma -Wno-block-capture-autoreleasing -Wno-strict-prototypes -Wno-semicolon-before-method-body -W -Wall -Wreturn-type -Wnon-virtual-dtor -Waddress -Wsequence-point -Wformat -Wformat-security -Wmissing-declarations -Wmissing-prototypes -Wstrict-prototypes -Wundef -Winit-self -Wpointer-arith -Wsign-promo -Wuninitialized -Wno-delete-non-virtual-dtor -Wno-unnamed-type-template-args -Wno-comment -fdiagnostics-show-option -Wno-semicolon-before-method-body -Wno-unused-variable -Wno-unused-function -Wno-shadow -Wno-maybe-uninitialized @/Users/j.freyer/Desktop/opencv-ios-custom/scripts/work/xcframework-build/iphonesimulator/build/build-arm64-iphonesimulator/CMakeFiles/CMakeTmp/build/cmTC_d4388.build/Release-iphonesimulator/Objects-normal/arm64/7187679823f38a2a940e0043cdf9d637-common-args.resp -MMD -MT dependencies -MF /Users/j.freyer/Desktop/opencv-ios-custom/scripts/work/xcframework-build/iphonesimulator/build/build-arm64-iphonesimulator/CMakeFiles/CMakeTmp/build/cmTC_d4388.build/Release-iphonesimulator/Objects-normal/arm64/src.d --serialize-diagnostics /Users/j.freyer/Desktop/opencv-ios-custom/scripts/work/xcframework-build/iphonesimulator/build/build-arm64-iphonesimulator/CMakeFiles/CMakeTmp/build/cmTC_d4388.build/Release-iphonesimulator/Objects-normal/arm64/src.dia -c /Users/j.freyer/Desktop/opencv-ios-custom/scripts/work/xcframework-build/iphonesimulator/build/build-arm64-iphonesimulator/CMakeFiles/CMakeTmp/src.c -o /Users/j.freyer/Desktop/opencv-ios-custom/scripts/work/xcframework-build/iphonesimulator/build/build-arm64-iphonesimulator/CMakeFiles/CMakeTmp/build/cmTC_d4388.build/Release-iphonesimulator/Objects-normal/arm64/src.o
warning: unknown warning option '-Wno-maybe-uninitialized'; did you mean '-Wno-uninitialized'? [-Wunknown-warning-option]
/Users/j.freyer/Desktop/opencv-ios-custom/scripts/work/xcframework-build/iphonesimulator/build/build-arm64-iphonesimulator/CMakeFiles/CMakeTmp/src.c:1:8: warning: unknown pragma ignored [-Wunknown-pragmas]
    1 | #pragma
      |        ^
2 warnings generated.

Ld /Users/j.freyer/Desktop/opencv-ios-custom/scripts/work/xcframework-build/iphonesimulator/build/build-arm64-iphonesimulator/CMakeFiles/CMakeTmp/Release/cmTC_d4388.app/cmTC_d4388 normal (in target 'cmTC_d4388' from project 'CMAKE_TRY_COMPILE')
    cd /Users/j.freyer/Desktop/opencv-ios-custom/scripts/work/xcframework-build/iphonesimulator/build/build-arm64-iphonesimulator/CMakeFiles/CMakeTmp
    /Applications/Xcode.app/Contents/Developer/Toolchains/XcodeDefault.xctoolchain/usr/bin/clang -Xlinker -reproducible -target arm64-apple-ios26.2-simulator -isysroot /Applications/Xcode.app/Contents/Developer/Platforms/iPhoneSimulator.platform/Developer/SDKs/iPhoneSimulator26.2.sdk -O3 -L/Users/j.freyer/Desktop/opencv-ios-custom/scripts/work/xcframework-build/iphonesimulator/build/build-arm64-iphonesimulator/CMakeFiles/CMakeTmp/build/EagerLinkingTBDs/Release-iphonesimulator -L/Users/j.freyer/Desktop/opencv-ios-custom/scripts/work/xcframework-build/iphonesimulator/build/build-arm64-iphonesimulator/CMakeFiles/CMakeTmp/Release -F/Users/j.freyer/Desktop/opencv-ios-custom/scripts/work/xcframework-build/iphonesimulator/build/build-arm64-iphonesimulator/CMakeFiles/CMakeTmp/build/EagerLinkingTBDs/Release-iphonesimulator -F/Users/j.freyer/Desktop/opencv-ios-custom/scripts/work/xcframework-build/iphonesimulator/build/build-arm64-iphonesimulator/CMakeFiles/CMakeTmp/Release -filelist /Users/j.freyer/Desktop/opencv-ios-custom/scripts/work/xcframework-build/iphonesimulator/build/build-arm64-iphonesimulator/CMakeFiles/CMakeTmp/build/cmTC_d4388.build/Release-iphonesimulator/Objects-normal/arm64/cmTC_d4388.LinkFileList -dead_strip -Xlinker -objc_abi_version -Xlinker 2 -Xlinker -dependency_info -Xlinker /Users/j.freyer/Desktop/opencv-ios-custom/scripts/work/xcframework-build/iphonesimulator/build/build-arm64-iphonesimulator/CMakeFiles/CMakeTmp/build/cmTC_d4388.build/Release-iphonesimulator/Objects-normal/arm64/cmTC_d4388_dependency_info.dat -Wl,-search_paths_first -Wl,-headerpad_max_install_names -o /Users/j.freyer/Desktop/opencv-ios-custom/scripts/work/xcframework-build/iphonesimulator/build/build-arm64-iphonesimulator/CMakeFiles/CMakeTmp/Release/cmTC_d4388.app/cmTC_d4388

RegisterExecutionPolicyException /Users/j.freyer/Desktop/opencv-ios-custom/scripts/work/xcframework-build/iphonesimulator/build/build-arm64-iphonesimulator/CMakeFiles/CMakeTmp/Release/cmTC_d4388.app (in target 'cmTC_d4388' from project 'CMAKE_TRY_COMPILE')
    cd /Users/j.freyer/Desktop/opencv-ios-custom/scripts/work/xcframework-build/iphonesimulator/build/build-arm64-iphonesimulator/CMakeFiles/CMakeTmp
    builtin-RegisterExecutionPolicyException /Users/j.freyer/Desktop/opencv-ios-custom/scripts/work/xcframework-build/iphonesimulator/build/build-arm64-iphonesimulator/CMakeFiles/CMakeTmp/Release/cmTC_d4388.app

Validate /Users/j.freyer/Desktop/opencv-ios-custom/scripts/work/xcframework-build/iphonesimulator/build/build-arm64-iphonesimulator/CMakeFiles/CMakeTmp/Release/cmTC_d4388.app (in target 'cmTC_d4388' from project 'CMAKE_TRY_COMPILE')
    cd /Users/j.freyer/Desktop/opencv-ios-custom/scripts/work/xcframework-build/iphonesimulator/build/build-arm64-iphonesimulator/CMakeFiles/CMakeTmp
    builtin-validationUtility /Users/j.freyer/Desktop/opencv-ios-custom/scripts/work/xcframework-build/iphonesimulator/build/build-arm64-iphonesimulator/CMakeFiles/CMakeTmp/Release/cmTC_d4388.app -shallow-bundle -infoplist-subpath Info.plist

Touch /Users/j.freyer/Desktop/opencv-ios-custom/scripts/work/xcframework-build/iphonesimulator/build/build-arm64-iphonesimulator/CMakeFiles/CMakeTmp/Release/cmTC_d4388.app (in target 'cmTC_d4388' from project 'CMAKE_TRY_COMPILE')
    cd /Users/j.freyer/Desktop/opencv-ios-custom/scripts/work/xcframework-build/iphonesimulator/build/build-arm64-iphonesimulator/CMakeFiles/CMakeTmp
    /usr/bin/touch -c /Users/j.freyer/Desktop/opencv-ios-custom/scripts/work/xcframework-build/iphonesimulator/build/build-arm64-iphonesimulator/CMakeFiles/CMakeTmp/Release/cmTC_d4388.app

** BUILD SUCCEEDED **



===== END =====

Build output check failed:
    Regex: 'unknown .*option'
    Output line: 'warning: unknown warning option '-Wno-stringop-overflow', did you mean '-Wno-shift-overflow'? [-Wunknown-warning-option]'
Compilation failed:
    source file: '/Users/j.freyer/Desktop/opencv-ios-custom/scripts/work/xcframework-build/iphonesimulator/build/build-arm64-iphonesimulator/CMakeFiles/CMakeTmp/src.cxx'
    check option: ' -Wno-stringop-overflow'
===== BUILD LOG =====
Change Dir: '/Users/j.freyer/Desktop/opencv-ios-custom/scripts/work/xcframework-build/iphonesimulator/build/build-arm64-iphonesimulator/CMakeFiles/CMakeTmp'

Run Build Command(s): /usr/bin/xcodebuild -project CMAKE_TRY_COMPILE.xcodeproj build -configuration Release -parallelizeTargets -hideShellScriptEnvironment -target cmTC_ea607
Command line invocation:
    /Applications/Xcode.app/Contents/Developer/usr/bin/xcodebuild -project CMAKE_TRY_COMPILE.xcodeproj build -configuration Release -parallelizeTargets -hideShellScriptEnvironment -target cmTC_ea607

ComputePackagePrebuildTargetDependencyGraph

CreateBuildRequest

SendProjectDescription

CreateBuildOperation

ComputeTargetDependencyGraph
note: Building targets in dependency order
note: Target dependency graph (1 target)
    Target 'cmTC_ea607' in project 'CMAKE_TRY_COMPILE' (no dependencies)

GatherProvisioningInputs

CreateBuildDescription

ExecuteExternalTool /Applications/Xcode.app/Contents/Developer/Toolchains/XcodeDefault.xctoolchain/usr/bin/clang -v -E -dM -isysroot /Applications/Xcode.app/Contents/Developer/Platforms/iPhoneSimulator.platform/Developer/SDKs/iPhoneSimulator26.2.sdk -x c -c /dev/null

ExecuteExternalTool /Applications/Xcode.app/Contents/Developer/Toolchains/XcodeDefault.xctoolchain/usr/bin/clang -v -E -dM -arch arm64 -isysroot /Applications/Xcode.app/Contents/Developer/Platforms/iPhoneSimulator.platform/Developer/SDKs/iPhoneSimulator26.2.sdk -x c++ -c /dev/null

ExecuteExternalTool /Applications/Xcode.app/Contents/Developer/Toolchains/XcodeDefault.xctoolchain/usr/bin/clang -v -E -dM -arch arm64 -isysroot /Applications/Xcode.app/Contents/Developer/Platforms/iPhoneSimulator.platform/Developer/SDKs/iPhoneSimulator26.2.sdk -x c -c /dev/null

ExecuteExternalTool /Applications/Xcode.app/Contents/Developer/Toolchains/XcodeDefault.xctoolchain/usr/bin/ld -version_details

Build description signature: 2f3b90353c67c05246dedb58daeaa1e1
Build description path: /Users/j.freyer/Desktop/opencv-ios-custom/scripts/work/xcframework-build/iphonesimulator/build/build-arm64-iphonesimulator/CMakeFiles/CMakeTmp/build/XCBuildData/2f3b90353c67c05246dedb58daeaa1e1.xcbuilddata
CreateBuildDirectory /Users/j.freyer/Desktop/opencv-ios-custom/scripts/work/xcframework-build/iphonesimulator/build/build-arm64-iphonesimulator/CMakeFiles/CMakeTmp/build
    cd /Users/j.freyer/Desktop/opencv-ios-custom/scripts/work/xcframework-build/iphonesimulator/build/build-arm64-iphonesimulator/CMakeFiles/CMakeTmp/CMAKE_TRY_COMPILE.xcodeproj
    builtin-create-build-directory /Users/j.freyer/Desktop/opencv-ios-custom/scripts/work/xcframework-build/iphonesimulator/build/build-arm64-iphonesimulator/CMakeFiles/CMakeTmp/build

ClangStatCache /Applications/Xcode.app/Contents/Developer/Toolchains/XcodeDefault.xctoolchain/usr/bin/clang-stat-cache /Applications/Xcode.app/Contents/Developer/Platforms/iPhoneSimulator.platform/Developer/SDKs/iPhoneSimulator26.2.sdk /var/folders/r1/qkc9fzy91zb68vl41w8l9_300000gp/C/com.apple.DeveloperTools/26.2-17C52/Xcode/SDKStatCaches.noindex/iphonesimulator26.2-23C53-7d00a8b37fbd7999ea79df8ebc024bf0.sdkstatcache
    cd /Users/j.freyer/Desktop/opencv-ios-custom/scripts/work/xcframework-build/iphonesimulator/build/build-arm64-iphonesimulator/CMakeFiles/CMakeTmp/CMAKE_TRY_COMPILE.xcodeproj
    /Applications/Xcode.app/Contents/Developer/Toolchains/XcodeDefault.xctoolchain/usr/bin/clang-stat-cache /Applications/Xcode.app/Contents/Developer/Platforms/iPhoneSimulator.platform/Developer/SDKs/iPhoneSimulator26.2.sdk -o /var/folders/r1/qkc9fzy91zb68vl41w8l9_300000gp/C/com.apple.DeveloperTools/26.2-17C52/Xcode/SDKStatCaches.noindex/iphonesimulator26.2-23C53-7d00a8b37fbd7999ea79df8ebc024bf0.sdkstatcache

CreateBuildDirectory /Users/j.freyer/Desktop/opencv-ios-custom/scripts/work/xcframework-build/iphonesimulator/build/build-arm64-iphonesimulator/CMakeFiles/CMakeTmp/Release
    cd /Users/j.freyer/Desktop/opencv-ios-custom/scripts/work/xcframework-build/iphonesimulator/build/build-arm64-iphonesimulator/CMakeFiles/CMakeTmp/CMAKE_TRY_COMPILE.xcodeproj
    builtin-create-build-directory /Users/j.freyer/Desktop/opencv-ios-custom/scripts/work/xcframework-build/iphonesimulator/build/build-arm64-iphonesimulator/CMakeFiles/CMakeTmp/Release

CreateBuildDirectory /Users/j.freyer/Desktop/opencv-ios-custom/scripts/work/xcframework-build/iphonesimulator/build/build-arm64-iphonesimulator/CMakeFiles/CMakeTmp/build/SwiftExplicitPrecompiledModules
    cd /Users/j.freyer/Desktop/opencv-ios-custom/scripts/work/xcframework-build/iphonesimulator/build/build-arm64-iphonesimulator/CMakeFiles/CMakeTmp/CMAKE_TRY_COMPILE.xcodeproj
    builtin-create-build-directory /Users/j.freyer/Desktop/opencv-ios-custom/scripts/work/xcframework-build/iphonesimulator/build/build-arm64-iphonesimulator/CMakeFiles/CMakeTmp/build/SwiftExplicitPrecompiledModules

CreateBuildDirectory /Users/j.freyer/Desktop/opencv-ios-custom/scripts/work/xcframework-build/iphonesimulator/build/build-arm64-iphonesimulator/CMakeFiles/CMakeTmp/build/ExplicitPrecompiledModules
    cd /Users/j.freyer/Desktop/opencv-ios-custom/scripts/work/xcframework-build/iphonesimulator/build/build-arm64-iphonesimulator/CMakeFiles/CMakeTmp/CMAKE_TRY_COMPILE.xcodeproj
    builtin-create-build-directory /Users/j.freyer/Desktop/opencv-ios-custom/scripts/work/xcframework-build/iphonesimulator/build/build-arm64-iphonesimulator/CMakeFiles/CMakeTmp/build/ExplicitPrecompiledModules

CreateBuildDirectory /Users/j.freyer/Desktop/opencv-ios-custom/scripts/work/xcframework-build/iphonesimulator/build/build-arm64-iphonesimulator/CMakeFiles/CMakeTmp/build/EagerLinkingTBDs/Release-iphonesimulator
    cd /Users/j.freyer/Desktop/opencv-ios-custom/scripts/work/xcframework-build/iphonesimulator/build/build-arm64-iphonesimulator/CMakeFiles/CMakeTmp/CMAKE_TRY_COMPILE.xcodeproj
    builtin-create-build-directory /Users/j.freyer/Desktop/opencv-ios-custom/scripts/work/xcframework-build/iphonesimulator/build/build-arm64-iphonesimulator/CMakeFiles/CMakeTmp/build/EagerLinkingTBDs/Release-iphonesimulator

MkDir /Users/j.freyer/Desktop/opencv-ios-custom/scripts/work/xcframework-build/iphonesimulator/build/build-arm64-iphonesimulator/CMakeFiles/CMakeTmp/Release/cmTC_ea607.app (in target 'cmTC_ea607' from project 'CMAKE_TRY_COMPILE')
    cd /Users/j.freyer/Desktop/opencv-ios-custom/scripts/work/xcframework-build/iphonesimulator/build/build-arm64-iphonesimulator/CMakeFiles/CMakeTmp
    /bin/mkdir -p /Users/j.freyer/Desktop/opencv-ios-custom/scripts/work/xcframework-build/iphonesimulator/build/build-arm64-iphonesimulator/CMakeFiles/CMakeTmp/Release/cmTC_ea607.app

WriteAuxiliaryFile /Users/j.freyer/Desktop/opencv-ios-custom/scripts/work/xcframework-build/iphonesimulator/build/build-arm64-iphonesimulator/CMakeFiles/CMakeTmp/build/cmTC_ea607.build/Release-iphonesimulator/cmTC_ea607.DependencyStaticMetadataFileList (in target 'cmTC_ea607' from project 'CMAKE_TRY_COMPILE')
    cd /Users/j.freyer/Desktop/opencv-ios-custom/scripts/work/xcframework-build/iphonesimulator/build/build-arm64-iphonesimulator/CMakeFiles/CMakeTmp
    write-file /Users/j.freyer/Desktop/opencv-ios-custom/scripts/work/xcframework-build/iphonesimulator/build/build-arm64-iphonesimulator/CMakeFiles/CMakeTmp/build/cmTC_ea607.build/Release-iphonesimulator/cmTC_ea607.DependencyStaticMetadataFileList

WriteAuxiliaryFile /Users/j.freyer/Desktop/opencv-ios-custom/scripts/work/xcframework-build/iphonesimulator/build/build-arm64-iphonesimulator/CMakeFiles/CMakeTmp/build/cmTC_ea607.build/Release-iphonesimulator/cmTC_ea607.DependencyMetadataFileList (in target 'cmTC_ea607' from project 'CMAKE_TRY_COMPILE')
    cd /Users/j.freyer/Desktop/opencv-ios-custom/scripts/work/xcframework-build/iphonesimulator/build/build-arm64-iphonesimulator/CMakeFiles/CMakeTmp
    write-file /Users/j.freyer/Desktop/opencv-ios-custom/scripts/work/xcframework-build/iphonesimulator/build/build-arm64-iphonesimulator/CMakeFiles/CMakeTmp/build/cmTC_ea607.build/Release-iphonesimulator/cmTC_ea607.DependencyMetadataFileList

ProcessInfoPlistFile /Users/j.freyer/Desktop/opencv-ios-custom/scripts/work/xcframework-build/iphonesimulator/build/build-arm64-iphonesimulator/CMakeFiles/CMakeTmp/Release/cmTC_ea607.app/Info.plist /Users/j.freyer/Desktop/opencv-ios-custom/scripts/work/xcframework-build/iphonesimulator/build/build-arm64-iphonesimulator/CMakeFiles/CMakeTmp/CMakeFiles/cmTC_ea607.dir/Info.plist (in target 'cmTC_ea607' from project 'CMAKE_TRY_COMPILE')
    cd /Users/j.freyer/Desktop/opencv-ios-custom/scripts/work/xcframework-build/iphonesimulator/build/build-arm64-iphonesimulator/CMakeFiles/CMakeTmp
    builtin-infoPlistUtility /Users/j.freyer/Desktop/opencv-ios-custom/scripts/work/xcframework-build/iphonesimulator/build/build-arm64-iphonesimulator/CMakeFiles/CMakeTmp/CMakeFiles/cmTC_ea607.dir/Info.plist -producttype com.apple.product-type.application -genpkginfo /Users/j.freyer/Desktop/opencv-ios-custom/scripts/work/xcframework-build/iphonesimulator/build/build-arm64-iphonesimulator/CMakeFiles/CMakeTmp/Release/cmTC_ea607.app/PkgInfo -expandbuildsettings -format binary -platform iphonesimulator -o /Users/j.freyer/Desktop/opencv-ios-custom/scripts/work/xcframework-build/iphonesimulator/build/build-arm64-iphonesimulator/CMakeFiles/CMakeTmp/Release/cmTC_ea607.app/Info.plist

WriteAuxiliaryFile /Users/j.freyer/Desktop/opencv-ios-custom/scripts/work/xcframework-build/iphonesimulator/build/build-arm64-iphonesimulator/CMakeFiles/CMakeTmp/build/cmTC_ea607.build/Release-iphonesimulator/Objects-normal/arm64/cmTC_ea607.LinkFileList (in target 'cmTC_ea607' from project 'CMAKE_TRY_COMPILE')
    cd /Users/j.freyer/Desktop/opencv-ios-custom/scripts/work/xcframework-build/iphonesimulator/build/build-arm64-iphonesimulator/CMakeFiles/CMakeTmp
    write-file /Users/j.freyer/Desktop/opencv-ios-custom/scripts/work/xcframework-build/iphonesimulator/build/build-arm64-iphonesimulator/CMakeFiles/CMakeTmp/build/cmTC_ea607.build/Release-iphonesimulator/Objects-normal/arm64/cmTC_ea607.LinkFileList

WriteAuxiliaryFile /Users/j.freyer/Desktop/opencv-ios-custom/scripts/work/xcframework-build/iphonesimulator/build/build-arm64-iphonesimulator/CMakeFiles/CMakeTmp/build/cmTC_ea607.build/Release-iphonesimulator/Objects-normal/arm64/82b82416624d2658e5098eb0a28c15c5-common-args.resp (in target 'cmTC_ea607' from project 'CMAKE_TRY_COMPILE')
    cd /Users/j.freyer/Desktop/opencv-ios-custom/scripts/work/xcframework-build/iphonesimulator/build/build-arm64-iphonesimulator/CMakeFiles/CMakeTmp
    write-file /Users/j.freyer/Desktop/opencv-ios-custom/scripts/work/xcframework-build/iphonesimulator/build/build-arm64-iphonesimulator/CMakeFiles/CMakeTmp/build/cmTC_ea607.build/Release-iphonesimulator/Objects-normal/arm64/82b82416624d2658e5098eb0a28c15c5-common-args.resp
-target arm64-apple-ios26.2-simulator -fpascal-strings -O3 '-DCMAKE_INTDIR="Release-iphonesimulator"' -isysroot /Applications/Xcode.app/Contents/Developer/Platforms/iPhoneSimulator.platform/Developer/SDKs/iPhoneSimulator26.2.sdk -I/Users/j.freyer/Desktop/opencv-ios-custom/scripts/work/xcframework-build/iphonesimulator/build/build-arm64-iphonesimulator/CMakeFiles/CMakeTmp/Release/include -I/Users/j.freyer/Desktop/opencv-ios-custom/scripts/work/xcframework-build/iphonesimulator/build/build-arm64-iphonesimulator/CMakeFiles/CMakeTmp/build/cmTC_ea607.build/Release-iphonesimulator/DerivedSources-normal/arm64 -I/Users/j.freyer/Desktop/opencv-ios-custom/scripts/work/xcframework-build/iphonesimulator/build/build-arm64-iphonesimulator/CMakeFiles/CMakeTmp/build/cmTC_ea607.build/Release-iphonesimulator/DerivedSources/arm64 -I/Users/j.freyer/Desktop/opencv-ios-custom/scripts/work/xcframework-build/iphonesimulator/build/build-arm64-iphonesimulator/CMakeFiles/CMakeTmp/build/cmTC_ea607.build/Release-iphonesimulator/DerivedSources -F/Users/j.freyer/Desktop/opencv-ios-custom/scripts/work/xcframework-build/iphonesimulator/build/build-arm64-iphonesimulator/CMakeFiles/CMakeTmp/Release -fsigned-char -Qunused-arguments '-fvisibility=hidden' -fvisibility-inlines-hidden -DNDEBUG -DNDEBUG '-std=c++11' -fPIE

CompileC /Users/j.freyer/Desktop/opencv-ios-custom/scripts/work/xcframework-build/iphonesimulator/build/build-arm64-iphonesimulator/CMakeFiles/CMakeTmp/build/cmTC_ea607.build/Release-iphonesimulator/Objects-normal/arm64/src.o /Users/j.freyer/Desktop/opencv-ios-custom/scripts/work/xcframework-build/iphonesimulator/build/build-arm64-iphonesimulator/CMakeFiles/CMakeTmp/src.cxx normal arm64 c++ com.apple.compilers.llvm.clang.1_0.compiler (in target 'cmTC_ea607' from project 'CMAKE_TRY_COMPILE')
    cd /Users/j.freyer/Desktop/opencv-ios-custom/scripts/work/xcframework-build/iphonesimulator/build/build-arm64-iphonesimulator/CMakeFiles/CMakeTmp
    
    Using response file: /Users/j.freyer/Desktop/opencv-ios-custom/scripts/work/xcframework-build/iphonesimulator/build/build-arm64-iphonesimulator/CMakeFiles/CMakeTmp/build/cmTC_ea607.build/Release-iphonesimulator/Objects-normal/arm64/82b82416624d2658e5098eb0a28c15c5-common-args.resp
    
    /Applications/Xcode.app/Contents/Developer/Toolchains/XcodeDefault.xctoolchain/usr/bin/clang -x c++ -ivfsstatcache /var/folders/r1/qkc9fzy91zb68vl41w8l9_300000gp/C/com.apple.DeveloperTools/26.2-17C52/Xcode/SDKStatCaches.noindex/iphonesimulator26.2-23C53-7d00a8b37fbd7999ea79df8ebc024bf0.sdkstatcache -fmessage-length\=0 -fdiagnostics-show-note-include-stack -fmacro-backtrace-limit\=0 -fno-color-diagnostics -Wno-trigraphs -Wno-missing-field-initializers -Wno-missing-prototypes -Wno-return-type -Wno-non-virtual-dtor -Wno-overloaded-virtual -Wno-exit-time-destructors -Wno-missing-braces -Wparentheses -Wswitch -Wno-unused-function -Wno-unused-label -Wno-unused-parameter -Wno-unused-variable -Wunused-value -Wno-empty-body -Wno-uninitialized -Wno-unknown-pragmas -Wno-shadow -Wno-four-char-constants -Wno-conversion -Wno-constant-conversion -Wno-int-conversion -Wno-bool-conversion -Wno-enum-conversion -Wno-float-conversion -Wno-non-literal-null-conversion -Wno-objc-literal-conversion -Wshorten-64-to-32 -Wno-newline-eof -Wno-c++11-extensions -Wno-implicit-fallthrough -fstrict-aliasing -Wdeprecated-declarations -Winvalid-offsetof -Wno-sign-conversion -Wno-infinite-recursion -Wno-move -Wno-comma -Wno-block-capture-autoreleasing -Wno-strict-prototypes -Wno-range-loop-analysis -Wno-semicolon-before-method-body -W -Wall -Wreturn-type -Wnon-virtual-dtor -Waddress -Wsequence-point -Wformat -Wformat-security -Wstrict-prototypes -Winit-self -Wpointer-arith -Wuninitialized -Wno-delete-non-virtual-dtor -Wno-unnamed-type-template-args -Wno-comment -fdiagnostics-show-option -Wno-semicolon-before-method-body -Wno-deprecated -Wno-missing-prototypes -Wno-missing-declarations -Wno-shadow -Wno-unused-parameter -Wno-unused-local-typedefs -Wno-sign-compare -Wno-sign-promo -Wno-undef -Wno-tautological-undefined-compare -Wno-ignored-qualifiers -Wno-extra -Wno-unused-function -Wno-unused-const-variable -Wno-shorten-64-to-32 -Wno-invalid-offsetof -Wno-enum-compare-switch -Wno-suggest-override -Wno-inconsistent-missing-override -Wno-implicit-fallthrough -Wno-array-bounds -Wno-stringop-overflow @/Users/j.freyer/Desktop/opencv-ios-custom/scripts/work/xcframework-build/iphonesimulator/build/build-arm64-iphonesimulator/CMakeFiles/CMakeTmp/build/cmTC_ea607.build/Release-iphonesimulator/Objects-normal/arm64/82b82416624d2658e5098eb0a28c15c5-common-args.resp -MMD -MT dependencies -MF /Users/j.freyer/Desktop/opencv-ios-custom/scripts/work/xcframework-build/iphonesimulator/build/build-arm64-iphonesimulator/CMakeFiles/CMakeTmp/build/cmTC_ea607.build/Release-iphonesimulator/Objects-normal/arm64/src.d --serialize-diagnostics /Users/j.freyer/Desktop/opencv-ios-custom/scripts/work/xcframework-build/iphonesimulator/build/build-arm64-iphonesimulator/CMakeFiles/CMakeTmp/build/cmTC_ea607.build/Release-iphonesimulator/Objects-normal/arm64/src.dia -c /Users/j.freyer/Desktop/opencv-ios-custom/scripts/work/xcframework-build/iphonesimulator/build/build-arm64-iphonesimulator/CMakeFiles/CMakeTmp/src.cxx -o /Users/j.freyer/Desktop/opencv-ios-custom/scripts/work/xcframework-build/iphonesimulator/build/build-arm64-iphonesimulator/CMakeFiles/CMakeTmp/build/cmTC_ea607.build/Release-iphonesimulator/Objects-normal/arm64/src.o
warning: unknown warning option '-Wno-stringop-overflow'; did you mean '-Wno-shift-overflow'? [-Wunknown-warning-option]
/Users/j.freyer/Desktop/opencv-ios-custom/scripts/work/xcframework-build/iphonesimulator/build/build-arm64-iphonesimulator/CMakeFiles/CMakeTmp/src.cxx:1:8: warning: unknown pragma ignored [-Wunknown-pragmas]
    1 | #pragma
      |        ^
2 warnings generated.

Ld /Users/j.freyer/Desktop/opencv-ios-custom/scripts/work/xcframework-build/iphonesimulator/build/build-arm64-iphonesimulator/CMakeFiles/CMakeTmp/Release/cmTC_ea607.app/cmTC_ea607 normal (in target 'cmTC_ea607' from project 'CMAKE_TRY_COMPILE')
    cd /Users/j.freyer/Desktop/opencv-ios-custom/scripts/work/xcframework-build/iphonesimulator/build/build-arm64-iphonesimulator/CMakeFiles/CMakeTmp
    /Applications/Xcode.app/Contents/Developer/Toolchains/XcodeDefault.xctoolchain/usr/bin/clang++ -Xlinker -reproducible -target arm64-apple-ios26.2-simulator -isysroot /Applications/Xcode.app/Contents/Developer/Platforms/iPhoneSimulator.platform/Developer/SDKs/iPhoneSimulator26.2.sdk -O3 -L/Users/j.freyer/Desktop/opencv-ios-custom/scripts/work/xcframework-build/iphonesimulator/build/build-arm64-iphonesimulator/CMakeFiles/CMakeTmp/build/EagerLinkingTBDs/Release-iphonesimulator -L/Users/j.freyer/Desktop/opencv-ios-custom/scripts/work/xcframework-build/iphonesimulator/build/build-arm64-iphonesimulator/CMakeFiles/CMakeTmp/Release -F/Users/j.freyer/Desktop/opencv-ios-custom/scripts/work/xcframework-build/iphonesimulator/build/build-arm64-iphonesimulator/CMakeFiles/CMakeTmp/build/EagerLinkingTBDs/Release-iphonesimulator -F/Users/j.freyer/Desktop/opencv-ios-custom/scripts/work/xcframework-build/iphonesimulator/build/build-arm64-iphonesimulator/CMakeFiles/CMakeTmp/Release -filelist /Users/j.freyer/Desktop/opencv-ios-custom/scripts/work/xcframework-build/iphonesimulator/build/build-arm64-iphonesimulator/CMakeFiles/CMakeTmp/build/cmTC_ea607.build/Release-iphonesimulator/Objects-normal/arm64/cmTC_ea607.LinkFileList -dead_strip -Xlinker -objc_abi_version -Xlinker 2 -Xlinker -dependency_info -Xlinker /Users/j.freyer/Desktop/opencv-ios-custom/scripts/work/xcframework-build/iphonesimulator/build/build-arm64-iphonesimulator/CMakeFiles/CMakeTmp/build/cmTC_ea607.build/Release-iphonesimulator/Objects-normal/arm64/cmTC_ea607_dependency_info.dat -Wl,-search_paths_first -Wl,-headerpad_max_install_names -o /Users/j.freyer/Desktop/opencv-ios-custom/scripts/work/xcframework-build/iphonesimulator/build/build-arm64-iphonesimulator/CMakeFiles/CMakeTmp/Release/cmTC_ea607.app/cmTC_ea607

RegisterExecutionPolicyException /Users/j.freyer/Desktop/opencv-ios-custom/scripts/work/xcframework-build/iphonesimulator/build/build-arm64-iphonesimulator/CMakeFiles/CMakeTmp/Release/cmTC_ea607.app (in target 'cmTC_ea607' from project 'CMAKE_TRY_COMPILE')
    cd /Users/j.freyer/Desktop/opencv-ios-custom/scripts/work/xcframework-build/iphonesimulator/build/build-arm64-iphonesimulator/CMakeFiles/CMakeTmp
    builtin-RegisterExecutionPolicyException /Users/j.freyer/Desktop/opencv-ios-custom/scripts/work/xcframework-build/iphonesimulator/build/build-arm64-iphonesimulator/CMakeFiles/CMakeTmp/Release/cmTC_ea607.app

Validate /Users/j.freyer/Desktop/opencv-ios-custom/scripts/work/xcframework-build/iphonesimulator/build/build-arm64-iphonesimulator/CMakeFiles/CMakeTmp/Release/cmTC_ea607.app (in target 'cmTC_ea607' from project 'CMAKE_TRY_COMPILE')
    cd /Users/j.freyer/Desktop/opencv-ios-custom/scripts/work/xcframework-build/iphonesimulator/build/build-arm64-iphonesimulator/CMakeFiles/CMakeTmp
    builtin-validationUtility /Users/j.freyer/Desktop/opencv-ios-custom/scripts/work/xcframework-build/iphonesimulator/build/build-arm64-iphonesimulator/CMakeFiles/CMakeTmp/Release/cmTC_ea607.app -shallow-bundle -infoplist-subpath Info.plist

Touch /Users/j.freyer/Desktop/opencv-ios-custom/scripts/work/xcframework-build/iphonesimulator/build/build-arm64-iphonesimulator/CMakeFiles/CMakeTmp/Release/cmTC_ea607.app (in target 'cmTC_ea607' from project 'CMAKE_TRY_COMPILE')
    cd /Users/j.freyer/Desktop/opencv-ios-custom/scripts/work/xcframework-build/iphonesimulator/build/build-arm64-iphonesimulator/CMakeFiles/CMakeTmp
    /usr/bin/touch -c /Users/j.freyer/Desktop/opencv-ios-custom/scripts/work/xcframework-build/iphonesimulator/build/build-arm64-iphonesimulator/CMakeFiles/CMakeTmp/Release/cmTC_ea607.app

** BUILD SUCCEEDED **



===== END =====

Build output check failed:
    Regex: 'unknown .*option'
    Output line: 'warning: unknown warning option '-Wno-stringop-overread' [-Wunknown-warning-option]'
Compilation failed:
    source file: '/Users/j.freyer/Desktop/opencv-ios-custom/scripts/work/xcframework-build/iphonesimulator/build/build-arm64-iphonesimulator/CMakeFiles/CMakeTmp/src.cxx'
    check option: ' -Wno-stringop-overread'
===== BUILD LOG =====
Change Dir: '/Users/j.freyer/Desktop/opencv-ios-custom/scripts/work/xcframework-build/iphonesimulator/build/build-arm64-iphonesimulator/CMakeFiles/CMakeTmp'

Run Build Command(s): /usr/bin/xcodebuild -project CMAKE_TRY_COMPILE.xcodeproj build -configuration Release -parallelizeTargets -hideShellScriptEnvironment -target cmTC_e3231
Command line invocation:
    /Applications/Xcode.app/Contents/Developer/usr/bin/xcodebuild -project CMAKE_TRY_COMPILE.xcodeproj build -configuration Release -parallelizeTargets -hideShellScriptEnvironment -target cmTC_e3231

ComputePackagePrebuildTargetDependencyGraph

CreateBuildRequest

SendProjectDescription

CreateBuildOperation

ComputeTargetDependencyGraph
note: Building targets in dependency order
note: Target dependency graph (1 target)
    Target 'cmTC_e3231' in project 'CMAKE_TRY_COMPILE' (no dependencies)

GatherProvisioningInputs

CreateBuildDescription

ExecuteExternalTool /Applications/Xcode.app/Contents/Developer/Toolchains/XcodeDefault.xctoolchain/usr/bin/clang -v -E -dM -isysroot /Applications/Xcode.app/Contents/Developer/Platforms/iPhoneSimulator.platform/Developer/SDKs/iPhoneSimulator26.2.sdk -x c -c /dev/null

ExecuteExternalTool /Applications/Xcode.app/Contents/Developer/Toolchains/XcodeDefault.xctoolchain/usr/bin/clang -v -E -dM -arch arm64 -isysroot /Applications/Xcode.app/Contents/Developer/Platforms/iPhoneSimulator.platform/Developer/SDKs/iPhoneSimulator26.2.sdk -x c++ -c /dev/null

ExecuteExternalTool /Applications/Xcode.app/Contents/Developer/Toolchains/XcodeDefault.xctoolchain/usr/bin/clang -v -E -dM -arch arm64 -isysroot /Applications/Xcode.app/Contents/Developer/Platforms/iPhoneSimulator.platform/Developer/SDKs/iPhoneSimulator26.2.sdk -x c -c /dev/null

ExecuteExternalTool /Applications/Xcode.app/Contents/Developer/Toolchains/XcodeDefault.xctoolchain/usr/bin/ld -version_details

Build description signature: e67e98e0ff2941e31bca6e124ae83cb7
Build description path: /Users/j.freyer/Desktop/opencv-ios-custom/scripts/work/xcframework-build/iphonesimulator/build/build-arm64-iphonesimulator/CMakeFiles/CMakeTmp/build/XCBuildData/e67e98e0ff2941e31bca6e124ae83cb7.xcbuilddata
CreateBuildDirectory /Users/j.freyer/Desktop/opencv-ios-custom/scripts/work/xcframework-build/iphonesimulator/build/build-arm64-iphonesimulator/CMakeFiles/CMakeTmp/build
    cd /Users/j.freyer/Desktop/opencv-ios-custom/scripts/work/xcframework-build/iphonesimulator/build/build-arm64-iphonesimulator/CMakeFiles/CMakeTmp/CMAKE_TRY_COMPILE.xcodeproj
    builtin-create-build-directory /Users/j.freyer/Desktop/opencv-ios-custom/scripts/work/xcframework-build/iphonesimulator/build/build-arm64-iphonesimulator/CMakeFiles/CMakeTmp/build

CreateBuildDirectory /Users/j.freyer/Desktop/opencv-ios-custom/scripts/work/xcframework-build/iphonesimulator/build/build-arm64-iphonesimulator/CMakeFiles/CMakeTmp/Release
    cd /Users/j.freyer/Desktop/opencv-ios-custom/scripts/work/xcframework-build/iphonesimulator/build/build-arm64-iphonesimulator/CMakeFiles/CMakeTmp/CMAKE_TRY_COMPILE.xcodeproj
    builtin-create-build-directory /Users/j.freyer/Desktop/opencv-ios-custom/scripts/work/xcframework-build/iphonesimulator/build/build-arm64-iphonesimulator/CMakeFiles/CMakeTmp/Release

ClangStatCache /Applications/Xcode.app/Contents/Developer/Toolchains/XcodeDefault.xctoolchain/usr/bin/clang-stat-cache /Applications/Xcode.app/Contents/Developer/Platforms/iPhoneSimulator.platform/Developer/SDKs/iPhoneSimulator26.2.sdk /var/folders/r1/qkc9fzy91zb68vl41w8l9_300000gp/C/com.apple.DeveloperTools/26.2-17C52/Xcode/SDKStatCaches.noindex/iphonesimulator26.2-23C53-7d00a8b37fbd7999ea79df8ebc024bf0.sdkstatcache
    cd /Users/j.freyer/Desktop/opencv-ios-custom/scripts/work/xcframework-build/iphonesimulator/build/build-arm64-iphonesimulator/CMakeFiles/CMakeTmp/CMAKE_TRY_COMPILE.xcodeproj
    /Applications/Xcode.app/Contents/Developer/Toolchains/XcodeDefault.xctoolchain/usr/bin/clang-stat-cache /Applications/Xcode.app/Contents/Developer/Platforms/iPhoneSimulator.platform/Developer/SDKs/iPhoneSimulator26.2.sdk -o /var/folders/r1/qkc9fzy91zb68vl41w8l9_300000gp/C/com.apple.DeveloperTools/26.2-17C52/Xcode/SDKStatCaches.noindex/iphonesimulator26.2-23C53-7d00a8b37fbd7999ea79df8ebc024bf0.sdkstatcache

CreateBuildDirectory /Users/j.freyer/Desktop/opencv-ios-custom/scripts/work/xcframework-build/iphonesimulator/build/build-arm64-iphonesimulator/CMakeFiles/CMakeTmp/build/SwiftExplicitPrecompiledModules
    cd /Users/j.freyer/Desktop/opencv-ios-custom/scripts/work/xcframework-build/iphonesimulator/build/build-arm64-iphonesimulator/CMakeFiles/CMakeTmp/CMAKE_TRY_COMPILE.xcodeproj
    builtin-create-build-directory /Users/j.freyer/Desktop/opencv-ios-custom/scripts/work/xcframework-build/iphonesimulator/build/build-arm64-iphonesimulator/CMakeFiles/CMakeTmp/build/SwiftExplicitPrecompiledModules

CreateBuildDirectory /Users/j.freyer/Desktop/opencv-ios-custom/scripts/work/xcframework-build/iphonesimulator/build/build-arm64-iphonesimulator/CMakeFiles/CMakeTmp/build/ExplicitPrecompiledModules
    cd /Users/j.freyer/Desktop/opencv-ios-custom/scripts/work/xcframework-build/iphonesimulator/build/build-arm64-iphonesimulator/CMakeFiles/CMakeTmp/CMAKE_TRY_COMPILE.xcodeproj
    builtin-create-build-directory /Users/j.freyer/Desktop/opencv-ios-custom/scripts/work/xcframework-build/iphonesimulator/build/build-arm64-iphonesimulator/CMakeFiles/CMakeTmp/build/ExplicitPrecompiledModules

CreateBuildDirectory /Users/j.freyer/Desktop/opencv-ios-custom/scripts/work/xcframework-build/iphonesimulator/build/build-arm64-iphonesimulator/CMakeFiles/CMakeTmp/build/EagerLinkingTBDs/Release-iphonesimulator
    cd /Users/j.freyer/Desktop/opencv-ios-custom/scripts/work/xcframework-build/iphonesimulator/build/build-arm64-iphonesimulator/CMakeFiles/CMakeTmp/CMAKE_TRY_COMPILE.xcodeproj
    builtin-create-build-directory /Users/j.freyer/Desktop/opencv-ios-custom/scripts/work/xcframework-build/iphonesimulator/build/build-arm64-iphonesimulator/CMakeFiles/CMakeTmp/build/EagerLinkingTBDs/Release-iphonesimulator

MkDir /Users/j.freyer/Desktop/opencv-ios-custom/scripts/work/xcframework-build/iphonesimulator/build/build-arm64-iphonesimulator/CMakeFiles/CMakeTmp/Release/cmTC_e3231.app (in target 'cmTC_e3231' from project 'CMAKE_TRY_COMPILE')
    cd /Users/j.freyer/Desktop/opencv-ios-custom/scripts/work/xcframework-build/iphonesimulator/build/build-arm64-iphonesimulator/CMakeFiles/CMakeTmp
    /bin/mkdir -p /Users/j.freyer/Desktop/opencv-ios-custom/scripts/work/xcframework-build/iphonesimulator/build/build-arm64-iphonesimulator/CMakeFiles/CMakeTmp/Release/cmTC_e3231.app

ProcessInfoPlistFile /Users/j.freyer/Desktop/opencv-ios-custom/scripts/work/xcframework-build/iphonesimulator/build/build-arm64-iphonesimulator/CMakeFiles/CMakeTmp/Release/cmTC_e3231.app/Info.plist /Users/j.freyer/Desktop/opencv-ios-custom/scripts/work/xcframework-build/iphonesimulator/build/build-arm64-iphonesimulator/CMakeFiles/CMakeTmp/CMakeFiles/cmTC_e3231.dir/Info.plist (in target 'cmTC_e3231' from project 'CMAKE_TRY_COMPILE')
    cd /Users/j.freyer/Desktop/opencv-ios-custom/scripts/work/xcframework-build/iphonesimulator/build/build-arm64-iphonesimulator/CMakeFiles/CMakeTmp
    builtin-infoPlistUtility /Users/j.freyer/Desktop/opencv-ios-custom/scripts/work/xcframework-build/iphonesimulator/build/build-arm64-iphonesimulator/CMakeFiles/CMakeTmp/CMakeFiles/cmTC_e3231.dir/Info.plist -producttype com.apple.product-type.application -genpkginfo /Users/j.freyer/Desktop/opencv-ios-custom/scripts/work/xcframework-build/iphonesimulator/build/build-arm64-iphonesimulator/CMakeFiles/CMakeTmp/Release/cmTC_e3231.app/PkgInfo -expandbuildsettings -format binary -platform iphonesimulator -o /Users/j.freyer/Desktop/opencv-ios-custom/scripts/work/xcframework-build/iphonesimulator/build/build-arm64-iphonesimulator/CMakeFiles/CMakeTmp/Release/cmTC_e3231.app/Info.plist

WriteAuxiliaryFile /Users/j.freyer/Desktop/opencv-ios-custom/scripts/work/xcframework-build/iphonesimulator/build/build-arm64-iphonesimulator/CMakeFiles/CMakeTmp/build/cmTC_e3231.build/Release-iphonesimulator/cmTC_e3231.DependencyStaticMetadataFileList (in target 'cmTC_e3231' from project 'CMAKE_TRY_COMPILE')
    cd /Users/j.freyer/Desktop/opencv-ios-custom/scripts/work/xcframework-build/iphonesimulator/build/build-arm64-iphonesimulator/CMakeFiles/CMakeTmp
    write-file /Users/j.freyer/Desktop/opencv-ios-custom/scripts/work/xcframework-build/iphonesimulator/build/build-arm64-iphonesimulator/CMakeFiles/CMakeTmp/build/cmTC_e3231.build/Release-iphonesimulator/cmTC_e3231.DependencyStaticMetadataFileList

WriteAuxiliaryFile /Users/j.freyer/Desktop/opencv-ios-custom/scripts/work/xcframework-build/iphonesimulator/build/build-arm64-iphonesimulator/CMakeFiles/CMakeTmp/build/cmTC_e3231.build/Release-iphonesimulator/cmTC_e3231.DependencyMetadataFileList (in target 'cmTC_e3231' from project 'CMAKE_TRY_COMPILE')
    cd /Users/j.freyer/Desktop/opencv-ios-custom/scripts/work/xcframework-build/iphonesimulator/build/build-arm64-iphonesimulator/CMakeFiles/CMakeTmp
    write-file /Users/j.freyer/Desktop/opencv-ios-custom/scripts/work/xcframework-build/iphonesimulator/build/build-arm64-iphonesimulator/CMakeFiles/CMakeTmp/build/cmTC_e3231.build/Release-iphonesimulator/cmTC_e3231.DependencyMetadataFileList

WriteAuxiliaryFile /Users/j.freyer/Desktop/opencv-ios-custom/scripts/work/xcframework-build/iphonesimulator/build/build-arm64-iphonesimulator/CMakeFiles/CMakeTmp/build/cmTC_e3231.build/Release-iphonesimulator/Objects-normal/arm64/82b82416624d2658e5098eb0a28c15c5-common-args.resp (in target 'cmTC_e3231' from project 'CMAKE_TRY_COMPILE')
    cd /Users/j.freyer/Desktop/opencv-ios-custom/scripts/work/xcframework-build/iphonesimulator/build/build-arm64-iphonesimulator/CMakeFiles/CMakeTmp
    write-file /Users/j.freyer/Desktop/opencv-ios-custom/scripts/work/xcframework-build/iphonesimulator/build/build-arm64-iphonesimulator/CMakeFiles/CMakeTmp/build/cmTC_e3231.build/Release-iphonesimulator/Objects-normal/arm64/82b82416624d2658e5098eb0a28c15c5-common-args.resp
-target arm64-apple-ios26.2-simulator -fpascal-strings -O3 '-DCMAKE_INTDIR="Release-iphonesimulator"' -isysroot /Applications/Xcode.app/Contents/Developer/Platforms/iPhoneSimulator.platform/Developer/SDKs/iPhoneSimulator26.2.sdk -I/Users/j.freyer/Desktop/opencv-ios-custom/scripts/work/xcframework-build/iphonesimulator/build/build-arm64-iphonesimulator/CMakeFiles/CMakeTmp/Release/include -I/Users/j.freyer/Desktop/opencv-ios-custom/scripts/work/xcframework-build/iphonesimulator/build/build-arm64-iphonesimulator/CMakeFiles/CMakeTmp/build/cmTC_e3231.build/Release-iphonesimulator/DerivedSources-normal/arm64 -I/Users/j.freyer/Desktop/opencv-ios-custom/scripts/work/xcframework-build/iphonesimulator/build/build-arm64-iphonesimulator/CMakeFiles/CMakeTmp/build/cmTC_e3231.build/Release-iphonesimulator/DerivedSources/arm64 -I/Users/j.freyer/Desktop/opencv-ios-custom/scripts/work/xcframework-build/iphonesimulator/build/build-arm64-iphonesimulator/CMakeFiles/CMakeTmp/build/cmTC_e3231.build/Release-iphonesimulator/DerivedSources -F/Users/j.freyer/Desktop/opencv-ios-custom/scripts/work/xcframework-build/iphonesimulator/build/build-arm64-iphonesimulator/CMakeFiles/CMakeTmp/Release -fsigned-char -Qunused-arguments '-fvisibility=hidden' -fvisibility-inlines-hidden -DNDEBUG -DNDEBUG '-std=c++11' -fPIE

WriteAuxiliaryFile /Users/j.freyer/Desktop/opencv-ios-custom/scripts/work/xcframework-build/iphonesimulator/build/build-arm64-iphonesimulator/CMakeFiles/CMakeTmp/build/cmTC_e3231.build/Release-iphonesimulator/Objects-normal/arm64/cmTC_e3231.LinkFileList (in target 'cmTC_e3231' from project 'CMAKE_TRY_COMPILE')
    cd /Users/j.freyer/Desktop/opencv-ios-custom/scripts/work/xcframework-build/iphonesimulator/build/build-arm64-iphonesimulator/CMakeFiles/CMakeTmp
    write-file /Users/j.freyer/Desktop/opencv-ios-custom/scripts/work/xcframework-build/iphonesimulator/build/build-arm64-iphonesimulator/CMakeFiles/CMakeTmp/build/cmTC_e3231.build/Release-iphonesimulator/Objects-normal/arm64/cmTC_e3231.LinkFileList

CompileC /Users/j.freyer/Desktop/opencv-ios-custom/scripts/work/xcframework-build/iphonesimulator/build/build-arm64-iphonesimulator/CMakeFiles/CMakeTmp/build/cmTC_e3231.build/Release-iphonesimulator/Objects-normal/arm64/src.o /Users/j.freyer/Desktop/opencv-ios-custom/scripts/work/xcframework-build/iphonesimulator/build/build-arm64-iphonesimulator/CMakeFiles/CMakeTmp/src.cxx normal arm64 c++ com.apple.compilers.llvm.clang.1_0.compiler (in target 'cmTC_e3231' from project 'CMAKE_TRY_COMPILE')
    cd /Users/j.freyer/Desktop/opencv-ios-custom/scripts/work/xcframework-build/iphonesimulator/build/build-arm64-iphonesimulator/CMakeFiles/CMakeTmp
    
    Using response file: /Users/j.freyer/Desktop/opencv-ios-custom/scripts/work/xcframework-build/iphonesimulator/build/build-arm64-iphonesimulator/CMakeFiles/CMakeTmp/build/cmTC_e3231.build/Release-iphonesimulator/Objects-normal/arm64/82b82416624d2658e5098eb0a28c15c5-common-args.resp
    
    /Applications/Xcode.app/Contents/Developer/Toolchains/XcodeDefault.xctoolchain/usr/bin/clang -x c++ -ivfsstatcache /var/folders/r1/qkc9fzy91zb68vl41w8l9_300000gp/C/com.apple.DeveloperTools/26.2-17C52/Xcode/SDKStatCaches.noindex/iphonesimulator26.2-23C53-7d00a8b37fbd7999ea79df8ebc024bf0.sdkstatcache -fmessage-length\=0 -fdiagnostics-show-note-include-stack -fmacro-backtrace-limit\=0 -fno-color-diagnostics -Wno-trigraphs -Wno-missing-field-initializers -Wno-missing-prototypes -Wno-return-type -Wno-non-virtual-dtor -Wno-overloaded-virtual -Wno-exit-time-destructors -Wno-missing-braces -Wparentheses -Wswitch -Wno-unused-function -Wno-unused-label -Wno-unused-parameter -Wno-unused-variable -Wunused-value -Wno-empty-body -Wno-uninitialized -Wno-unknown-pragmas -Wno-shadow -Wno-four-char-constants -Wno-conversion -Wno-constant-conversion -Wno-int-conversion -Wno-bool-conversion -Wno-enum-conversion -Wno-float-conversion -Wno-non-literal-null-conversion -Wno-objc-literal-conversion -Wshorten-64-to-32 -Wno-newline-eof -Wno-c++11-extensions -Wno-implicit-fallthrough -fstrict-aliasing -Wdeprecated-declarations -Winvalid-offsetof -Wno-sign-conversion -Wno-infinite-recursion -Wno-move -Wno-comma -Wno-block-capture-autoreleasing -Wno-strict-prototypes -Wno-range-loop-analysis -Wno-semicolon-before-method-body -W -Wall -Wreturn-type -Wnon-virtual-dtor -Waddress -Wsequence-point -Wformat -Wformat-security -Wstrict-prototypes -Winit-self -Wpointer-arith -Wuninitialized -Wno-delete-non-virtual-dtor -Wno-unnamed-type-template-args -Wno-comment -fdiagnostics-show-option -Wno-semicolon-before-method-body -Wno-deprecated -Wno-missing-prototypes -Wno-missing-declarations -Wno-shadow -Wno-unused-parameter -Wno-unused-local-typedefs -Wno-sign-compare -Wno-sign-promo -Wno-undef -Wno-tautological-undefined-compare -Wno-ignored-qualifiers -Wno-extra -Wno-unused-function -Wno-unused-const-variable -Wno-shorten-64-to-32 -Wno-invalid-offsetof -Wno-enum-compare-switch -Wno-suggest-override -Wno-inconsistent-missing-override -Wno-implicit-fallthrough -Wno-array-bounds -Wno-stringop-overread @/Users/j.freyer/Desktop/opencv-ios-custom/scripts/work/xcframework-build/iphonesimulator/build/build-arm64-iphonesimulator/CMakeFiles/CMakeTmp/build/cmTC_e3231.build/Release-iphonesimulator/Objects-normal/arm64/82b82416624d2658e5098eb0a28c15c5-common-args.resp -MMD -MT dependencies -MF /Users/j.freyer/Desktop/opencv-ios-custom/scripts/work/xcframework-build/iphonesimulator/build/build-arm64-iphonesimulator/CMakeFiles/CMakeTmp/build/cmTC_e3231.build/Release-iphonesimulator/Objects-normal/arm64/src.d --serialize-diagnostics /Users/j.freyer/Desktop/opencv-ios-custom/scripts/work/xcframework-build/iphonesimulator/build/build-arm64-iphonesimulator/CMakeFiles/CMakeTmp/build/cmTC_e3231.build/Release-iphonesimulator/Objects-normal/arm64/src.dia -c /Users/j.freyer/Desktop/opencv-ios-custom/scripts/work/xcframework-build/iphonesimulator/build/build-arm64-iphonesimulator/CMakeFiles/CMakeTmp/src.cxx -o /Users/j.freyer/Desktop/opencv-ios-custom/scripts/work/xcframework-build/iphonesimulator/build/build-arm64-iphonesimulator/CMakeFiles/CMakeTmp/build/cmTC_e3231.build/Release-iphonesimulator/Objects-normal/arm64/src.o
warning: unknown warning option '-Wno-stringop-overread' [-Wunknown-warning-option]
/Users/j.freyer/Desktop/opencv-ios-custom/scripts/work/xcframework-build/iphonesimulator/build/build-arm64-iphonesimulator/CMakeFiles/CMakeTmp/src.cxx:1:8: warning: unknown pragma ignored [-Wunknown-pragmas]
    1 | #pragma
      |        ^
2 warnings generated.

Ld /Users/j.freyer/Desktop/opencv-ios-custom/scripts/work/xcframework-build/iphonesimulator/build/build-arm64-iphonesimulator/CMakeFiles/CMakeTmp/Release/cmTC_e3231.app/cmTC_e3231 normal (in target 'cmTC_e3231' from project 'CMAKE_TRY_COMPILE')
    cd /Users/j.freyer/Desktop/opencv-ios-custom/scripts/work/xcframework-build/iphonesimulator/build/build-arm64-iphonesimulator/CMakeFiles/CMakeTmp
    /Applications/Xcode.app/Contents/Developer/Toolchains/XcodeDefault.xctoolchain/usr/bin/clang++ -Xlinker -reproducible -target arm64-apple-ios26.2-simulator -isysroot /Applications/Xcode.app/Contents/Developer/Platforms/iPhoneSimulator.platform/Developer/SDKs/iPhoneSimulator26.2.sdk -O3 -L/Users/j.freyer/Desktop/opencv-ios-custom/scripts/work/xcframework-build/iphonesimulator/build/build-arm64-iphonesimulator/CMakeFiles/CMakeTmp/build/EagerLinkingTBDs/Release-iphonesimulator -L/Users/j.freyer/Desktop/opencv-ios-custom/scripts/work/xcframework-build/iphonesimulator/build/build-arm64-iphonesimulator/CMakeFiles/CMakeTmp/Release -F/Users/j.freyer/Desktop/opencv-ios-custom/scripts/work/xcframework-build/iphonesimulator/build/build-arm64-iphonesimulator/CMakeFiles/CMakeTmp/build/EagerLinkingTBDs/Release-iphonesimulator -F/Users/j.freyer/Desktop/opencv-ios-custom/scripts/work/xcframework-build/iphonesimulator/build/build-arm64-iphonesimulator/CMakeFiles/CMakeTmp/Release -filelist /Users/j.freyer/Desktop/opencv-ios-custom/scripts/work/xcframework-build/iphonesimulator/build/build-arm64-iphonesimulator/CMakeFiles/CMakeTmp/build/cmTC_e3231.build/Release-iphonesimulator/Objects-normal/arm64/cmTC_e3231.LinkFileList -dead_strip -Xlinker -objc_abi_version -Xlinker 2 -Xlinker -dependency_info -Xlinker /Users/j.freyer/Desktop/opencv-ios-custom/scripts/work/xcframework-build/iphonesimulator/build/build-arm64-iphonesimulator/CMakeFiles/CMakeTmp/build/cmTC_e3231.build/Release-iphonesimulator/Objects-normal/arm64/cmTC_e3231_dependency_info.dat -Wl,-search_paths_first -Wl,-headerpad_max_install_names -o /Users/j.freyer/Desktop/opencv-ios-custom/scripts/work/xcframework-build/iphonesimulator/build/build-arm64-iphonesimulator/CMakeFiles/CMakeTmp/Release/cmTC_e3231.app/cmTC_e3231

RegisterExecutionPolicyException /Users/j.freyer/Desktop/opencv-ios-custom/scripts/work/xcframework-build/iphonesimulator/build/build-arm64-iphonesimulator/CMakeFiles/CMakeTmp/Release/cmTC_e3231.app (in target 'cmTC_e3231' from project 'CMAKE_TRY_COMPILE')
    cd /Users/j.freyer/Desktop/opencv-ios-custom/scripts/work/xcframework-build/iphonesimulator/build/build-arm64-iphonesimulator/CMakeFiles/CMakeTmp
    builtin-RegisterExecutionPolicyException /Users/j.freyer/Desktop/opencv-ios-custom/scripts/work/xcframework-build/iphonesimulator/build/build-arm64-iphonesimulator/CMakeFiles/CMakeTmp/Release/cmTC_e3231.app

Validate /Users/j.freyer/Desktop/opencv-ios-custom/scripts/work/xcframework-build/iphonesimulator/build/build-arm64-iphonesimulator/CMakeFiles/CMakeTmp/Release/cmTC_e3231.app (in target 'cmTC_e3231' from project 'CMAKE_TRY_COMPILE')
    cd /Users/j.freyer/Desktop/opencv-ios-custom/scripts/work/xcframework-build/iphonesimulator/build/build-arm64-iphonesimulator/CMakeFiles/CMakeTmp
    builtin-validationUtility /Users/j.freyer/Desktop/opencv-ios-custom/scripts/work/xcframework-build/iphonesimulator/build/build-arm64-iphonesimulator/CMakeFiles/CMakeTmp/Release/cmTC_e3231.app -shallow-bundle -infoplist-subpath Info.plist

Touch /Users/j.freyer/Desktop/opencv-ios-custom/scripts/work/xcframework-build/iphonesimulator/build/build-arm64-iphonesimulator/CMakeFiles/CMakeTmp/Release/cmTC_e3231.app (in target 'cmTC_e3231' from project 'CMAKE_TRY_COMPILE')
    cd /Users/j.freyer/Desktop/opencv-ios-custom/scripts/work/xcframework-build/iphonesimulator/build/build-arm64-iphonesimulator/CMakeFiles/CMakeTmp
    /usr/bin/touch -c /Users/j.freyer/Desktop/opencv-ios-custom/scripts/work/xcframework-build/iphonesimulator/build/build-arm64-iphonesimulator/CMakeFiles/CMakeTmp/Release/cmTC_e3231.app

** BUILD SUCCEEDED **



===== END =====

