-- Installing: /Users/j.freyer/Desktop/opencv-ios-custom/scripts/work/install-iphonesimulator-arm64/share/licenses/opencv4/flatbuffers-LICENSE.txt
-- Installing: /Users/j.freyer/Desktop/opencv-ios-custom/scripts/work/install-iphonesimulator-arm64/share/licenses/opencv4/ade-LICENSE
-- Installing: /Users/j.freyer/Desktop/opencv-ios-custom/scripts/work/install-iphonesimulator-arm64/include/opencv4/opencv2/cvconfig.h
-- Installing: /Users/j.freyer/Desktop/opencv-ios-custom/scripts/work/install-iphonesimulator-arm64/include/opencv4/opencv2/opencv_modules.hpp
-- Installing: /Users/j.freyer/Desktop/opencv-ios-custom/scripts/work/install-iphonesimulator-arm64/lib/cmake/opencv4/OpenCVModules.cmake
-- Installing: /Users/j.freyer/Desktop/opencv-ios-custom/scripts/work/install-iphonesimulator-arm64/lib/cmake/opencv4/OpenCVModules-release.cmake
-- Installing: /Users/j.freyer/Desktop/opencv-ios-custom/scripts/work/install-iphonesimulator-arm64/lib/cmake/opencv4/OpenCVConfig-version.cmake
-- Installing: /Users/j.freyer/Desktop/opencv-ios-custom/scripts/work/install-iphonesimulator-arm64/lib/cmake/opencv4/OpenCVConfig.cmake
-- Installing: /Users/j.freyer/Desktop/opencv-ios-custom/scripts/work/install-iphonesimulator-arm64/share/opencv4/valgrind.supp
-- Installing: /Users/j.freyer/Desktop/opencv-ios-custom/scripts/work/install-iphonesimulator-arm64/share/opencv4/valgrind_3rdparty.supp
-- Installing: /Users/j.freyer/Desktop/opencv-ios-custom/scripts/work/install-iphonesimulator-arm64/lib/opencv4/3rdparty/libzlib.a
-- Installing: /Users/j.freyer/Desktop/opencv-ios-custom/scripts/work/install-iphonesimulator-arm64/share/licenses/opencv4/zlib-LICENSE
-- Installing: /Users/j.freyer/Desktop/opencv-ios-custom/scripts/work/install-iphonesimulator-arm64/lib/opencv4/3rdparty/liblibjpeg-turbo.a
-- Installing: /Users/j.freyer/Desktop/opencv-ios-custom/scripts/work/install-iphonesimulator-arm64/share/licenses/opencv4/libjpeg-turbo-README.md
-- Installing: /Users/j.freyer/Desktop/opencv-ios-custom/scripts/work/install-iphonesimulator-arm64/share/licenses/opencv4/libjpeg-turbo-LICENSE.md
-- Installing: /Users/j.freyer/Desktop/opencv-ios-custom/scripts/work/install-iphonesimulator-arm64/share/licenses/opencv4/libjpeg-turbo-README.ijg
-- Installing: /Users/j.freyer/Desktop/opencv-ios-custom/scripts/work/install-iphonesimulator-arm64/lib/opencv4/3rdparty/liblibwebp.a
-- Installing: /Users/j.freyer/Desktop/opencv-ios-custom/scripts/work/install-iphonesimulator-arm64/lib/opencv4/3rdparty/liblibpng.a
-- Installing: /Users/j.freyer/Desktop/opencv-ios-custom/scripts/work/install-iphonesimulator-arm64/share/licenses/opencv4/libpng-LICENSE
-- Installing: /Users/j.freyer/Desktop/opencv-ios-custom/scripts/work/install-iphonesimulator-arm64/share/licenses/opencv4/libpng-README
-- Installing: /Users/j.freyer/Desktop/opencv-ios-custom/scripts/work/install-iphonesimulator-arm64/share/licenses/opencv4/protobuf-LICENSE
-- Installing: /Users/j.freyer/Desktop/opencv-ios-custom/scripts/work/install-iphonesimulator-arm64/share/licenses/opencv4/protobuf-README.md
-- Installing: /Users/j.freyer/Desktop/opencv-ios-custom/scripts/work/install-iphonesimulator-arm64/include/opencv4/opencv2/opencv.hpp
-- Installing: /Users/j.freyer/Desktop/opencv-ios-custom/scripts/work/install-iphonesimulator-arm64/lib/libopencv_core.a
-- Installing: /Users/j.freyer/Desktop/opencv-ios-custom/scripts/work/install-iphonesimulator-arm64/include/opencv4/opencv2/core.hpp
-- Installing: /Users/j.freyer/Desktop/opencv-ios-custom/scripts/work/install-iphonesimulator-arm64/include/opencv4/opencv2/core/affine.hpp
-- Installing: /Users/j.freyer/Desktop/opencv-ios-custom/scripts/work/install-iphonesimulator-arm64/include/opencv4/opencv2/core/async.hpp
-- Installing: /Users/j.freyer/Desktop/opencv-ios-custom/scripts/work/install-iphonesimulator-arm64/include/opencv4/opencv2/core/base.hpp
-- Installing: /Users/j.freyer/Desktop/opencv-ios-custom/scripts/work/install-iphonesimulator-arm64/include/opencv4/opencv2/core/bindings_utils.hpp
-- Installing: /Users/j.freyer/Desktop/opencv-ios-custom/scripts/work/install-iphonesimulator-arm64/include/opencv4/opencv2/core/bufferpool.hpp
-- Installing: /Users/j.freyer/Desktop/opencv-ios-custom/scripts/work/install-iphonesimulator-arm64/include/opencv4/opencv2/core/check.hpp
-- Installing: /Users/j.freyer/Desktop/opencv-ios-custom/scripts/work/install-iphonesimulator-arm64/include/opencv4/opencv2/core/core.hpp
-- Installing: /Users/j.freyer/Desktop/opencv-ios-custom/scripts/work/install-iphonesimulator-arm64/include/opencv4/opencv2/core/core_c.h
-- Installing: /Users/j.freyer/Desktop/opencv-ios-custom/scripts/work/install-iphonesimulator-arm64/include/opencv4/opencv2/core/cuda.hpp
-- Installing: /Users/j.freyer/Desktop/opencv-ios-custom/scripts/work/install-iphonesimulator-arm64/include/opencv4/opencv2/core/cuda.inl.hpp
-- Installing: /Users/j.freyer/Desktop/opencv-ios-custom/scripts/work/install-iphonesimulator-arm64/include/opencv4/opencv2/core/cuda/block.hpp
-- Installing: /Users/j.freyer/Desktop/opencv-ios-custom/scripts/work/install-iphonesimulator-arm64/include/opencv4/opencv2/core/cuda/border_interpolate.hpp
-- Installing: /Users/j.freyer/Desktop/opencv-ios-custom/scripts/work/install-iphonesimulator-arm64/include/opencv4/opencv2/core/cuda/color.hpp
-- Installing: /Users/j.freyer/Desktop/opencv-ios-custom/scripts/work/install-iphonesimulator-arm64/include/opencv4/opencv2/core/cuda/common.hpp
-- Installing: /Users/j.freyer/Desktop/opencv-ios-custom/scripts/work/install-iphonesimulator-arm64/include/opencv4/opencv2/core/cuda/datamov_utils.hpp
-- Installing: /Users/j.freyer/Desktop/opencv-ios-custom/scripts/work/install-iphonesimulator-arm64/include/opencv4/opencv2/core/cuda/detail/color_detail.hpp
-- Installing: /Users/j.freyer/Desktop/opencv-ios-custom/scripts/work/install-iphonesimulator-arm64/include/opencv4/opencv2/core/cuda/detail/reduce.hpp
-- Installing: /Users/j.freyer/Desktop/opencv-ios-custom/scripts/work/install-iphonesimulator-arm64/include/opencv4/opencv2/core/cuda/detail/reduce_key_val.hpp
-- Installing: /Users/j.freyer/Desktop/opencv-ios-custom/scripts/work/install-iphonesimulator-arm64/include/opencv4/opencv2/core/cuda/detail/transform_detail.hpp
-- Installing: /Users/j.freyer/Desktop/opencv-ios-custom/scripts/work/install-iphonesimulator-arm64/include/opencv4/opencv2/core/cuda/detail/type_traits_detail.hpp
-- Installing: /Users/j.freyer/Desktop/opencv-ios-custom/scripts/work/install-iphonesimulator-arm64/include/opencv4/opencv2/core/cuda/detail/vec_distance_detail.hpp
-- Installing: /Users/j.freyer/Desktop/opencv-ios-custom/scripts/work/install-iphonesimulator-arm64/include/opencv4/opencv2/core/cuda/dynamic_smem.hpp
-- Installing: /Users/j.freyer/Desktop/opencv-ios-custom/scripts/work/install-iphonesimulator-arm64/include/opencv4/opencv2/core/cuda/emulation.hpp
-- Installing: /Users/j.freyer/Desktop/opencv-ios-custom/scripts/work/install-iphonesimulator-arm64/include/opencv4/opencv2/core/cuda/filters.hpp
-- Installing: /Users/j.freyer/Desktop/opencv-ios-custom/scripts/work/install-iphonesimulator-arm64/include/opencv4/opencv2/core/cuda/funcattrib.hpp
-- Installing: /Users/j.freyer/Desktop/opencv-ios-custom/scripts/work/install-iphonesimulator-arm64/include/opencv4/opencv2/core/cuda/functional.hpp
-- Installing: /Users/j.freyer/Desktop/opencv-ios-custom/scripts/work/install-iphonesimulator-arm64/include/opencv4/opencv2/core/cuda/limits.hpp
-- Installing: /Users/j.freyer/Desktop/opencv-ios-custom/scripts/work/install-iphonesimulator-arm64/include/opencv4/opencv2/core/cuda/reduce.hpp
-- Installing: /Users/j.freyer/Desktop/opencv-ios-custom/scripts/work/install-iphonesimulator-arm64/include/opencv4/opencv2/core/cuda/saturate_cast.hpp
-- Installing: /Users/j.freyer/Desktop/opencv-ios-custom/scripts/work/install-iphonesimulator-arm64/include/opencv4/opencv2/core/cuda/scan.hpp
-- Installing: /Users/j.freyer/Desktop/opencv-ios-custom/scripts/work/install-iphonesimulator-arm64/include/opencv4/opencv2/core/cuda/simd_functions.hpp
-- Installing: /Users/j.freyer/Desktop/opencv-ios-custom/scripts/work/install-iphonesimulator-arm64/include/opencv4/opencv2/core/cuda/transform.hpp
-- Installing: /Users/j.freyer/Desktop/opencv-ios-custom/scripts/work/install-iphonesimulator-arm64/include/opencv4/opencv2/core/cuda/type_traits.hpp
-- Installing: /Users/j.freyer/Desktop/opencv-ios-custom/scripts/work/install-iphonesimulator-arm64/include/opencv4/opencv2/core/cuda/utility.hpp
-- Installing: /Users/j.freyer/Desktop/opencv-ios-custom/scripts/work/install-iphonesimulator-arm64/include/opencv4/opencv2/core/cuda/vec_distance.hpp
-- Installing: /Users/j.freyer/Desktop/opencv-ios-custom/scripts/work/install-iphonesimulator-arm64/include/opencv4/opencv2/core/cuda/vec_math.hpp
-- Installing: /Users/j.freyer/Desktop/opencv-ios-custom/scripts/work/install-iphonesimulator-arm64/include/opencv4/opencv2/core/cuda/vec_traits.hpp
-- Installing: /Users/j.freyer/Desktop/opencv-ios-custom/scripts/work/install-iphonesimulator-arm64/include/opencv4/opencv2/core/cuda/warp.hpp
-- Installing: /Users/j.freyer/Desktop/opencv-ios-custom/scripts/work/install-iphonesimulator-arm64/include/opencv4/opencv2/core/cuda/warp_reduce.hpp
-- Installing: /Users/j.freyer/Desktop/opencv-ios-custom/scripts/work/install-iphonesimulator-arm64/include/opencv4/opencv2/core/cuda/warp_shuffle.hpp
-- Installing: /Users/j.freyer/Desktop/opencv-ios-custom/scripts/work/install-iphonesimulator-arm64/include/opencv4/opencv2/core/cuda_stream_accessor.hpp
-- Installing: /Users/j.freyer/Desktop/opencv-ios-custom/scripts/work/install-iphonesimulator-arm64/include/opencv4/opencv2/core/cuda_types.hpp
-- Installing: /Users/j.freyer/Desktop/opencv-ios-custom/scripts/work/install-iphonesimulator-arm64/include/opencv4/opencv2/core/cv_cpu_dispatch.h
-- Installing: /Users/j.freyer/Desktop/opencv-ios-custom/scripts/work/install-iphonesimulator-arm64/include/opencv4/opencv2/core/cv_cpu_helper.h
-- Installing: /Users/j.freyer/Desktop/opencv-ios-custom/scripts/work/install-iphonesimulator-arm64/include/opencv4/opencv2/core/cvdef.h
-- Installing: /Users/j.freyer/Desktop/opencv-ios-custom/scripts/work/install-iphonesimulator-arm64/include/opencv4/opencv2/core/cvstd.hpp
-- Installing: /Users/j.freyer/Desktop/opencv-ios-custom/scripts/work/install-iphonesimulator-arm64/include/opencv4/opencv2/core/cvstd.inl.hpp
-- Installing: /Users/j.freyer/Desktop/opencv-ios-custom/scripts/work/install-iphonesimulator-arm64/include/opencv4/opencv2/core/cvstd_wrapper.hpp
-- Installing: /Users/j.freyer/Desktop/opencv-ios-custom/scripts/work/install-iphonesimulator-arm64/include/opencv4/opencv2/core/detail/async_promise.hpp
-- Installing: /Users/j.freyer/Desktop/opencv-ios-custom/scripts/work/install-iphonesimulator-arm64/include/opencv4/opencv2/core/detail/dispatch_helper.impl.hpp
-- Installing: /Users/j.freyer/Desktop/opencv-ios-custom/scripts/work/install-iphonesimulator-arm64/include/opencv4/opencv2/core/detail/exception_ptr.hpp
-- Installing: /Users/j.freyer/Desktop/opencv-ios-custom/scripts/work/install-iphonesimulator-arm64/include/opencv4/opencv2/core/directx.hpp
-- Installing: /Users/j.freyer/Desktop/opencv-ios-custom/scripts/work/install-iphonesimulator-arm64/include/opencv4/opencv2/core/dualquaternion.hpp
-- Installing: /Users/j.freyer/Desktop/opencv-ios-custom/scripts/work/install-iphonesimulator-arm64/include/opencv4/opencv2/core/dualquaternion.inl.hpp
-- Installing: /Users/j.freyer/Desktop/opencv-ios-custom/scripts/work/install-iphonesimulator-arm64/include/opencv4/opencv2/core/eigen.hpp
-- Installing: /Users/j.freyer/Desktop/opencv-ios-custom/scripts/work/install-iphonesimulator-arm64/include/opencv4/opencv2/core/fast_math.hpp
-- Installing: /Users/j.freyer/Desktop/opencv-ios-custom/scripts/work/install-iphonesimulator-arm64/include/opencv4/opencv2/core/hal/hal.hpp
-- Installing: /Users/j.freyer/Desktop/opencv-ios-custom/scripts/work/install-iphonesimulator-arm64/include/opencv4/opencv2/core/hal/interface.h
-- Installing: /Users/j.freyer/Desktop/opencv-ios-custom/scripts/work/install-iphonesimulator-arm64/include/opencv4/opencv2/core/hal/intrin.hpp
-- Installing: /Users/j.freyer/Desktop/opencv-ios-custom/scripts/work/install-iphonesimulator-arm64/include/opencv4/opencv2/core/hal/intrin_avx.hpp
-- Installing: /Users/j.freyer/Desktop/opencv-ios-custom/scripts/work/install-iphonesimulator-arm64/include/opencv4/opencv2/core/hal/intrin_avx512.hpp
-- Installing: /Users/j.freyer/Desktop/opencv-ios-custom/scripts/work/install-iphonesimulator-arm64/include/opencv4/opencv2/core/hal/intrin_cpp.hpp
-- Installing: /Users/j.freyer/Desktop/opencv-ios-custom/scripts/work/install-iphonesimulator-arm64/include/opencv4/opencv2/core/hal/intrin_forward.hpp
-- Installing: /Users/j.freyer/Desktop/opencv-ios-custom/scripts/work/install-iphonesimulator-arm64/include/opencv4/opencv2/core/hal/intrin_lasx.hpp
-- Installing: /Users/j.freyer/Desktop/opencv-ios-custom/scripts/work/install-iphonesimulator-arm64/include/opencv4/opencv2/core/hal/intrin_lsx.hpp
-- Installing: /Users/j.freyer/Desktop/opencv-ios-custom/scripts/work/install-iphonesimulator-arm64/include/opencv4/opencv2/core/hal/intrin_msa.hpp
-- Installing: /Users/j.freyer/Desktop/opencv-ios-custom/scripts/work/install-iphonesimulator-arm64/include/opencv4/opencv2/core/hal/intrin_neon.hpp
-- Installing: /Users/j.freyer/Desktop/opencv-ios-custom/scripts/work/install-iphonesimulator-arm64/include/opencv4/opencv2/core/hal/intrin_rvv.hpp
-- Installing: /Users/j.freyer/Desktop/opencv-ios-custom/scripts/work/install-iphonesimulator-arm64/include/opencv4/opencv2/core/hal/intrin_rvv071.hpp
-- Installing: /Users/j.freyer/Desktop/opencv-ios-custom/scripts/work/install-iphonesimulator-arm64/include/opencv4/opencv2/core/hal/intrin_rvv_010_compat_non-policy.hpp
-- Installing: /Users/j.freyer/Desktop/opencv-ios-custom/scripts/work/install-iphonesimulator-arm64/include/opencv4/opencv2/core/hal/intrin_rvv_010_compat_overloaded-non-policy.hpp
-- Installing: /Users/j.freyer/Desktop/opencv-ios-custom/scripts/work/install-iphonesimulator-arm64/include/opencv4/opencv2/core/hal/intrin_rvv_011_compat.hpp
-- Installing: /Users/j.freyer/Desktop/opencv-ios-custom/scripts/work/install-iphonesimulator-arm64/include/opencv4/opencv2/core/hal/intrin_rvv_compat_overloaded.hpp
-- Installing: /Users/j.freyer/Desktop/opencv-ios-custom/scripts/work/install-iphonesimulator-arm64/include/opencv4/opencv2/core/hal/intrin_rvv_scalable.hpp
-- Installing: /Users/j.freyer/Desktop/opencv-ios-custom/scripts/work/install-iphonesimulator-arm64/include/opencv4/opencv2/core/hal/intrin_sse.hpp
-- Installing: /Users/j.freyer/Desktop/opencv-ios-custom/scripts/work/install-iphonesimulator-arm64/include/opencv4/opencv2/core/hal/intrin_sse_em.hpp
-- Installing: /Users/j.freyer/Desktop/opencv-ios-custom/scripts/work/install-iphonesimulator-arm64/include/opencv4/opencv2/core/hal/intrin_vsx.hpp
-- Installing: /Users/j.freyer/Desktop/opencv-ios-custom/scripts/work/install-iphonesimulator-arm64/include/opencv4/opencv2/core/hal/intrin_wasm.hpp
-- Installing: /Users/j.freyer/Desktop/opencv-ios-custom/scripts/work/install-iphonesimulator-arm64/include/opencv4/opencv2/core/hal/msa_macros.h
-- Installing: /Users/j.freyer/Desktop/opencv-ios-custom/scripts/work/install-iphonesimulator-arm64/include/opencv4/opencv2/core/hal/simd_utils.impl.hpp
-- Installing: /Users/j.freyer/Desktop/opencv-ios-custom/scripts/work/install-iphonesimulator-arm64/include/opencv4/opencv2/core/mat.hpp
-- Installing: /Users/j.freyer/Desktop/opencv-ios-custom/scripts/work/install-iphonesimulator-arm64/include/opencv4/opencv2/core/mat.inl.hpp
-- Installing: /Users/j.freyer/Desktop/opencv-ios-custom/scripts/work/install-iphonesimulator-arm64/include/opencv4/opencv2/core/matx.hpp
-- Installing: /Users/j.freyer/Desktop/opencv-ios-custom/scripts/work/install-iphonesimulator-arm64/include/opencv4/opencv2/core/matx.inl.hpp
-- Installing: /Users/j.freyer/Desktop/opencv-ios-custom/scripts/work/install-iphonesimulator-arm64/include/opencv4/opencv2/core/neon_utils.hpp
-- Installing: /Users/j.freyer/Desktop/opencv-ios-custom/scripts/work/install-iphonesimulator-arm64/include/opencv4/opencv2/core/ocl.hpp
-- Installing: /Users/j.freyer/Desktop/opencv-ios-custom/scripts/work/install-iphonesimulator-arm64/include/opencv4/opencv2/core/ocl_genbase.hpp
-- Installing: /Users/j.freyer/Desktop/opencv-ios-custom/scripts/work/install-iphonesimulator-arm64/include/opencv4/opencv2/core/opencl/ocl_defs.hpp
-- Installing: /Users/j.freyer/Desktop/opencv-ios-custom/scripts/work/install-iphonesimulator-arm64/include/opencv4/opencv2/core/opencl/opencl_info.hpp
-- Installing: /Users/j.freyer/Desktop/opencv-ios-custom/scripts/work/install-iphonesimulator-arm64/include/opencv4/opencv2/core/opencl/opencl_svm.hpp
-- Installing: /Users/j.freyer/Desktop/opencv-ios-custom/scripts/work/install-iphonesimulator-arm64/include/opencv4/opencv2/core/opencl/runtime/autogenerated/opencl_clblas.hpp
-- Installing: /Users/j.freyer/Desktop/opencv-ios-custom/scripts/work/install-iphonesimulator-arm64/include/opencv4/opencv2/core/opencl/runtime/autogenerated/opencl_clfft.hpp
-- Installing: /Users/j.freyer/Desktop/opencv-ios-custom/scripts/work/install-iphonesimulator-arm64/include/opencv4/opencv2/core/opencl/runtime/autogenerated/opencl_core.hpp
-- Installing: /Users/j.freyer/Desktop/opencv-ios-custom/scripts/work/install-iphonesimulator-arm64/include/opencv4/opencv2/core/opencl/runtime/autogenerated/opencl_core_wrappers.hpp
-- Installing: /Users/j.freyer/Desktop/opencv-ios-custom/scripts/work/install-iphonesimulator-arm64/include/opencv4/opencv2/core/opencl/runtime/autogenerated/opencl_gl.hpp
-- Installing: /Users/j.freyer/Desktop/opencv-ios-custom/scripts/work/install-iphonesimulator-arm64/include/opencv4/opencv2/core/opencl/runtime/autogenerated/opencl_gl_wrappers.hpp
-- Installing: /Users/j.freyer/Desktop/opencv-ios-custom/scripts/work/install-iphonesimulator-arm64/include/opencv4/opencv2/core/opencl/runtime/opencl_clblas.hpp
-- Installing: /Users/j.freyer/Desktop/opencv-ios-custom/scripts/work/install-iphonesimulator-arm64/include/opencv4/opencv2/core/opencl/runtime/opencl_clfft.hpp
-- Installing: /Users/j.freyer/Desktop/opencv-ios-custom/scripts/work/install-iphonesimulator-arm64/include/opencv4/opencv2/core/opencl/runtime/opencl_core.hpp
-- Installing: /Users/j.freyer/Desktop/opencv-ios-custom/scripts/work/install-iphonesimulator-arm64/include/opencv4/opencv2/core/opencl/runtime/opencl_core_wrappers.hpp
-- Installing: /Users/j.freyer/Desktop/opencv-ios-custom/scripts/work/install-iphonesimulator-arm64/include/opencv4/opencv2/core/opencl/runtime/opencl_gl.hpp
-- Installing: /Users/j.freyer/Desktop/opencv-ios-custom/scripts/work/install-iphonesimulator-arm64/include/opencv4/opencv2/core/opencl/runtime/opencl_gl_wrappers.hpp
-- Installing: /Users/j.freyer/Desktop/opencv-ios-custom/scripts/work/install-iphonesimulator-arm64/include/opencv4/opencv2/core/opencl/runtime/opencl_svm_20.hpp
-- Installing: /Users/j.freyer/Desktop/opencv-ios-custom/scripts/work/install-iphonesimulator-arm64/include/opencv4/opencv2/core/opencl/runtime/opencl_svm_definitions.hpp
-- Installing: /Users/j.freyer/Desktop/opencv-ios-custom/scripts/work/install-iphonesimulator-arm64/include/opencv4/opencv2/core/opencl/runtime/opencl_svm_hsa_extension.hpp
-- Installing: /Users/j.freyer/Desktop/opencv-ios-custom/scripts/work/install-iphonesimulator-arm64/include/opencv4/opencv2/core/opengl.hpp
-- Installing: /Users/j.freyer/Desktop/opencv-ios-custom/scripts/work/install-iphonesimulator-arm64/include/opencv4/opencv2/core/operations.hpp
-- Installing: /Users/j.freyer/Desktop/opencv-ios-custom/scripts/work/install-iphonesimulator-arm64/include/opencv4/opencv2/core/optim.hpp
-- Installing: /Users/j.freyer/Desktop/opencv-ios-custom/scripts/work/install-iphonesimulator-arm64/include/opencv4/opencv2/core/ovx.hpp
-- Installing: /Users/j.freyer/Desktop/opencv-ios-custom/scripts/work/install-iphonesimulator-arm64/include/opencv4/opencv2/core/parallel/backend/parallel_for.openmp.hpp
-- Installing: /Users/j.freyer/Desktop/opencv-ios-custom/scripts/work/install-iphonesimulator-arm64/include/opencv4/opencv2/core/parallel/backend/parallel_for.tbb.hpp
-- Installing: /Users/j.freyer/Desktop/opencv-ios-custom/scripts/work/install-iphonesimulator-arm64/include/opencv4/opencv2/core/parallel/parallel_backend.hpp
-- Installing: /Users/j.freyer/Desktop/opencv-ios-custom/scripts/work/install-iphonesimulator-arm64/include/opencv4/opencv2/core/persistence.hpp
-- Installing: /Users/j.freyer/Desktop/opencv-ios-custom/scripts/work/install-iphonesimulator-arm64/include/opencv4/opencv2/core/quaternion.hpp
-- Installing: /Users/j.freyer/Desktop/opencv-ios-custom/scripts/work/install-iphonesimulator-arm64/include/opencv4/opencv2/core/quaternion.inl.hpp
-- Installing: /Users/j.freyer/Desktop/opencv-ios-custom/scripts/work/install-iphonesimulator-arm64/include/opencv4/opencv2/core/saturate.hpp
-- Installing: /Users/j.freyer/Desktop/opencv-ios-custom/scripts/work/install-iphonesimulator-arm64/include/opencv4/opencv2/core/simd_intrinsics.hpp
-- Installing: /Users/j.freyer/Desktop/opencv-ios-custom/scripts/work/install-iphonesimulator-arm64/include/opencv4/opencv2/core/softfloat.hpp
-- Installing: /Users/j.freyer/Desktop/opencv-ios-custom/scripts/work/install-iphonesimulator-arm64/include/opencv4/opencv2/core/sse_utils.hpp
-- Installing: /Users/j.freyer/Desktop/opencv-ios-custom/scripts/work/install-iphonesimulator-arm64/include/opencv4/opencv2/core/traits.hpp
-- Installing: /Users/j.freyer/Desktop/opencv-ios-custom/scripts/work/install-iphonesimulator-arm64/include/opencv4/opencv2/core/types.hpp
-- Installing: /Users/j.freyer/Desktop/opencv-ios-custom/scripts/work/install-iphonesimulator-arm64/include/opencv4/opencv2/core/types_c.h
-- Installing: /Users/j.freyer/Desktop/opencv-ios-custom/scripts/work/install-iphonesimulator-arm64/include/opencv4/opencv2/core/utility.hpp
-- Installing: /Users/j.freyer/Desktop/opencv-ios-custom/scripts/work/install-iphonesimulator-arm64/include/opencv4/opencv2/core/utils/allocator_stats.hpp
-- Installing: /Users/j.freyer/Desktop/opencv-ios-custom/scripts/work/install-iphonesimulator-arm64/include/opencv4/opencv2/core/utils/allocator_stats.impl.hpp
-- Installing: /Users/j.freyer/Desktop/opencv-ios-custom/scripts/work/install-iphonesimulator-arm64/include/opencv4/opencv2/core/utils/filesystem.hpp
-- Installing: /Users/j.freyer/Desktop/opencv-ios-custom/scripts/work/install-iphonesimulator-arm64/include/opencv4/opencv2/core/utils/fp_control_utils.hpp
-- Installing: /Users/j.freyer/Desktop/opencv-ios-custom/scripts/work/install-iphonesimulator-arm64/include/opencv4/opencv2/core/utils/instrumentation.hpp
-- Installing: /Users/j.freyer/Desktop/opencv-ios-custom/scripts/work/install-iphonesimulator-arm64/include/opencv4/opencv2/core/utils/logger.defines.hpp
-- Installing: /Users/j.freyer/Desktop/opencv-ios-custom/scripts/work/install-iphonesimulator-arm64/include/opencv4/opencv2/core/utils/logger.hpp
-- Installing: /Users/j.freyer/Desktop/opencv-ios-custom/scripts/work/install-iphonesimulator-arm64/include/opencv4/opencv2/core/utils/logtag.hpp
-- Installing: /Users/j.freyer/Desktop/opencv-ios-custom/scripts/work/install-iphonesimulator-arm64/include/opencv4/opencv2/core/utils/tls.hpp
-- Installing: /Users/j.freyer/Desktop/opencv-ios-custom/scripts/work/install-iphonesimulator-arm64/include/opencv4/opencv2/core/utils/trace.hpp
-- Installing: /Users/j.freyer/Desktop/opencv-ios-custom/scripts/work/install-iphonesimulator-arm64/include/opencv4/opencv2/core/va_intel.hpp
-- Installing: /Users/j.freyer/Desktop/opencv-ios-custom/scripts/work/install-iphonesimulator-arm64/include/opencv4/opencv2/core/version.hpp
-- Installing: /Users/j.freyer/Desktop/opencv-ios-custom/scripts/work/install-iphonesimulator-arm64/include/opencv4/opencv2/core/vsx_utils.hpp
-- Installing: /Users/j.freyer/Desktop/opencv-ios-custom/scripts/work/install-iphonesimulator-arm64/share/licenses/opencv4/SoftFloat-COPYING.txt
-- Installing: /Users/j.freyer/Desktop/opencv-ios-custom/scripts/work/install-iphonesimulator-arm64/lib/libopencv_flann.a
-- Installing: /Users/j.freyer/Desktop/opencv-ios-custom/scripts/work/install-iphonesimulator-arm64/include/opencv4/opencv2/flann.hpp
-- Installing: /Users/j.freyer/Desktop/opencv-ios-custom/scripts/work/install-iphonesimulator-arm64/include/opencv4/opencv2/flann/all_indices.h
-- Installing: /Users/j.freyer/Desktop/opencv-ios-custom/scripts/work/install-iphonesimulator-arm64/include/opencv4/opencv2/flann/allocator.h
-- Installing: /Users/j.freyer/Desktop/opencv-ios-custom/scripts/work/install-iphonesimulator-arm64/include/opencv4/opencv2/flann/any.h
-- Installing: /Users/j.freyer/Desktop/opencv-ios-custom/scripts/work/install-iphonesimulator-arm64/include/opencv4/opencv2/flann/autotuned_index.h
-- Installing: /Users/j.freyer/Desktop/opencv-ios-custom/scripts/work/install-iphonesimulator-arm64/include/opencv4/opencv2/flann/composite_index.h
-- Installing: /Users/j.freyer/Desktop/opencv-ios-custom/scripts/work/install-iphonesimulator-arm64/include/opencv4/opencv2/flann/config.h
-- Installing: /Users/j.freyer/Desktop/opencv-ios-custom/scripts/work/install-iphonesimulator-arm64/include/opencv4/opencv2/flann/defines.h
-- Installing: /Users/j.freyer/Desktop/opencv-ios-custom/scripts/work/install-iphonesimulator-arm64/include/opencv4/opencv2/flann/dist.h
-- Installing: /Users/j.freyer/Desktop/opencv-ios-custom/scripts/work/install-iphonesimulator-arm64/include/opencv4/opencv2/flann/dummy.h
-- Installing: /Users/j.freyer/Desktop/opencv-ios-custom/scripts/work/install-iphonesimulator-arm64/include/opencv4/opencv2/flann/dynamic_bitset.h
-- Installing: /Users/j.freyer/Desktop/opencv-ios-custom/scripts/work/install-iphonesimulator-arm64/include/opencv4/opencv2/flann/flann.hpp
-- Installing: /Users/j.freyer/Desktop/opencv-ios-custom/scripts/work/install-iphonesimulator-arm64/include/opencv4/opencv2/flann/flann_base.hpp
-- Installing: /Users/j.freyer/Desktop/opencv-ios-custom/scripts/work/install-iphonesimulator-arm64/include/opencv4/opencv2/flann/general.h
-- Installing: /Users/j.freyer/Desktop/opencv-ios-custom/scripts/work/install-iphonesimulator-arm64/include/opencv4/opencv2/flann/ground_truth.h
-- Installing: /Users/j.freyer/Desktop/opencv-ios-custom/scripts/work/install-iphonesimulator-arm64/include/opencv4/opencv2/flann/hdf5.h
-- Installing: /Users/j.freyer/Desktop/opencv-ios-custom/scripts/work/install-iphonesimulator-arm64/include/opencv4/opencv2/flann/heap.h
-- Installing: /Users/j.freyer/Desktop/opencv-ios-custom/scripts/work/install-iphonesimulator-arm64/include/opencv4/opencv2/flann/hierarchical_clustering_index.h
-- Installing: /Users/j.freyer/Desktop/opencv-ios-custom/scripts/work/install-iphonesimulator-arm64/include/opencv4/opencv2/flann/index_testing.h
-- Installing: /Users/j.freyer/Desktop/opencv-ios-custom/scripts/work/install-iphonesimulator-arm64/include/opencv4/opencv2/flann/kdtree_index.h
-- Installing: /Users/j.freyer/Desktop/opencv-ios-custom/scripts/work/install-iphonesimulator-arm64/include/opencv4/opencv2/flann/kdtree_single_index.h
-- Installing: /Users/j.freyer/Desktop/opencv-ios-custom/scripts/work/install-iphonesimulator-arm64/include/opencv4/opencv2/flann/kmeans_index.h
-- Installing: /Users/j.freyer/Desktop/opencv-ios-custom/scripts/work/install-iphonesimulator-arm64/include/opencv4/opencv2/flann/linear_index.h
-- Installing: /Users/j.freyer/Desktop/opencv-ios-custom/scripts/work/install-iphonesimulator-arm64/include/opencv4/opencv2/flann/logger.h
-- Installing: /Users/j.freyer/Desktop/opencv-ios-custom/scripts/work/install-iphonesimulator-arm64/include/opencv4/opencv2/flann/lsh_index.h
-- Installing: /Users/j.freyer/Desktop/opencv-ios-custom/scripts/work/install-iphonesimulator-arm64/include/opencv4/opencv2/flann/lsh_table.h
-- Installing: /Users/j.freyer/Desktop/opencv-ios-custom/scripts/work/install-iphonesimulator-arm64/include/opencv4/opencv2/flann/matrix.h
-- Installing: /Users/j.freyer/Desktop/opencv-ios-custom/scripts/work/install-iphonesimulator-arm64/include/opencv4/opencv2/flann/miniflann.hpp
-- Installing: /Users/j.freyer/Desktop/opencv-ios-custom/scripts/work/install-iphonesimulator-arm64/include/opencv4/opencv2/flann/nn_index.h
-- Installing: /Users/j.freyer/Desktop/opencv-ios-custom/scripts/work/install-iphonesimulator-arm64/include/opencv4/opencv2/flann/object_factory.h
-- Installing: /Users/j.freyer/Desktop/opencv-ios-custom/scripts/work/install-iphonesimulator-arm64/include/opencv4/opencv2/flann/params.h
-- Installing: /Users/j.freyer/Desktop/opencv-ios-custom/scripts/work/install-iphonesimulator-arm64/include/opencv4/opencv2/flann/random.h
-- Installing: /Users/j.freyer/Desktop/opencv-ios-custom/scripts/work/install-iphonesimulator-arm64/include/opencv4/opencv2/flann/result_set.h
-- Installing: /Users/j.freyer/Desktop/opencv-ios-custom/scripts/work/install-iphonesimulator-arm64/include/opencv4/opencv2/flann/sampling.h
-- Installing: /Users/j.freyer/Desktop/opencv-ios-custom/scripts/work/install-iphonesimulator-arm64/include/opencv4/opencv2/flann/saving.h
-- Installing: /Users/j.freyer/Desktop/opencv-ios-custom/scripts/work/install-iphonesimulator-arm64/include/opencv4/opencv2/flann/simplex_downhill.h
-- Installing: /Users/j.freyer/Desktop/opencv-ios-custom/scripts/work/install-iphonesimulator-arm64/include/opencv4/opencv2/flann/timer.h
-- Installing: /Users/j.freyer/Desktop/opencv-ios-custom/scripts/work/install-iphonesimulator-arm64/lib/libopencv_imgproc.a
-- Installing: /Users/j.freyer/Desktop/opencv-ios-custom/scripts/work/install-iphonesimulator-arm64/include/opencv4/opencv2/imgproc.hpp
-- Installing: /Users/j.freyer/Desktop/opencv-ios-custom/scripts/work/install-iphonesimulator-arm64/include/opencv4/opencv2/imgproc/bindings.hpp
-- Installing: /Users/j.freyer/Desktop/opencv-ios-custom/scripts/work/install-iphonesimulator-arm64/include/opencv4/opencv2/imgproc/detail/gcgraph.hpp
-- Installing: /Users/j.freyer/Desktop/opencv-ios-custom/scripts/work/install-iphonesimulator-arm64/include/opencv4/opencv2/imgproc/detail/legacy.hpp
-- Installing: /Users/j.freyer/Desktop/opencv-ios-custom/scripts/work/install-iphonesimulator-arm64/include/opencv4/opencv2/imgproc/hal/hal.hpp
-- Installing: /Users/j.freyer/Desktop/opencv-ios-custom/scripts/work/install-iphonesimulator-arm64/include/opencv4/opencv2/imgproc/hal/interface.h
-- Installing: /Users/j.freyer/Desktop/opencv-ios-custom/scripts/work/install-iphonesimulator-arm64/include/opencv4/opencv2/imgproc/imgproc.hpp
-- Installing: /Users/j.freyer/Desktop/opencv-ios-custom/scripts/work/install-iphonesimulator-arm64/include/opencv4/opencv2/imgproc/imgproc_c.h
-- Installing: /Users/j.freyer/Desktop/opencv-ios-custom/scripts/work/install-iphonesimulator-arm64/include/opencv4/opencv2/imgproc/segmentation.hpp
-- Installing: /Users/j.freyer/Desktop/opencv-ios-custom/scripts/work/install-iphonesimulator-arm64/include/opencv4/opencv2/imgproc/types_c.h
-- Installing: /Users/j.freyer/Desktop/opencv-ios-custom/scripts/work/install-iphonesimulator-arm64/lib/libopencv_photo.a
-- Installing: /Users/j.freyer/Desktop/opencv-ios-custom/scripts/work/install-iphonesimulator-arm64/include/opencv4/opencv2/photo.hpp
-- Installing: /Users/j.freyer/Desktop/opencv-ios-custom/scripts/work/install-iphonesimulator-arm64/include/opencv4/opencv2/photo/cuda.hpp
-- Installing: /Users/j.freyer/Desktop/opencv-ios-custom/scripts/work/install-iphonesimulator-arm64/include/opencv4/opencv2/photo/legacy/constants_c.h
-- Installing: /Users/j.freyer/Desktop/opencv-ios-custom/scripts/work/install-iphonesimulator-arm64/include/opencv4/opencv2/photo/photo.hpp
-- Installing: /Users/j.freyer/Desktop/opencv-ios-custom/scripts/work/install-iphonesimulator-arm64/lib/libopencv_features2d.a
-- Installing: /Users/j.freyer/Desktop/opencv-ios-custom/scripts/work/install-iphonesimulator-arm64/include/opencv4/opencv2/features2d.hpp
-- Installing: /Users/j.freyer/Desktop/opencv-ios-custom/scripts/work/install-iphonesimulator-arm64/include/opencv4/opencv2/features2d/features2d.hpp
-- Installing: /Users/j.freyer/Desktop/opencv-ios-custom/scripts/work/install-iphonesimulator-arm64/include/opencv4/opencv2/features2d/hal/interface.h
-- Installing: /Users/j.freyer/Desktop/opencv-ios-custom/scripts/work/install-iphonesimulator-arm64/share/licenses/opencv4/mscr-chi_table_LICENSE.txt
-- Installing: /Users/j.freyer/Desktop/opencv-ios-custom/scripts/work/install-iphonesimulator-arm64/lib/libopencv_imgcodecs.a
-- Installing: /Users/j.freyer/Desktop/opencv-ios-custom/scripts/work/install-iphonesimulator-arm64/include/opencv4/opencv2/imgcodecs.hpp
-- Installing: /Users/j.freyer/Desktop/opencv-ios-custom/scripts/work/install-iphonesimulator-arm64/include/opencv4/opencv2/imgcodecs/imgcodecs.hpp
-- Installing: /Users/j.freyer/Desktop/opencv-ios-custom/scripts/work/install-iphonesimulator-arm64/include/opencv4/opencv2/imgcodecs/imgcodecs_c.h
-- Installing: /Users/j.freyer/Desktop/opencv-ios-custom/scripts/work/install-iphonesimulator-arm64/include/opencv4/opencv2/imgcodecs/ios.h
-- Installing: /Users/j.freyer/Desktop/opencv-ios-custom/scripts/work/install-iphonesimulator-arm64/include/opencv4/opencv2/imgcodecs/legacy/constants_c.h
-- Installing: /Users/j.freyer/Desktop/opencv-ios-custom/scripts/work/install-iphonesimulator-arm64/include/opencv4/opencv2/imgcodecs/macosx.h
-- Installing: /Users/j.freyer/Desktop/opencv-ios-custom/scripts/work/install-iphonesimulator-arm64/lib/libopencv_calib3d.a
-- Installing: /Users/j.freyer/Desktop/opencv-ios-custom/scripts/work/install-iphonesimulator-arm64/include/opencv4/opencv2/calib3d.hpp
-- Installing: /Users/j.freyer/Desktop/opencv-ios-custom/scripts/work/install-iphonesimulator-arm64/include/opencv4/opencv2/calib3d/calib3d.hpp
-- Installing: /Users/j.freyer/Desktop/opencv-ios-custom/scripts/work/install-iphonesimulator-arm64/include/opencv4/opencv2/calib3d/calib3d_c.h
-- Installing: /Users/j.freyer/Desktop/opencv-ios-custom/scripts/work/install-iphonesimulator-arm64/lib/libopencv_stitching.a
-- Installing: /Users/j.freyer/Desktop/opencv-ios-custom/scripts/work/install-iphonesimulator-arm64/include/opencv4/opencv2/stitching.hpp
-- Installing: /Users/j.freyer/Desktop/opencv-ios-custom/scripts/work/install-iphonesimulator-arm64/include/opencv4/opencv2/stitching/detail/autocalib.hpp
-- Installing: /Users/j.freyer/Desktop/opencv-ios-custom/scripts/work/install-iphonesimulator-arm64/include/opencv4/opencv2/stitching/detail/blenders.hpp
-- Installing: /Users/j.freyer/Desktop/opencv-ios-custom/scripts/work/install-iphonesimulator-arm64/include/opencv4/opencv2/stitching/detail/camera.hpp
-- Installing: /Users/j.freyer/Desktop/opencv-ios-custom/scripts/work/install-iphonesimulator-arm64/include/opencv4/opencv2/stitching/detail/exposure_compensate.hpp
-- Installing: /Users/j.freyer/Desktop/opencv-ios-custom/scripts/work/install-iphonesimulator-arm64/include/opencv4/opencv2/stitching/detail/matchers.hpp
-- Installing: /Users/j.freyer/Desktop/opencv-ios-custom/scripts/work/install-iphonesimulator-arm64/include/opencv4/opencv2/stitching/detail/motion_estimators.hpp
-- Installing: /Users/j.freyer/Desktop/opencv-ios-custom/scripts/work/install-iphonesimulator-arm64/include/opencv4/opencv2/stitching/detail/seam_finders.hpp
-- Installing: /Users/j.freyer/Desktop/opencv-ios-custom/scripts/work/install-iphonesimulator-arm64/include/opencv4/opencv2/stitching/detail/timelapsers.hpp
-- Installing: /Users/j.freyer/Desktop/opencv-ios-custom/scripts/work/install-iphonesimulator-arm64/include/opencv4/opencv2/stitching/detail/util.hpp
-- Installing: /Users/j.freyer/Desktop/opencv-ios-custom/scripts/work/install-iphonesimulator-arm64/include/opencv4/opencv2/stitching/detail/util_inl.hpp
-- Installing: /Users/j.freyer/Desktop/opencv-ios-custom/scripts/work/install-iphonesimulator-arm64/include/opencv4/opencv2/stitching/detail/warpers.hpp
-- Installing: /Users/j.freyer/Desktop/opencv-ios-custom/scripts/work/install-iphonesimulator-arm64/include/opencv4/opencv2/stitching/detail/warpers_inl.hpp
-- Installing: /Users/j.freyer/Desktop/opencv-ios-custom/scripts/work/install-iphonesimulator-arm64/include/opencv4/opencv2/stitching/warpers.hpp
-- Installing: /Users/j.freyer/Desktop/opencv-ios-custom/scripts/work/install-iphonesimulator-arm64/share/opencv4/haarcascades/haarcascade_eye.xml
-- Installing: /Users/j.freyer/Desktop/opencv-ios-custom/scripts/work/install-iphonesimulator-arm64/share/opencv4/haarcascades/haarcascade_eye_tree_eyeglasses.xml
-- Installing: /Users/j.freyer/Desktop/opencv-ios-custom/scripts/work/install-iphonesimulator-arm64/share/opencv4/haarcascades/haarcascade_frontalcatface.xml
-- Installing: /Users/j.freyer/Desktop/opencv-ios-custom/scripts/work/install-iphonesimulator-arm64/share/opencv4/haarcascades/haarcascade_frontalcatface_extended.xml
-- Installing: /Users/j.freyer/Desktop/opencv-ios-custom/scripts/work/install-iphonesimulator-arm64/share/opencv4/haarcascades/haarcascade_frontalface_alt.xml
-- Installing: /Users/j.freyer/Desktop/opencv-ios-custom/scripts/work/install-iphonesimulator-arm64/share/opencv4/haarcascades/haarcascade_frontalface_alt2.xml
-- Installing: /Users/j.freyer/Desktop/opencv-ios-custom/scripts/work/install-iphonesimulator-arm64/share/opencv4/haarcascades/haarcascade_frontalface_alt_tree.xml
-- Installing: /Users/j.freyer/Desktop/opencv-ios-custom/scripts/work/install-iphonesimulator-arm64/share/opencv4/haarcascades/haarcascade_frontalface_default.xml
-- Installing: /Users/j.freyer/Desktop/opencv-ios-custom/scripts/work/install-iphonesimulator-arm64/share/opencv4/haarcascades/haarcascade_fullbody.xml
-- Installing: /Users/j.freyer/Desktop/opencv-ios-custom/scripts/work/install-iphonesimulator-arm64/share/opencv4/haarcascades/haarcascade_lefteye_2splits.xml
-- Installing: /Users/j.freyer/Desktop/opencv-ios-custom/scripts/work/install-iphonesimulator-arm64/share/opencv4/haarcascades/haarcascade_license_plate_rus_16stages.xml
-- Installing: /Users/j.freyer/Desktop/opencv-ios-custom/scripts/work/install-iphonesimulator-arm64/share/opencv4/haarcascades/haarcascade_lowerbody.xml
-- Installing: /Users/j.freyer/Desktop/opencv-ios-custom/scripts/work/install-iphonesimulator-arm64/share/opencv4/haarcascades/haarcascade_profileface.xml
-- Installing: /Users/j.freyer/Desktop/opencv-ios-custom/scripts/work/install-iphonesimulator-arm64/share/opencv4/haarcascades/haarcascade_righteye_2splits.xml
-- Installing: /Users/j.freyer/Desktop/opencv-ios-custom/scripts/work/install-iphonesimulator-arm64/share/opencv4/haarcascades/haarcascade_russian_plate_number.xml
-- Installing: /Users/j.freyer/Desktop/opencv-ios-custom/scripts/work/install-iphonesimulator-arm64/share/opencv4/haarcascades/haarcascade_smile.xml
-- Installing: /Users/j.freyer/Desktop/opencv-ios-custom/scripts/work/install-iphonesimulator-arm64/share/opencv4/haarcascades/haarcascade_upperbody.xml
-- Installing: /Users/j.freyer/Desktop/opencv-ios-custom/scripts/work/install-iphonesimulator-arm64/share/opencv4/lbpcascades/lbpcascade_frontalcatface.xml
-- Installing: /Users/j.freyer/Desktop/opencv-ios-custom/scripts/work/install-iphonesimulator-arm64/share/opencv4/lbpcascades/lbpcascade_frontalface.xml
-- Installing: /Users/j.freyer/Desktop/opencv-ios-custom/scripts/work/install-iphonesimulator-arm64/share/opencv4/lbpcascades/lbpcascade_frontalface_improved.xml
-- Installing: /Users/j.freyer/Desktop/opencv-ios-custom/scripts/work/install-iphonesimulator-arm64/share/opencv4/lbpcascades/lbpcascade_profileface.xml
-- Installing: /Users/j.freyer/Desktop/opencv-ios-custom/scripts/work/install-iphonesimulator-arm64/share/opencv4/lbpcascades/lbpcascade_silverware.xml
